#
# A fatal error has been detected by the Java Runtime Environment:
#
#  EXCEPTION_ACCESS_VIOLATION (0xc0000005) at pc=0x0000000068a58fa0, pid=5228, tid=7284
#
# JRE version: Java(TM) SE Runtime Environment (12.0.1+12) (build 12.0.1+12)
# Java VM: Java HotSpot(TM) 64-Bit Server VM (12.0.1+12, mixed mode, sharing, tiered, compressed oops, g1 gc, windows-amd64)
# Problematic frame:
# C  [libtesseract-3.dll+0x58fa0]
#
# No core dump will be written. Minidumps are not enabled by default on client versions of Windows
#
# If you would like to submit a bug report, please visit:
#   http://bugreport.java.com/bugreport/crash.jsp
# The crash happened outside the Java Virtual Machine in native code.
# See problematic frame for where to report the bug.
#

---------------  S U M M A R Y ------------

Command Line: -javaagent:E:\Program Files\JetBrains\IntelliJ IDEA Community Edition 2019.1.3\lib\idea_rt.jar=50862:E:\Program Files\JetBrains\IntelliJ IDEA Community Edition 2019.1.3\bin -Dfile.encoding=UTF-8 ReceiptParserImplTest

Host: Intel(R) Core(TM) i7-8750H CPU @ 2.20GHz, 12 cores, 15G,  Windows 10 , 64 bit Build 17134 (10.0.17134.753)
Time: Sat Jun  8 19:01:35 2019 Pacific Daylight Time elapsed time: 1 seconds (0d 0h 0m 1s)

---------------  T H R E A D  ---------------

Current thread (0x000001bff92a9800):  JavaThread "main" [_thread_in_native, id=7284, stack(0x0000006fb8100000,0x0000006fb8200000)]

Stack: [0x0000006fb8100000,0x0000006fb8200000],  sp=0x0000006fb81ff030,  free space=1020k
Native frames: (J=compiled Java code, j=interpreted, Vv=VM code, C=native code)
C  [libtesseract-3.dll+0x58fa0]

Java frames: (J=compiled Java code, j=interpreted, Vv=VM code)
j  org.bytedeco.javacpp.tesseract$TessBaseAPI.SetImage(Ljava/nio/ByteBuffer;IIII)V+0
j  jocr.src.main.java.ReceiptParserImpl.readReceipt(Lorg/bytedeco/javacpp/opencv_core$IplImage;)Ljava/lang/String;+135
j  ReceiptParserImplTest.main([Ljava/lang/String;)V+132
v  ~StubRoutines::call_stub

siginfo: EXCEPTION_ACCESS_VIOLATION (0xc0000005), reading address 0x000001bfa2e53000


Register to memory mapping:

RIP=0x0000000068a58fa0 libtesseract-3.dll
RAX=0x0 is NULL
RBX=0x000001bfa2e524e8 points into unknown readable memory: 6e 5f 5c 63 76 88 ad ca
RCX=0x0000000000000e78 is an unknown value
RDX=0x0 is NULL
RSP=0x0000006fb81ff030 is pointing into the stack for thread: 0x000001bff92a9800
RBP=0x000000000000039e is an unknown value
RSI=0x000001bfa6e6a4d8 points into unknown readable memory: 63 5c 5f 6e ca ad 88 76
RDI=0x000001bfa49d3f80 points into unknown readable memory: d0 a7 c4 68 00 00 00 00
R8 =0x00000000000001fd is an unknown value
R9 =0x0000000000000e78 is an unknown value
R10=0x00000000000002c6 is an unknown value
R11=0x0000000000000246 is an unknown value
R12=0x00000000000007f2 is an unknown value
R13=0x0000000000000020 is an unknown value
R14=0x0000000000000004 is an unknown value
R15=0x0000000000000e78 is an unknown value


Registers:
RAX=0x0000000000000000, RBX=0x000001bfa2e524e8, RCX=0x0000000000000e78, RDX=0x0000000000000000
RSP=0x0000006fb81ff030, RBP=0x000000000000039e, RSI=0x000001bfa6e6a4d8, RDI=0x000001bfa49d3f80
R8 =0x00000000000001fd, R9 =0x0000000000000e78, R10=0x00000000000002c6, R11=0x0000000000000246
R12=0x00000000000007f2, R13=0x0000000000000020, R14=0x0000000000000004, R15=0x0000000000000e78
RIP=0x0000000068a58fa0, EFLAGS=0x0000000000010206

Top of Stack: (sp=0x0000006fb81ff030)
0x0000006fb81ff030:   000001bfa49d3e40 00000000000007f2
0x0000006fb81ff040:   000001bf00000020 000001bff92a9800
0x0000006fb81ff050:   0000000000000000 000001bfa49d3e40
0x0000006fb81ff060:   000001bff92a9b30 000001bfa2c86050
0x0000006fb81ff070:   0000000000000000 0000006fb81ff210
0x0000006fb81ff080:   000000000000039e 00000000000007f2
0x0000006fb81ff090:   0000000000000004 000000006a90b2a9
0x0000006fb81ff0a0:   000001bff92a9b30 0000006fb81ff210
0x0000006fb81ff0b0:   000001bfa1494690 0000006fb81ff218
0x0000006fb81ff0c0:   0000006f00000004 0000000000000e78
0x0000006fb81ff0d0:   00000000000006d8 000001bfa1494690
0x0000006fb81ff0e0:   000001bf9d8732e8 000001bf9d8732e8
0x0000006fb81ff0f0:   00000000000006d8 000001bf88339880
0x0000006fb81ff100:   0000006fb81ff1d0 0000000000000000
0x0000006fb81ff110:   000001bf9d8732e0 0000006fb81ff218
0x0000006fb81ff120:   000001bff92a9800 000001bf8833f0f7 

Instructions: (pc=0x0000000068a58fa0)
0x0000000068a58f80:   48 8d 0c 85 00 00 00 00 0f 1f 84 00 00 00 00 00
0x0000000068a58f90:   45 31 d2 85 ed 7e 3e 66 0f 1f 84 00 00 00 00 00
0x0000000068a58fa0:   42 0f b6 04 93 c1 e0 18 89 c2 42 0f b6 44 93 01
0x0000000068a58fb0:   c1 e0 10 09 d0 42 0f b6 54 93 03 09 d0 42 0f b6 


Stack slot to memory mapping:
stack at sp + 0 slots: 0x000001bfa49d3e40 points into unknown readable memory: 9e 03 00 00 f2 07 00 00
stack at sp + 1 slots: 0x00000000000007f2 is an unknown value
stack at sp + 2 slots: 0x000001bf00000020 is an unknown value
stack at sp + 3 slots: 0x000001bff92a9800 is a thread
stack at sp + 4 slots: 0x0 is NULL
stack at sp + 5 slots: 0x000001bfa49d3e40 points into unknown readable memory: 9e 03 00 00 f2 07 00 00
stack at sp + 6 slots: 0x000001bff92a9b30 points into unknown readable memory: e0 1d b7 71 fe 7f 00 00
stack at sp + 7 slots: 0x000001bfa2c86050 points into unknown readable memory: e6 e1 e3 db d8 bc ab b0


---------------  P R O C E S S  ---------------

Threads class SMR info:
_java_thread_list=0x000001bfa2e70300, length=12, elements={
0x000001bff92a9800, 0x000001bf9db3e000, 0x000001bf9db42000, 0x000001bf9db59000,
0x000001bf9db5a000, 0x000001bf9db5d000, 0x000001bf9db68800, 0x000001bf9db6a800,
0x000001bf9dc90000, 0x000001bf9df0a800, 0x000001bf9df64800, 0x000001bfa2efa000
}

Java Threads: ( => current thread )
=>0x000001bff92a9800 JavaThread "main" [_thread_in_native, id=7284, stack(0x0000006fb8100000,0x0000006fb8200000)]
  0x000001bf9db3e000 JavaThread "Reference Handler" daemon [_thread_blocked, id=3648, stack(0x0000006fb8800000,0x0000006fb8900000)]
  0x000001bf9db42000 JavaThread "Finalizer" daemon [_thread_blocked, id=14108, stack(0x0000006fb8900000,0x0000006fb8a00000)]
  0x000001bf9db59000 JavaThread "Signal Dispatcher" daemon [_thread_blocked, id=15252, stack(0x0000006fb8a00000,0x0000006fb8b00000)]
  0x000001bf9db5a000 JavaThread "Attach Listener" daemon [_thread_blocked, id=2256, stack(0x0000006fb8b00000,0x0000006fb8c00000)]
  0x000001bf9db5d000 JavaThread "C2 CompilerThread0" daemon [_thread_blocked, id=12008, stack(0x0000006fb8c00000,0x0000006fb8d00000)]
  0x000001bf9db68800 JavaThread "C1 CompilerThread0" daemon [_thread_blocked, id=17384, stack(0x0000006fb8d00000,0x0000006fb8e00000)]
  0x000001bf9db6a800 JavaThread "Sweeper thread" daemon [_thread_blocked, id=4268, stack(0x0000006fb8e00000,0x0000006fb8f00000)]
  0x000001bf9dc90000 JavaThread "Common-Cleaner" daemon [_thread_blocked, id=14916, stack(0x0000006fb8f00000,0x0000006fb9000000)]
  0x000001bf9df0a800 JavaThread "Monitor Ctrl-Break" daemon [_thread_in_native, id=10776, stack(0x0000006fb9100000,0x0000006fb9200000)]
  0x000001bf9df64800 JavaThread "Service Thread" daemon [_thread_blocked, id=2216, stack(0x0000006fb9200000,0x0000006fb9300000)]
  0x000001bfa2efa000 JavaThread "C2 CompilerThread1" daemon [_thread_blocked, id=2752, stack(0x0000006fba000000,0x0000006fba100000)]

Other Threads:
  0x000001bf9db3c800 VMThread "VM Thread" [stack: 0x0000006fb8700000,0x0000006fb8800000] [id=9628]
  0x000001bf9df65800 WatcherThread [stack: 0x0000006fb9300000,0x0000006fb9400000] [id=1152]
  0x000001bff9310000 GCTaskThread "GC Thread#0" [stack: 0x0000006fb8200000,0x0000006fb8300000] [id=2892]
  0x000001bfa321e000 GCTaskThread "GC Thread#1" [stack: 0x0000006fba100000,0x0000006fba200000] [id=7052]
  0x000001bfa30ce800 GCTaskThread "GC Thread#2" [stack: 0x0000006fba200000,0x0000006fba300000] [id=9476]
  0x000001bfa30cf000 GCTaskThread "GC Thread#3" [stack: 0x0000006fba300000,0x0000006fba400000] [id=16476]
  0x000001bfa2ec6800 GCTaskThread "GC Thread#4" [stack: 0x0000006fba400000,0x0000006fba500000] [id=7964]
  0x000001bfa2ec7000 GCTaskThread "GC Thread#5" [stack: 0x0000006fba500000,0x0000006fba600000] [id=11328]
  0x000001bff9329800 ConcurrentGCThread "G1 Main Marker" [stack: 0x0000006fb8300000,0x0000006fb8400000] [id=9160]
  0x000001bff932c800 ConcurrentGCThread "G1 Conc#0" [stack: 0x0000006fb8400000,0x0000006fb8500000] [id=2188]
  0x000001bfff784800 ConcurrentGCThread "G1 Refine#0" [stack: 0x0000006fb8500000,0x0000006fb8600000] [id=18176]
  0x000001bfff785800 ConcurrentGCThread "G1 Young RemSet Sampling" [stack: 0x0000006fb8600000,0x0000006fb8700000] [id=1372]

Threads with active compile tasks:

VM state:not at safepoint (normal execution)

VM Mutex/Monitor currently owned by a thread: None

Heap address: 0x0000000702200000, size: 4062 MB, Compressed Oops mode: Zero based, Oop shift amount: 3
Narrow klass base: 0x0000000800000000, Narrow klass shift: 3
Compressed class space size: 1073741824 Address: 0x00000008011a0000

Heap:
 garbage-first heap   total 260096K, used 3082K [0x0000000702200000, 0x0000000800000000)
  region size 1024K, 5 young (5120K), 3 survivors (3072K)
 Metaspace       used 5797K, capacity 8368K, committed 8448K, reserved 1056768K
  class space    used 455K, capacity 720K, committed 768K, reserved 1048576K
Heap Regions: E=young(eden), S=young(survivor), O=old, HS=humongous(starts), HC=humongous(continues), CS=collection set, F=free, A=archive, TAMS=top-at-mark-start (previous, next)
|   0|0x0000000702200000, 0x0000000702200000, 0x0000000702300000|  0%| F|  |TAMS 0x0000000702200000, 0x0000000702200000| Untracked 
|   1|0x0000000702300000, 0x0000000702300000, 0x0000000702400000|  0%| F|  |TAMS 0x0000000702300000, 0x0000000702300000| Untracked 
|   2|0x0000000702400000, 0x0000000702400000, 0x0000000702500000|  0%| F|  |TAMS 0x0000000702400000, 0x0000000702400000| Untracked 
|   3|0x0000000702500000, 0x0000000702500000, 0x0000000702600000|  0%| F|  |TAMS 0x0000000702500000, 0x0000000702500000| Untracked 
|   4|0x0000000702600000, 0x0000000702600000, 0x0000000702700000|  0%| F|  |TAMS 0x0000000702600000, 0x0000000702600000| Untracked 
|   5|0x0000000702700000, 0x0000000702700000, 0x0000000702800000|  0%| F|  |TAMS 0x0000000702700000, 0x0000000702700000| Untracked 
|   6|0x0000000702800000, 0x0000000702800000, 0x0000000702900000|  0%| F|  |TAMS 0x0000000702800000, 0x0000000702800000| Untracked 
|   7|0x0000000702900000, 0x0000000702900000, 0x0000000702a00000|  0%| F|  |TAMS 0x0000000702900000, 0x0000000702900000| Untracked 
|   8|0x0000000702a00000, 0x0000000702a00000, 0x0000000702b00000|  0%| F|  |TAMS 0x0000000702a00000, 0x0000000702a00000| Untracked 
|   9|0x0000000702b00000, 0x0000000702b00000, 0x0000000702c00000|  0%| F|  |TAMS 0x0000000702b00000, 0x0000000702b00000| Untracked 
|  10|0x0000000702c00000, 0x0000000702c00000, 0x0000000702d00000|  0%| F|  |TAMS 0x0000000702c00000, 0x0000000702c00000| Untracked 
|  11|0x0000000702d00000, 0x0000000702d00000, 0x0000000702e00000|  0%| F|  |TAMS 0x0000000702d00000, 0x0000000702d00000| Untracked 
|  12|0x0000000702e00000, 0x0000000702e00000, 0x0000000702f00000|  0%| F|  |TAMS 0x0000000702e00000, 0x0000000702e00000| Untracked 
|  13|0x0000000702f00000, 0x0000000702f00000, 0x0000000703000000|  0%| F|  |TAMS 0x0000000702f00000, 0x0000000702f00000| Untracked 
|  14|0x0000000703000000, 0x0000000703000000, 0x0000000703100000|  0%| F|  |TAMS 0x0000000703000000, 0x0000000703000000| Untracked 
|  15|0x0000000703100000, 0x0000000703100000, 0x0000000703200000|  0%| F|  |TAMS 0x0000000703100000, 0x0000000703100000| Untracked 
|  16|0x0000000703200000, 0x0000000703200000, 0x0000000703300000|  0%| F|  |TAMS 0x0000000703200000, 0x0000000703200000| Untracked 
|  17|0x0000000703300000, 0x0000000703300000, 0x0000000703400000|  0%| F|  |TAMS 0x0000000703300000, 0x0000000703300000| Untracked 
|  18|0x0000000703400000, 0x0000000703400000, 0x0000000703500000|  0%| F|  |TAMS 0x0000000703400000, 0x0000000703400000| Untracked 
|  19|0x0000000703500000, 0x0000000703500000, 0x0000000703600000|  0%| F|  |TAMS 0x0000000703500000, 0x0000000703500000| Untracked 
|  20|0x0000000703600000, 0x0000000703600000, 0x0000000703700000|  0%| F|  |TAMS 0x0000000703600000, 0x0000000703600000| Untracked 
|  21|0x0000000703700000, 0x0000000703700000, 0x0000000703800000|  0%| F|  |TAMS 0x0000000703700000, 0x0000000703700000| Untracked 
|  22|0x0000000703800000, 0x0000000703800000, 0x0000000703900000|  0%| F|  |TAMS 0x0000000703800000, 0x0000000703800000| Untracked 
|  23|0x0000000703900000, 0x0000000703900000, 0x0000000703a00000|  0%| F|  |TAMS 0x0000000703900000, 0x0000000703900000| Untracked 
|  24|0x0000000703a00000, 0x0000000703a00000, 0x0000000703b00000|  0%| F|  |TAMS 0x0000000703a00000, 0x0000000703a00000| Untracked 
|  25|0x0000000703b00000, 0x0000000703b00000, 0x0000000703c00000|  0%| F|  |TAMS 0x0000000703b00000, 0x0000000703b00000| Untracked 
|  26|0x0000000703c00000, 0x0000000703c00000, 0x0000000703d00000|  0%| F|  |TAMS 0x0000000703c00000, 0x0000000703c00000| Untracked 
|  27|0x0000000703d00000, 0x0000000703d00000, 0x0000000703e00000|  0%| F|  |TAMS 0x0000000703d00000, 0x0000000703d00000| Untracked 
|  28|0x0000000703e00000, 0x0000000703e00000, 0x0000000703f00000|  0%| F|  |TAMS 0x0000000703e00000, 0x0000000703e00000| Untracked 
|  29|0x0000000703f00000, 0x0000000703f00000, 0x0000000704000000|  0%| F|  |TAMS 0x0000000703f00000, 0x0000000703f00000| Untracked 
|  30|0x0000000704000000, 0x0000000704000000, 0x0000000704100000|  0%| F|  |TAMS 0x0000000704000000, 0x0000000704000000| Untracked 
|  31|0x0000000704100000, 0x0000000704100000, 0x0000000704200000|  0%| F|  |TAMS 0x0000000704100000, 0x0000000704100000| Untracked 
|  32|0x0000000704200000, 0x0000000704200000, 0x0000000704300000|  0%| F|  |TAMS 0x0000000704200000, 0x0000000704200000| Untracked 
|  33|0x0000000704300000, 0x0000000704300000, 0x0000000704400000|  0%| F|  |TAMS 0x0000000704300000, 0x0000000704300000| Untracked 
|  34|0x0000000704400000, 0x0000000704400000, 0x0000000704500000|  0%| F|  |TAMS 0x0000000704400000, 0x0000000704400000| Untracked 
|  35|0x0000000704500000, 0x0000000704500000, 0x0000000704600000|  0%| F|  |TAMS 0x0000000704500000, 0x0000000704500000| Untracked 
|  36|0x0000000704600000, 0x0000000704600000, 0x0000000704700000|  0%| F|  |TAMS 0x0000000704600000, 0x0000000704600000| Untracked 
|  37|0x0000000704700000, 0x0000000704700000, 0x0000000704800000|  0%| F|  |TAMS 0x0000000704700000, 0x0000000704700000| Untracked 
|  38|0x0000000704800000, 0x0000000704800000, 0x0000000704900000|  0%| F|  |TAMS 0x0000000704800000, 0x0000000704800000| Untracked 
|  39|0x0000000704900000, 0x0000000704900000, 0x0000000704a00000|  0%| F|  |TAMS 0x0000000704900000, 0x0000000704900000| Untracked 
|  40|0x0000000704a00000, 0x0000000704a00000, 0x0000000704b00000|  0%| F|  |TAMS 0x0000000704a00000, 0x0000000704a00000| Untracked 
|  41|0x0000000704b00000, 0x0000000704b00000, 0x0000000704c00000|  0%| F|  |TAMS 0x0000000704b00000, 0x0000000704b00000| Untracked 
|  42|0x0000000704c00000, 0x0000000704c00000, 0x0000000704d00000|  0%| F|  |TAMS 0x0000000704c00000, 0x0000000704c00000| Untracked 
|  43|0x0000000704d00000, 0x0000000704d00000, 0x0000000704e00000|  0%| F|  |TAMS 0x0000000704d00000, 0x0000000704d00000| Untracked 
|  44|0x0000000704e00000, 0x0000000704e00000, 0x0000000704f00000|  0%| F|  |TAMS 0x0000000704e00000, 0x0000000704e00000| Untracked 
|  45|0x0000000704f00000, 0x0000000704f00000, 0x0000000705000000|  0%| F|  |TAMS 0x0000000704f00000, 0x0000000704f00000| Untracked 
|  46|0x0000000705000000, 0x0000000705000000, 0x0000000705100000|  0%| F|  |TAMS 0x0000000705000000, 0x0000000705000000| Untracked 
|  47|0x0000000705100000, 0x0000000705100000, 0x0000000705200000|  0%| F|  |TAMS 0x0000000705100000, 0x0000000705100000| Untracked 
|  48|0x0000000705200000, 0x0000000705200000, 0x0000000705300000|  0%| F|  |TAMS 0x0000000705200000, 0x0000000705200000| Untracked 
|  49|0x0000000705300000, 0x0000000705300000, 0x0000000705400000|  0%| F|  |TAMS 0x0000000705300000, 0x0000000705300000| Untracked 
|  50|0x0000000705400000, 0x0000000705400000, 0x0000000705500000|  0%| F|  |TAMS 0x0000000705400000, 0x0000000705400000| Untracked 
|  51|0x0000000705500000, 0x0000000705500000, 0x0000000705600000|  0%| F|  |TAMS 0x0000000705500000, 0x0000000705500000| Untracked 
|  52|0x0000000705600000, 0x0000000705600000, 0x0000000705700000|  0%| F|  |TAMS 0x0000000705600000, 0x0000000705600000| Untracked 
|  53|0x0000000705700000, 0x0000000705700000, 0x0000000705800000|  0%| F|  |TAMS 0x0000000705700000, 0x0000000705700000| Untracked 
|  54|0x0000000705800000, 0x0000000705800000, 0x0000000705900000|  0%| F|  |TAMS 0x0000000705800000, 0x0000000705800000| Untracked 
|  55|0x0000000705900000, 0x0000000705900000, 0x0000000705a00000|  0%| F|  |TAMS 0x0000000705900000, 0x0000000705900000| Untracked 
|  56|0x0000000705a00000, 0x0000000705a00000, 0x0000000705b00000|  0%| F|  |TAMS 0x0000000705a00000, 0x0000000705a00000| Untracked 
|  57|0x0000000705b00000, 0x0000000705b00000, 0x0000000705c00000|  0%| F|  |TAMS 0x0000000705b00000, 0x0000000705b00000| Untracked 
|  58|0x0000000705c00000, 0x0000000705c00000, 0x0000000705d00000|  0%| F|  |TAMS 0x0000000705c00000, 0x0000000705c00000| Untracked 
|  59|0x0000000705d00000, 0x0000000705d00000, 0x0000000705e00000|  0%| F|  |TAMS 0x0000000705d00000, 0x0000000705d00000| Untracked 
|  60|0x0000000705e00000, 0x0000000705e00000, 0x0000000705f00000|  0%| F|  |TAMS 0x0000000705e00000, 0x0000000705e00000| Untracked 
|  61|0x0000000705f00000, 0x0000000705f00000, 0x0000000706000000|  0%| F|  |TAMS 0x0000000705f00000, 0x0000000705f00000| Untracked 
|  62|0x0000000706000000, 0x0000000706000000, 0x0000000706100000|  0%| F|  |TAMS 0x0000000706000000, 0x0000000706000000| Untracked 
|  63|0x0000000706100000, 0x0000000706100000, 0x0000000706200000|  0%| F|  |TAMS 0x0000000706100000, 0x0000000706100000| Untracked 
|  64|0x0000000706200000, 0x0000000706200000, 0x0000000706300000|  0%| F|  |TAMS 0x0000000706200000, 0x0000000706200000| Untracked 
|  65|0x0000000706300000, 0x0000000706300000, 0x0000000706400000|  0%| F|  |TAMS 0x0000000706300000, 0x0000000706300000| Untracked 
|  66|0x0000000706400000, 0x0000000706400000, 0x0000000706500000|  0%| F|  |TAMS 0x0000000706400000, 0x0000000706400000| Untracked 
|  67|0x0000000706500000, 0x0000000706500000, 0x0000000706600000|  0%| F|  |TAMS 0x0000000706500000, 0x0000000706500000| Untracked 
|  68|0x0000000706600000, 0x0000000706600000, 0x0000000706700000|  0%| F|  |TAMS 0x0000000706600000, 0x0000000706600000| Untracked 
|  69|0x0000000706700000, 0x0000000706700000, 0x0000000706800000|  0%| F|  |TAMS 0x0000000706700000, 0x0000000706700000| Untracked 
|  70|0x0000000706800000, 0x0000000706800000, 0x0000000706900000|  0%| F|  |TAMS 0x0000000706800000, 0x0000000706800000| Untracked 
|  71|0x0000000706900000, 0x0000000706900000, 0x0000000706a00000|  0%| F|  |TAMS 0x0000000706900000, 0x0000000706900000| Untracked 
|  72|0x0000000706a00000, 0x0000000706a00000, 0x0000000706b00000|  0%| F|  |TAMS 0x0000000706a00000, 0x0000000706a00000| Untracked 
|  73|0x0000000706b00000, 0x0000000706b00000, 0x0000000706c00000|  0%| F|  |TAMS 0x0000000706b00000, 0x0000000706b00000| Untracked 
|  74|0x0000000706c00000, 0x0000000706c00000, 0x0000000706d00000|  0%| F|  |TAMS 0x0000000706c00000, 0x0000000706c00000| Untracked 
|  75|0x0000000706d00000, 0x0000000706d00000, 0x0000000706e00000|  0%| F|  |TAMS 0x0000000706d00000, 0x0000000706d00000| Untracked 
|  76|0x0000000706e00000, 0x0000000706e00000, 0x0000000706f00000|  0%| F|  |TAMS 0x0000000706e00000, 0x0000000706e00000| Untracked 
|  77|0x0000000706f00000, 0x0000000706f00000, 0x0000000707000000|  0%| F|  |TAMS 0x0000000706f00000, 0x0000000706f00000| Untracked 
|  78|0x0000000707000000, 0x0000000707000000, 0x0000000707100000|  0%| F|  |TAMS 0x0000000707000000, 0x0000000707000000| Untracked 
|  79|0x0000000707100000, 0x0000000707100000, 0x0000000707200000|  0%| F|  |TAMS 0x0000000707100000, 0x0000000707100000| Untracked 
|  80|0x0000000707200000, 0x0000000707200000, 0x0000000707300000|  0%| F|  |TAMS 0x0000000707200000, 0x0000000707200000| Untracked 
|  81|0x0000000707300000, 0x0000000707300000, 0x0000000707400000|  0%| F|  |TAMS 0x0000000707300000, 0x0000000707300000| Untracked 
|  82|0x0000000707400000, 0x0000000707400000, 0x0000000707500000|  0%| F|  |TAMS 0x0000000707400000, 0x0000000707400000| Untracked 
|  83|0x0000000707500000, 0x0000000707500000, 0x0000000707600000|  0%| F|  |TAMS 0x0000000707500000, 0x0000000707500000| Untracked 
|  84|0x0000000707600000, 0x0000000707600000, 0x0000000707700000|  0%| F|  |TAMS 0x0000000707600000, 0x0000000707600000| Untracked 
|  85|0x0000000707700000, 0x0000000707700000, 0x0000000707800000|  0%| F|  |TAMS 0x0000000707700000, 0x0000000707700000| Untracked 
|  86|0x0000000707800000, 0x0000000707800000, 0x0000000707900000|  0%| F|  |TAMS 0x0000000707800000, 0x0000000707800000| Untracked 
|  87|0x0000000707900000, 0x0000000707900000, 0x0000000707a00000|  0%| F|  |TAMS 0x0000000707900000, 0x0000000707900000| Untracked 
|  88|0x0000000707a00000, 0x0000000707a00000, 0x0000000707b00000|  0%| F|  |TAMS 0x0000000707a00000, 0x0000000707a00000| Untracked 
|  89|0x0000000707b00000, 0x0000000707b00000, 0x0000000707c00000|  0%| F|  |TAMS 0x0000000707b00000, 0x0000000707b00000| Untracked 
|  90|0x0000000707c00000, 0x0000000707c00000, 0x0000000707d00000|  0%| F|  |TAMS 0x0000000707c00000, 0x0000000707c00000| Untracked 
|  91|0x0000000707d00000, 0x0000000707d00000, 0x0000000707e00000|  0%| F|  |TAMS 0x0000000707d00000, 0x0000000707d00000| Untracked 
|  92|0x0000000707e00000, 0x0000000707e00000, 0x0000000707f00000|  0%| F|  |TAMS 0x0000000707e00000, 0x0000000707e00000| Untracked 
|  93|0x0000000707f00000, 0x0000000707f00000, 0x0000000708000000|  0%| F|  |TAMS 0x0000000707f00000, 0x0000000707f00000| Untracked 
|  94|0x0000000708000000, 0x0000000708000000, 0x0000000708100000|  0%| F|  |TAMS 0x0000000708000000, 0x0000000708000000| Untracked 
|  95|0x0000000708100000, 0x0000000708100000, 0x0000000708200000|  0%| F|  |TAMS 0x0000000708100000, 0x0000000708100000| Untracked 
|  96|0x0000000708200000, 0x0000000708200000, 0x0000000708300000|  0%| F|  |TAMS 0x0000000708200000, 0x0000000708200000| Untracked 
|  97|0x0000000708300000, 0x0000000708300000, 0x0000000708400000|  0%| F|  |TAMS 0x0000000708300000, 0x0000000708300000| Untracked 
|  98|0x0000000708400000, 0x0000000708400000, 0x0000000708500000|  0%| F|  |TAMS 0x0000000708400000, 0x0000000708400000| Untracked 
|  99|0x0000000708500000, 0x0000000708500000, 0x0000000708600000|  0%| F|  |TAMS 0x0000000708500000, 0x0000000708500000| Untracked 
| 100|0x0000000708600000, 0x0000000708600000, 0x0000000708700000|  0%| F|  |TAMS 0x0000000708600000, 0x0000000708600000| Untracked 
| 101|0x0000000708700000, 0x0000000708700000, 0x0000000708800000|  0%| F|  |TAMS 0x0000000708700000, 0x0000000708700000| Untracked 
| 102|0x0000000708800000, 0x0000000708800000, 0x0000000708900000|  0%| F|  |TAMS 0x0000000708800000, 0x0000000708800000| Untracked 
| 103|0x0000000708900000, 0x0000000708900000, 0x0000000708a00000|  0%| F|  |TAMS 0x0000000708900000, 0x0000000708900000| Untracked 
| 104|0x0000000708a00000, 0x0000000708a00000, 0x0000000708b00000|  0%| F|  |TAMS 0x0000000708a00000, 0x0000000708a00000| Untracked 
| 105|0x0000000708b00000, 0x0000000708b00000, 0x0000000708c00000|  0%| F|  |TAMS 0x0000000708b00000, 0x0000000708b00000| Untracked 
| 106|0x0000000708c00000, 0x0000000708c00000, 0x0000000708d00000|  0%| F|  |TAMS 0x0000000708c00000, 0x0000000708c00000| Untracked 
| 107|0x0000000708d00000, 0x0000000708d00000, 0x0000000708e00000|  0%| F|  |TAMS 0x0000000708d00000, 0x0000000708d00000| Untracked 
| 108|0x0000000708e00000, 0x0000000708e00000, 0x0000000708f00000|  0%| F|  |TAMS 0x0000000708e00000, 0x0000000708e00000| Untracked 
| 109|0x0000000708f00000, 0x0000000708f00000, 0x0000000709000000|  0%| F|  |TAMS 0x0000000708f00000, 0x0000000708f00000| Untracked 
| 110|0x0000000709000000, 0x0000000709000000, 0x0000000709100000|  0%| F|  |TAMS 0x0000000709000000, 0x0000000709000000| Untracked 
| 111|0x0000000709100000, 0x0000000709100000, 0x0000000709200000|  0%| F|  |TAMS 0x0000000709100000, 0x0000000709100000| Untracked 
| 112|0x0000000709200000, 0x0000000709200000, 0x0000000709300000|  0%| F|  |TAMS 0x0000000709200000, 0x0000000709200000| Untracked 
| 113|0x0000000709300000, 0x0000000709300000, 0x0000000709400000|  0%| F|  |TAMS 0x0000000709300000, 0x0000000709300000| Untracked 
| 114|0x0000000709400000, 0x0000000709400000, 0x0000000709500000|  0%| F|  |TAMS 0x0000000709400000, 0x0000000709400000| Untracked 
| 115|0x0000000709500000, 0x0000000709500000, 0x0000000709600000|  0%| F|  |TAMS 0x0000000709500000, 0x0000000709500000| Untracked 
| 116|0x0000000709600000, 0x0000000709600000, 0x0000000709700000|  0%| F|  |TAMS 0x0000000709600000, 0x0000000709600000| Untracked 
| 117|0x0000000709700000, 0x0000000709700000, 0x0000000709800000|  0%| F|  |TAMS 0x0000000709700000, 0x0000000709700000| Untracked 
| 118|0x0000000709800000, 0x0000000709800000, 0x0000000709900000|  0%| F|  |TAMS 0x0000000709800000, 0x0000000709800000| Untracked 
| 119|0x0000000709900000, 0x0000000709900000, 0x0000000709a00000|  0%| F|  |TAMS 0x0000000709900000, 0x0000000709900000| Untracked 
| 120|0x0000000709a00000, 0x0000000709a00000, 0x0000000709b00000|  0%| F|  |TAMS 0x0000000709a00000, 0x0000000709a00000| Untracked 
| 121|0x0000000709b00000, 0x0000000709b00000, 0x0000000709c00000|  0%| F|  |TAMS 0x0000000709b00000, 0x0000000709b00000| Untracked 
| 122|0x0000000709c00000, 0x0000000709c00000, 0x0000000709d00000|  0%| F|  |TAMS 0x0000000709c00000, 0x0000000709c00000| Untracked 
| 123|0x0000000709d00000, 0x0000000709d00000, 0x0000000709e00000|  0%| F|  |TAMS 0x0000000709d00000, 0x0000000709d00000| Untracked 
| 124|0x0000000709e00000, 0x0000000709e00000, 0x0000000709f00000|  0%| F|  |TAMS 0x0000000709e00000, 0x0000000709e00000| Untracked 
| 125|0x0000000709f00000, 0x0000000709f00000, 0x000000070a000000|  0%| F|  |TAMS 0x0000000709f00000, 0x0000000709f00000| Untracked 
| 126|0x000000070a000000, 0x000000070a000000, 0x000000070a100000|  0%| F|  |TAMS 0x000000070a000000, 0x000000070a000000| Untracked 
| 127|0x000000070a100000, 0x000000070a100000, 0x000000070a200000|  0%| F|  |TAMS 0x000000070a100000, 0x000000070a100000| Untracked 
| 128|0x000000070a200000, 0x000000070a200000, 0x000000070a300000|  0%| F|  |TAMS 0x000000070a200000, 0x000000070a200000| Untracked 
| 129|0x000000070a300000, 0x000000070a300000, 0x000000070a400000|  0%| F|  |TAMS 0x000000070a300000, 0x000000070a300000| Untracked 
| 130|0x000000070a400000, 0x000000070a400000, 0x000000070a500000|  0%| F|  |TAMS 0x000000070a400000, 0x000000070a400000| Untracked 
| 131|0x000000070a500000, 0x000000070a500000, 0x000000070a600000|  0%| F|  |TAMS 0x000000070a500000, 0x000000070a500000| Untracked 
| 132|0x000000070a600000, 0x000000070a600000, 0x000000070a700000|  0%| F|  |TAMS 0x000000070a600000, 0x000000070a600000| Untracked 
| 133|0x000000070a700000, 0x000000070a700000, 0x000000070a800000|  0%| F|  |TAMS 0x000000070a700000, 0x000000070a700000| Untracked 
| 134|0x000000070a800000, 0x000000070a800000, 0x000000070a900000|  0%| F|  |TAMS 0x000000070a800000, 0x000000070a800000| Untracked 
| 135|0x000000070a900000, 0x000000070a900000, 0x000000070aa00000|  0%| F|  |TAMS 0x000000070a900000, 0x000000070a900000| Untracked 
| 136|0x000000070aa00000, 0x000000070aa00000, 0x000000070ab00000|  0%| F|  |TAMS 0x000000070aa00000, 0x000000070aa00000| Untracked 
| 137|0x000000070ab00000, 0x000000070ab00000, 0x000000070ac00000|  0%| F|  |TAMS 0x000000070ab00000, 0x000000070ab00000| Untracked 
| 138|0x000000070ac00000, 0x000000070ac00000, 0x000000070ad00000|  0%| F|  |TAMS 0x000000070ac00000, 0x000000070ac00000| Untracked 
| 139|0x000000070ad00000, 0x000000070ad00000, 0x000000070ae00000|  0%| F|  |TAMS 0x000000070ad00000, 0x000000070ad00000| Untracked 
| 140|0x000000070ae00000, 0x000000070ae00000, 0x000000070af00000|  0%| F|  |TAMS 0x000000070ae00000, 0x000000070ae00000| Untracked 
| 141|0x000000070af00000, 0x000000070af00000, 0x000000070b000000|  0%| F|  |TAMS 0x000000070af00000, 0x000000070af00000| Untracked 
| 142|0x000000070b000000, 0x000000070b000000, 0x000000070b100000|  0%| F|  |TAMS 0x000000070b000000, 0x000000070b000000| Untracked 
| 143|0x000000070b100000, 0x000000070b100000, 0x000000070b200000|  0%| F|  |TAMS 0x000000070b100000, 0x000000070b100000| Untracked 
| 144|0x000000070b200000, 0x000000070b200000, 0x000000070b300000|  0%| F|  |TAMS 0x000000070b200000, 0x000000070b200000| Untracked 
| 145|0x000000070b300000, 0x000000070b300000, 0x000000070b400000|  0%| F|  |TAMS 0x000000070b300000, 0x000000070b300000| Untracked 
| 146|0x000000070b400000, 0x000000070b400000, 0x000000070b500000|  0%| F|  |TAMS 0x000000070b400000, 0x000000070b400000| Untracked 
| 147|0x000000070b500000, 0x000000070b500000, 0x000000070b600000|  0%| F|  |TAMS 0x000000070b500000, 0x000000070b500000| Untracked 
| 148|0x000000070b600000, 0x000000070b600000, 0x000000070b700000|  0%| F|  |TAMS 0x000000070b600000, 0x000000070b600000| Untracked 
| 149|0x000000070b700000, 0x000000070b700000, 0x000000070b800000|  0%| F|  |TAMS 0x000000070b700000, 0x000000070b700000| Untracked 
| 150|0x000000070b800000, 0x000000070b800000, 0x000000070b900000|  0%| F|  |TAMS 0x000000070b800000, 0x000000070b800000| Untracked 
| 151|0x000000070b900000, 0x000000070b900000, 0x000000070ba00000|  0%| F|  |TAMS 0x000000070b900000, 0x000000070b900000| Untracked 
| 152|0x000000070ba00000, 0x000000070ba00000, 0x000000070bb00000|  0%| F|  |TAMS 0x000000070ba00000, 0x000000070ba00000| Untracked 
| 153|0x000000070bb00000, 0x000000070bb00000, 0x000000070bc00000|  0%| F|  |TAMS 0x000000070bb00000, 0x000000070bb00000| Untracked 
| 154|0x000000070bc00000, 0x000000070bc00000, 0x000000070bd00000|  0%| F|  |TAMS 0x000000070bc00000, 0x000000070bc00000| Untracked 
| 155|0x000000070bd00000, 0x000000070bd00000, 0x000000070be00000|  0%| F|  |TAMS 0x000000070bd00000, 0x000000070bd00000| Untracked 
| 156|0x000000070be00000, 0x000000070be00000, 0x000000070bf00000|  0%| F|  |TAMS 0x000000070be00000, 0x000000070be00000| Untracked 
| 157|0x000000070bf00000, 0x000000070bf00000, 0x000000070c000000|  0%| F|  |TAMS 0x000000070bf00000, 0x000000070bf00000| Untracked 
| 158|0x000000070c000000, 0x000000070c000000, 0x000000070c100000|  0%| F|  |TAMS 0x000000070c000000, 0x000000070c000000| Untracked 
| 159|0x000000070c100000, 0x000000070c100000, 0x000000070c200000|  0%| F|  |TAMS 0x000000070c100000, 0x000000070c100000| Untracked 
| 160|0x000000070c200000, 0x000000070c200000, 0x000000070c300000|  0%| F|  |TAMS 0x000000070c200000, 0x000000070c200000| Untracked 
| 161|0x000000070c300000, 0x000000070c300000, 0x000000070c400000|  0%| F|  |TAMS 0x000000070c300000, 0x000000070c300000| Untracked 
| 162|0x000000070c400000, 0x000000070c400000, 0x000000070c500000|  0%| F|  |TAMS 0x000000070c400000, 0x000000070c400000| Untracked 
| 163|0x000000070c500000, 0x000000070c500000, 0x000000070c600000|  0%| F|  |TAMS 0x000000070c500000, 0x000000070c500000| Untracked 
| 164|0x000000070c600000, 0x000000070c600000, 0x000000070c700000|  0%| F|  |TAMS 0x000000070c600000, 0x000000070c600000| Untracked 
| 165|0x000000070c700000, 0x000000070c700000, 0x000000070c800000|  0%| F|  |TAMS 0x000000070c700000, 0x000000070c700000| Untracked 
| 166|0x000000070c800000, 0x000000070c800000, 0x000000070c900000|  0%| F|  |TAMS 0x000000070c800000, 0x000000070c800000| Untracked 
| 167|0x000000070c900000, 0x000000070c900000, 0x000000070ca00000|  0%| F|  |TAMS 0x000000070c900000, 0x000000070c900000| Untracked 
| 168|0x000000070ca00000, 0x000000070ca00000, 0x000000070cb00000|  0%| F|  |TAMS 0x000000070ca00000, 0x000000070ca00000| Untracked 
| 169|0x000000070cb00000, 0x000000070cb00000, 0x000000070cc00000|  0%| F|  |TAMS 0x000000070cb00000, 0x000000070cb00000| Untracked 
| 170|0x000000070cc00000, 0x000000070cc00000, 0x000000070cd00000|  0%| F|  |TAMS 0x000000070cc00000, 0x000000070cc00000| Untracked 
| 171|0x000000070cd00000, 0x000000070cd00000, 0x000000070ce00000|  0%| F|  |TAMS 0x000000070cd00000, 0x000000070cd00000| Untracked 
| 172|0x000000070ce00000, 0x000000070ce00000, 0x000000070cf00000|  0%| F|  |TAMS 0x000000070ce00000, 0x000000070ce00000| Untracked 
| 173|0x000000070cf00000, 0x000000070cf00000, 0x000000070d000000|  0%| F|  |TAMS 0x000000070cf00000, 0x000000070cf00000| Untracked 
| 174|0x000000070d000000, 0x000000070d000000, 0x000000070d100000|  0%| F|  |TAMS 0x000000070d000000, 0x000000070d000000| Untracked 
| 175|0x000000070d100000, 0x000000070d100000, 0x000000070d200000|  0%| F|  |TAMS 0x000000070d100000, 0x000000070d100000| Untracked 
| 176|0x000000070d200000, 0x000000070d200000, 0x000000070d300000|  0%| F|  |TAMS 0x000000070d200000, 0x000000070d200000| Untracked 
| 177|0x000000070d300000, 0x000000070d300000, 0x000000070d400000|  0%| F|  |TAMS 0x000000070d300000, 0x000000070d300000| Untracked 
| 178|0x000000070d400000, 0x000000070d400000, 0x000000070d500000|  0%| F|  |TAMS 0x000000070d400000, 0x000000070d400000| Untracked 
| 179|0x000000070d500000, 0x000000070d500000, 0x000000070d600000|  0%| F|  |TAMS 0x000000070d500000, 0x000000070d500000| Untracked 
| 180|0x000000070d600000, 0x000000070d600000, 0x000000070d700000|  0%| F|  |TAMS 0x000000070d600000, 0x000000070d600000| Untracked 
| 181|0x000000070d700000, 0x000000070d700000, 0x000000070d800000|  0%| F|  |TAMS 0x000000070d700000, 0x000000070d700000| Untracked 
| 182|0x000000070d800000, 0x000000070d800000, 0x000000070d900000|  0%| F|  |TAMS 0x000000070d800000, 0x000000070d800000| Untracked 
| 183|0x000000070d900000, 0x000000070d900000, 0x000000070da00000|  0%| F|  |TAMS 0x000000070d900000, 0x000000070d900000| Untracked 
| 184|0x000000070da00000, 0x000000070da00000, 0x000000070db00000|  0%| F|  |TAMS 0x000000070da00000, 0x000000070da00000| Untracked 
| 185|0x000000070db00000, 0x000000070db00000, 0x000000070dc00000|  0%| F|  |TAMS 0x000000070db00000, 0x000000070db00000| Untracked 
| 186|0x000000070dc00000, 0x000000070dc00000, 0x000000070dd00000|  0%| F|  |TAMS 0x000000070dc00000, 0x000000070dc00000| Untracked 
| 187|0x000000070dd00000, 0x000000070dd00000, 0x000000070de00000|  0%| F|  |TAMS 0x000000070dd00000, 0x000000070dd00000| Untracked 
| 188|0x000000070de00000, 0x000000070de00000, 0x000000070df00000|  0%| F|  |TAMS 0x000000070de00000, 0x000000070de00000| Untracked 
| 189|0x000000070df00000, 0x000000070df00000, 0x000000070e000000|  0%| F|  |TAMS 0x000000070df00000, 0x000000070df00000| Untracked 
| 190|0x000000070e000000, 0x000000070e000000, 0x000000070e100000|  0%| F|  |TAMS 0x000000070e000000, 0x000000070e000000| Untracked 
| 191|0x000000070e100000, 0x000000070e100000, 0x000000070e200000|  0%| F|  |TAMS 0x000000070e100000, 0x000000070e100000| Untracked 
| 192|0x000000070e200000, 0x000000070e200000, 0x000000070e300000|  0%| F|  |TAMS 0x000000070e200000, 0x000000070e200000| Untracked 
| 193|0x000000070e300000, 0x000000070e300000, 0x000000070e400000|  0%| F|  |TAMS 0x000000070e300000, 0x000000070e300000| Untracked 
| 194|0x000000070e400000, 0x000000070e400000, 0x000000070e500000|  0%| F|  |TAMS 0x000000070e400000, 0x000000070e400000| Untracked 
| 195|0x000000070e500000, 0x000000070e500000, 0x000000070e600000|  0%| F|  |TAMS 0x000000070e500000, 0x000000070e500000| Untracked 
| 196|0x000000070e600000, 0x000000070e600000, 0x000000070e700000|  0%| F|  |TAMS 0x000000070e600000, 0x000000070e600000| Untracked 
| 197|0x000000070e700000, 0x000000070e700000, 0x000000070e800000|  0%| F|  |TAMS 0x000000070e700000, 0x000000070e700000| Untracked 
| 198|0x000000070e800000, 0x000000070e800000, 0x000000070e900000|  0%| F|  |TAMS 0x000000070e800000, 0x000000070e800000| Untracked 
| 199|0x000000070e900000, 0x000000070e900000, 0x000000070ea00000|  0%| F|  |TAMS 0x000000070e900000, 0x000000070e900000| Untracked 
| 200|0x000000070ea00000, 0x000000070ea00000, 0x000000070eb00000|  0%| F|  |TAMS 0x000000070ea00000, 0x000000070ea00000| Untracked 
| 201|0x000000070eb00000, 0x000000070eb00000, 0x000000070ec00000|  0%| F|  |TAMS 0x000000070eb00000, 0x000000070eb00000| Untracked 
| 202|0x000000070ec00000, 0x000000070ec00000, 0x000000070ed00000|  0%| F|  |TAMS 0x000000070ec00000, 0x000000070ec00000| Untracked 
| 203|0x000000070ed00000, 0x000000070ed00000, 0x000000070ee00000|  0%| F|  |TAMS 0x000000070ed00000, 0x000000070ed00000| Untracked 
| 204|0x000000070ee00000, 0x000000070ee00000, 0x000000070ef00000|  0%| F|  |TAMS 0x000000070ee00000, 0x000000070ee00000| Untracked 
| 205|0x000000070ef00000, 0x000000070ef00000, 0x000000070f000000|  0%| F|  |TAMS 0x000000070ef00000, 0x000000070ef00000| Untracked 
| 206|0x000000070f000000, 0x000000070f000000, 0x000000070f100000|  0%| F|  |TAMS 0x000000070f000000, 0x000000070f000000| Untracked 
| 207|0x000000070f100000, 0x000000070f100000, 0x000000070f200000|  0%| F|  |TAMS 0x000000070f100000, 0x000000070f100000| Untracked 
| 208|0x000000070f200000, 0x000000070f200000, 0x000000070f300000|  0%| F|  |TAMS 0x000000070f200000, 0x000000070f200000| Untracked 
| 209|0x000000070f300000, 0x000000070f300000, 0x000000070f400000|  0%| F|  |TAMS 0x000000070f300000, 0x000000070f300000| Untracked 
| 210|0x000000070f400000, 0x000000070f400000, 0x000000070f500000|  0%| F|  |TAMS 0x000000070f400000, 0x000000070f400000| Untracked 
| 211|0x000000070f500000, 0x000000070f500000, 0x000000070f600000|  0%| F|  |TAMS 0x000000070f500000, 0x000000070f500000| Untracked 
| 212|0x000000070f600000, 0x000000070f600000, 0x000000070f700000|  0%| F|  |TAMS 0x000000070f600000, 0x000000070f600000| Untracked 
| 213|0x000000070f700000, 0x000000070f700000, 0x000000070f800000|  0%| F|  |TAMS 0x000000070f700000, 0x000000070f700000| Untracked 
| 214|0x000000070f800000, 0x000000070f800000, 0x000000070f900000|  0%| F|  |TAMS 0x000000070f800000, 0x000000070f800000| Untracked 
| 215|0x000000070f900000, 0x000000070f900000, 0x000000070fa00000|  0%| F|  |TAMS 0x000000070f900000, 0x000000070f900000| Untracked 
| 216|0x000000070fa00000, 0x000000070fa00000, 0x000000070fb00000|  0%| F|  |TAMS 0x000000070fa00000, 0x000000070fa00000| Untracked 
| 217|0x000000070fb00000, 0x000000070fb00000, 0x000000070fc00000|  0%| F|  |TAMS 0x000000070fb00000, 0x000000070fb00000| Untracked 
| 218|0x000000070fc00000, 0x000000070fc00000, 0x000000070fd00000|  0%| F|  |TAMS 0x000000070fc00000, 0x000000070fc00000| Untracked 
| 219|0x000000070fd00000, 0x000000070fd00000, 0x000000070fe00000|  0%| F|  |TAMS 0x000000070fd00000, 0x000000070fd00000| Untracked 
| 220|0x000000070fe00000, 0x000000070fe00000, 0x000000070ff00000|  0%| F|  |TAMS 0x000000070fe00000, 0x000000070fe00000| Untracked 
| 221|0x000000070ff00000, 0x000000070ff00000, 0x0000000710000000|  0%| F|  |TAMS 0x000000070ff00000, 0x000000070ff00000| Untracked 
| 222|0x0000000710000000, 0x0000000710000000, 0x0000000710100000|  0%| F|  |TAMS 0x0000000710000000, 0x0000000710000000| Untracked 
| 223|0x0000000710100000, 0x0000000710100000, 0x0000000710200000|  0%| F|  |TAMS 0x0000000710100000, 0x0000000710100000| Untracked 
| 224|0x0000000710200000, 0x0000000710200000, 0x0000000710300000|  0%| F|  |TAMS 0x0000000710200000, 0x0000000710200000| Untracked 
| 225|0x0000000710300000, 0x0000000710300000, 0x0000000710400000|  0%| F|  |TAMS 0x0000000710300000, 0x0000000710300000| Untracked 
| 226|0x0000000710400000, 0x0000000710400000, 0x0000000710500000|  0%| F|  |TAMS 0x0000000710400000, 0x0000000710400000| Untracked 
| 227|0x0000000710500000, 0x0000000710502aa0, 0x0000000710600000|  1%| S|CS|TAMS 0x0000000710500000, 0x0000000710500000| Complete 
| 228|0x0000000710600000, 0x0000000710700000, 0x0000000710700000|100%| S|CS|TAMS 0x0000000710600000, 0x0000000710600000| Complete 
| 229|0x0000000710700000, 0x0000000710800000, 0x0000000710800000|100%| S|CS|TAMS 0x0000000710700000, 0x0000000710700000| Complete 
| 230|0x0000000710800000, 0x0000000710800000, 0x0000000710900000|  0%| F|  |TAMS 0x0000000710800000, 0x0000000710800000| Untracked 
| 231|0x0000000710900000, 0x0000000710900000, 0x0000000710a00000|  0%| F|  |TAMS 0x0000000710900000, 0x0000000710900000| Untracked 
| 232|0x0000000710a00000, 0x0000000710a00000, 0x0000000710b00000|  0%| F|  |TAMS 0x0000000710a00000, 0x0000000710a00000| Untracked 
| 233|0x0000000710b00000, 0x0000000710b00000, 0x0000000710c00000|  0%| F|  |TAMS 0x0000000710b00000, 0x0000000710b00000| Untracked 
| 234|0x0000000710c00000, 0x0000000710c00000, 0x0000000710d00000|  0%| F|  |TAMS 0x0000000710c00000, 0x0000000710c00000| Untracked 
| 235|0x0000000710d00000, 0x0000000710d00000, 0x0000000710e00000|  0%| F|  |TAMS 0x0000000710d00000, 0x0000000710d00000| Untracked 
| 236|0x0000000710e00000, 0x0000000710e00000, 0x0000000710f00000|  0%| F|  |TAMS 0x0000000710e00000, 0x0000000710e00000| Untracked 
| 237|0x0000000710f00000, 0x0000000710f00000, 0x0000000711000000|  0%| F|  |TAMS 0x0000000710f00000, 0x0000000710f00000| Untracked 
| 238|0x0000000711000000, 0x0000000711000000, 0x0000000711100000|  0%| F|  |TAMS 0x0000000711000000, 0x0000000711000000| Untracked 
| 239|0x0000000711100000, 0x0000000711100000, 0x0000000711200000|  0%| F|  |TAMS 0x0000000711100000, 0x0000000711100000| Untracked 
| 240|0x0000000711200000, 0x0000000711200000, 0x0000000711300000|  0%| F|  |TAMS 0x0000000711200000, 0x0000000711200000| Untracked 
| 241|0x0000000711300000, 0x0000000711300000, 0x0000000711400000|  0%| F|  |TAMS 0x0000000711300000, 0x0000000711300000| Untracked 
| 242|0x0000000711400000, 0x0000000711400000, 0x0000000711500000|  0%| F|  |TAMS 0x0000000711400000, 0x0000000711400000| Untracked 
| 243|0x0000000711500000, 0x0000000711500000, 0x0000000711600000|  0%| F|  |TAMS 0x0000000711500000, 0x0000000711500000| Untracked 
| 244|0x0000000711600000, 0x0000000711600000, 0x0000000711700000|  0%| F|  |TAMS 0x0000000711600000, 0x0000000711600000| Untracked 
| 245|0x0000000711700000, 0x0000000711700000, 0x0000000711800000|  0%| F|  |TAMS 0x0000000711700000, 0x0000000711700000| Untracked 
| 246|0x0000000711800000, 0x0000000711800000, 0x0000000711900000|  0%| F|  |TAMS 0x0000000711800000, 0x0000000711800000| Untracked 
| 247|0x0000000711900000, 0x0000000711900000, 0x0000000711a00000|  0%| F|  |TAMS 0x0000000711900000, 0x0000000711900000| Untracked 
| 248|0x0000000711a00000, 0x0000000711a00000, 0x0000000711b00000|  0%| F|  |TAMS 0x0000000711a00000, 0x0000000711a00000| Untracked 
| 249|0x0000000711b00000, 0x0000000711b00000, 0x0000000711c00000|  0%| F|  |TAMS 0x0000000711b00000, 0x0000000711b00000| Untracked 
| 250|0x0000000711c00000, 0x0000000711c00000, 0x0000000711d00000|  0%| F|  |TAMS 0x0000000711c00000, 0x0000000711c00000| Untracked 
| 251|0x0000000711d00000, 0x0000000711d00000, 0x0000000711e00000|  0%| F|  |TAMS 0x0000000711d00000, 0x0000000711d00000| Untracked 
| 252|0x0000000711e00000, 0x0000000711f00000, 0x0000000711f00000|100%| E|  |TAMS 0x0000000711e00000, 0x0000000711e00000| Complete 
| 253|0x0000000711f00000, 0x0000000712000000, 0x0000000712000000|100%| E|CS|TAMS 0x0000000711f00000, 0x0000000711f00000| Complete 

Card table byte_map: [0x000001bffa0c0000,0x000001bffa8b0000] _byte_map_base: 0x000001bff68af000

Marking Bits (Prev, Next): (CMBitMap*) 0x000001bff9310d38, (CMBitMap*) 0x000001bff9310d78
 Prev Bits: [0x000001bffb0a0000, 0x000001bfff018000)
 Next Bits: [0x000001bf97330000, 0x000001bf9b2a8000)

Polling page: 0x000001bff6fa0000

Metaspace:

Usage:
  Non-class:      7.47 MB capacity,     5.22 MB ( 70%) used,     2.24 MB ( 30%) free+waste,     7.94 KB ( <1%) overhead. 
      Class:    720.00 KB capacity,   455.06 KB ( 63%) used,   261.63 KB ( 36%) free+waste,     3.31 KB ( <1%) overhead. 
       Both:      8.17 MB capacity,     5.66 MB ( 69%) used,     2.50 MB ( 31%) free+waste,    11.25 KB ( <1%) overhead. 

Virtual space:
  Non-class space:        8.00 MB reserved,       7.50 MB ( 94%) committed 
      Class space:        1.00 GB reserved,     768.00 KB ( <1%) committed 
             Both:        1.01 GB reserved,       8.25 MB ( <1%) committed 

Chunk freelists:
   Non-Class:  4.00 KB
       Class:  2.00 KB
        Both:  6.00 KB

CodeHeap 'non-profiled nmethods': size=120000Kb used=418Kb max_used=418Kb free=119581Kb
 bounds [0x000001bf8fe00000, 0x000001bf90070000, 0x000001bf97330000]
CodeHeap 'profiled nmethods': size=120000Kb used=1907Kb max_used=1907Kb free=118092Kb
 bounds [0x000001bf888d0000, 0x000001bf88b40000, 0x000001bf8fe00000]
CodeHeap 'non-nmethods': size=5760Kb used=1294Kb max_used=1336Kb free=4465Kb
 bounds [0x000001bf88330000, 0x000001bf885a0000, 0x000001bf888d0000]
 total_blobs=1853 nmethods=888 adapters=614
 compilation: enabled
              stopped_count=0, restarted_count=0
 full_count=0

Compilation events (10 events):
Event: 1.532 Thread 0x000001bf9db5d000 nmethod 882 0x000001bf8fe63410 code [0x000001bf8fe635c0, 0x000001bf8fe63688]
Event: 1.533 Thread 0x000001bf9db68800  883       3       java.lang.StringBuilder::<init> (18 bytes)
Event: 1.533 Thread 0x000001bf9db68800 nmethod 883 0x000001bf88aaa910 code [0x000001bf88aaab00, 0x000001bf88aaae60]
Event: 1.533 Thread 0x000001bf9db5d000  885       4       sun.reflect.annotation.AnnotationInvocationHandler::invoke (178 bytes)
Event: 1.538 Thread 0x000001bf9db68800  886       3       java.lang.Class::getDeclaringClass (31 bytes)
Event: 1.538 Thread 0x000001bf9db68800 nmethod 886 0x000001bf88aab010 code [0x000001bf88aab220, 0x000001bf88aab690]
Event: 1.542 Thread 0x000001bf9db68800  888   !   3       java.lang.Class::getResource (92 bytes)
Event: 1.543 Thread 0x000001bf9db68800 nmethod 888 0x000001bf88aab810 code [0x000001bf88aabb00, 0x000001bf88aac990]
Event: 1.544 Thread 0x000001bf9db5d000 nmethod 885 0x000001bf8fe64110 code [0x000001bf8fe64340, 0x000001bf8fe64e98]
Event: 1.558 Thread 0x000001bfa2efa000 nmethod 878 0x000001bf8fe65710 code [0x000001bf8fe65a00, 0x000001bf8fe677a0]

GC Heap History (2 events):
Event: 1.517 GC heap before
{Heap before GC invocations=0 (full 0):
 garbage-first heap   total 260096K, used 25600K [0x0000000702200000, 0x0000000800000000)
  region size 1024K, 24 young (24576K), 0 survivors (0K)
 Metaspace       used 5782K, capacity 8298K, committed 8448K, reserved 1056768K
  class space    used 454K, capacity 719K, committed 768K, reserved 1048576K
}
Event: 1.520 GC heap after
{Heap after GC invocations=1 (full 0):
 garbage-first heap   total 260096K, used 2058K [0x0000000702200000, 0x0000000800000000)
  region size 1024K, 3 young (3072K), 3 survivors (3072K)
 Metaspace       used 5782K, capacity 8298K, committed 8448K, reserved 1056768K
  class space    used 454K, capacity 719K, committed 768K, reserved 1048576K
}

Deoptimization events (9 events):
Event: 0.081 Thread 0x000001bff92a9800 Uncommon trap: reason=unstable_if action=reinterpret pc=0x000001bf8fe0a408 method=java.lang.String.isLatin1()Z @ 10 c2
Event: 0.088 Thread 0x000001bff92a9800 Uncommon trap: reason=class_check action=maybe_recompile pc=0x000001bf8fe0eaf4 method=java.util.HashMap.putVal(ILjava/lang/Object;Ljava/lang/Object;ZZ)Ljava/lang/Object; @ 152 c2
Event: 0.088 Thread 0x000001bff92a9800 Uncommon trap: reason=class_check action=maybe_recompile pc=0x000001bf8fe0eaf4 method=java.util.HashMap.putVal(ILjava/lang/Object;Ljava/lang/Object;ZZ)Ljava/lang/Object; @ 152 c2
Event: 0.088 Thread 0x000001bff92a9800 Uncommon trap: reason=class_check action=maybe_recompile pc=0x000001bf8fe0eaf4 method=java.util.HashMap.putVal(ILjava/lang/Object;Ljava/lang/Object;ZZ)Ljava/lang/Object; @ 152 c2
Event: 0.095 Thread 0x000001bff92a9800 Uncommon trap: reason=class_check action=maybe_recompile pc=0x000001bf8fe0eaf4 method=java.util.HashMap.putVal(ILjava/lang/Object;Ljava/lang/Object;ZZ)Ljava/lang/Object; @ 152 c2
Event: 0.122 Thread 0x000001bff92a9800 Uncommon trap: reason=unstable_if action=reinterpret pc=0x000001bf8fe058a4 method=java.lang.String.isLatin1()Z @ 10 c2
Event: 0.142 Thread 0x000001bff92a9800 Uncommon trap: reason=unstable_if action=reinterpret pc=0x000001bf8fe10910 method=java.io.WinNTFileSystem.isSlash(C)Z @ 9 c2
Event: 0.151 Thread 0x000001bff92a9800 Uncommon trap: reason=unstable_if action=reinterpret pc=0x000001bf8fe152d8 method=java.util.HashMap.putVal(ILjava/lang/Object;Ljava/lang/Object;ZZ)Ljava/lang/Object; @ 181 c2
Event: 1.256 Thread 0x000001bff92a9800 Uncommon trap: reason=bimorphic_or_optimized_type_check action=maybe_recompile pc=0x000001bf8fe31ff0 method=java.util.HashMap.getNode(ILjava/lang/Object;)Ljava/util/HashMap$Node; @ 126 c2

Classes redefined (0 events):
No events

Internal exceptions (4 events):
Event: 0.132 Thread 0x000001bff92a9800 Exception <a 'java/lang/NoSuchMethodError'{0x0000000711cadc00}: java.lang.invoke.DirectMethodHandle$Holder.invokeStaticInit(Ljava/lang/Object;Ljava/lang/Object;Ljava/lang/Object;Ljava/lang/Object;)I> (0x0000000711cadc00) thrown at [t:/workspace/open/src/h
Event: 0.133 Thread 0x000001bff92a9800 Exception <a 'java/lang/IncompatibleClassChangeError'{0x0000000711cb7178}: Found class java.lang.Object, but interface was expected> (0x0000000711cb7178) thrown at [t:/workspace/open/src/hotspot/share/interpreter/linkResolver.cpp, line 843]
Event: 0.133 Thread 0x000001bff92a9800 Exception <a 'java/lang/NoSuchMethodError'{0x0000000711cba0b0}: java.lang.invoke.DirectMethodHandle$Holder.invokeStaticInit(Ljava/lang/Object;Ljava/lang/Object;)V> (0x0000000711cba0b0) thrown at [t:/workspace/open/src/hotspot/share/interpreter/linkResolve
Event: 0.134 Thread 0x000001bff92a9800 Exception <a 'java/lang/NoSuchMethodError'{0x0000000711cc0958}: java.lang.invoke.DirectMethodHandle$Holder.invokeStaticInit(Ljava/lang/Object;Ljava/lang/Object;)I> (0x0000000711cc0958) thrown at [t:/workspace/open/src/hotspot/share/interpreter/linkResolve

Events (10 events):
Event: 1.464 loading class org/bytedeco/javacpp/tesseract$UNICHARSET
Event: 1.464 loading class org/bytedeco/javacpp/tesseract$UNICHARSET done
Event: 1.493 loading class org/bytedeco/javacpp/tesseract$PAGE_RES
Event: 1.493 loading class org/bytedeco/javacpp/tesseract$PAGE_RES done
Event: 1.517 Executing VM operation: G1CollectForAllocation
Event: 1.520 Executing VM operation: G1CollectForAllocation done
Event: 1.520 Executing VM operation: RevokeBias
Event: 1.520 Executing VM operation: RevokeBias done
Event: 1.520 Executing VM operation: RevokeBias
Event: 1.520 Executing VM operation: RevokeBias done


Dynamic libraries:
0x00007ff6205f0000 - 0x00007ff6205ff000 	E:\Program Files\Java\jdk-12.0.1\bin\java.exe
0x00007ffe90850000 - 0x00007ffe90a31000 	C:\WINDOWS\SYSTEM32\ntdll.dll
0x00007ffe8fb70000 - 0x00007ffe8fc21000 	C:\WINDOWS\System32\KERNEL32.DLL
0x00007ffe8cda0000 - 0x00007ffe8d013000 	C:\WINDOWS\System32\KERNELBASE.dll
0x00007ffe8cca0000 - 0x00007ffe8cd98000 	C:\WINDOWS\System32\ucrtbase.dll
0x00007ffe8a2e0000 - 0x00007ffe8a2f8000 	E:\Program Files\Java\jdk-12.0.1\bin\jli.dll
0x00007ffe89dc0000 - 0x00007ffe89dd6000 	E:\Program Files\Java\jdk-12.0.1\bin\VCRUNTIME140.dll
0x00007ffe90750000 - 0x00007ffe907f1000 	C:\WINDOWS\System32\ADVAPI32.dll
0x00007ffe8e480000 - 0x00007ffe8e51e000 	C:\WINDOWS\System32\msvcrt.dll
0x00007ffe8e670000 - 0x00007ffe8e6cb000 	C:\WINDOWS\System32\sechost.dll
0x00007ffe8ff60000 - 0x00007ffe90084000 	C:\WINDOWS\System32\RPCRT4.dll
0x00007ffe8e2c0000 - 0x00007ffe8e450000 	C:\WINDOWS\System32\USER32.dll
0x00007ffe8d370000 - 0x00007ffe8d390000 	C:\WINDOWS\System32\win32u.dll
0x00007ffe76350000 - 0x00007ffe765b9000 	C:\WINDOWS\WinSxS\amd64_microsoft.windows.common-controls_6595b64144ccf1df_6.0.17134.765_none_fb42a1a930655896\COMCTL32.dll
0x00007ffe90510000 - 0x00007ffe90538000 	C:\WINDOWS\System32\GDI32.dll
0x00007ffe8fc30000 - 0x00007ffe8ff52000 	C:\WINDOWS\System32\combase.dll
0x00007ffe8daa0000 - 0x00007ffe8dc32000 	C:\WINDOWS\System32\gdi32full.dll
0x00007ffe8cc20000 - 0x00007ffe8cc9a000 	C:\WINDOWS\System32\bcryptPrimitives.dll
0x00007ffe8dc40000 - 0x00007ffe8dcdf000 	C:\WINDOWS\System32\msvcp_win.dll
0x00007ffe87fa0000 - 0x00007ffe87faa000 	C:\WINDOWS\SYSTEM32\VERSION.dll
0x00007ffe8e450000 - 0x00007ffe8e47d000 	C:\WINDOWS\System32\IMM32.DLL
0x00007ffe71ce0000 - 0x00007ffe71d8a000 	E:\Program Files\Java\jdk-12.0.1\bin\msvcp140.dll
0x00007ffe71160000 - 0x00007ffe71cd4000 	E:\Program Files\Java\jdk-12.0.1\bin\server\jvm.dll
0x00007ffe8e5f0000 - 0x00007ffe8e5f8000 	C:\WINDOWS\System32\PSAPI.DLL
0x00007ffe7a6f0000 - 0x00007ffe7a6f9000 	C:\WINDOWS\SYSTEM32\WSOCK32.dll
0x00007ffe8a100000 - 0x00007ffe8a123000 	C:\WINDOWS\SYSTEM32\WINMM.dll
0x00007ffe8e600000 - 0x00007ffe8e66c000 	C:\WINDOWS\System32\WS2_32.dll
0x00007ffe8a050000 - 0x00007ffe8a07a000 	C:\WINDOWS\SYSTEM32\winmmbase.dll
0x00007ffe8d210000 - 0x00007ffe8d259000 	C:\WINDOWS\System32\cfgmgr32.dll
0x00007ffe8cc00000 - 0x00007ffe8cc11000 	C:\WINDOWS\System32\kernel.appcore.dll
0x00007ffe89da0000 - 0x00007ffe89db1000 	E:\Program Files\Java\jdk-12.0.1\bin\verify.dll
0x00007ffe8b600000 - 0x00007ffe8b7c9000 	C:\WINDOWS\SYSTEM32\DBGHELP.DLL
0x00007ffe795c0000 - 0x00007ffe795e9000 	C:\WINDOWS\SYSTEM32\dbgcore.DLL
0x00007ffe88230000 - 0x00007ffe88256000 	E:\Program Files\Java\jdk-12.0.1\bin\java.dll
0x00007ffe88260000 - 0x00007ffe8826e000 	E:\Program Files\Java\jdk-12.0.1\bin\instrument.dll
0x00007ffe897f0000 - 0x00007ffe89807000 	E:\Program Files\Java\jdk-12.0.1\bin\zip.dll
0x00007ffe8a2d0000 - 0x00007ffe8a2da000 	E:\Program Files\Java\jdk-12.0.1\bin\jimage.dll
0x00007ffe8e6d0000 - 0x00007ffe8fb10000 	C:\WINDOWS\System32\SHELL32.dll
0x00007ffe8dce0000 - 0x00007ffe8dd89000 	C:\WINDOWS\System32\shcore.dll
0x00007ffe8d390000 - 0x00007ffe8da9d000 	C:\WINDOWS\System32\windows.storage.dll
0x00007ffe8fb10000 - 0x00007ffe8fb61000 	C:\WINDOWS\System32\shlwapi.dll
0x00007ffe8cb60000 - 0x00007ffe8cb7f000 	C:\WINDOWS\System32\profapi.dll
0x00007ffe8cbb0000 - 0x00007ffe8cbfc000 	C:\WINDOWS\System32\powrprof.dll
0x00007ffe8cba0000 - 0x00007ffe8cbaa000 	C:\WINDOWS\System32\FLTLIB.DLL
0x00007ffe881e0000 - 0x00007ffe881f9000 	E:\Program Files\Java\jdk-12.0.1\bin\net.dll
0x00007ffe83410000 - 0x00007ffe834ed000 	C:\WINDOWS\SYSTEM32\WINHTTP.dll
0x00007ffe7e370000 - 0x00007ffe7e538000 	C:\WINDOWS\SYSTEM32\urlmon.dll
0x00007ffe7c7f0000 - 0x00007ffe7ca97000 	C:\WINDOWS\SYSTEM32\iertutil.dll
0x00007ffe8c5b0000 - 0x00007ffe8c5bb000 	C:\WINDOWS\SYSTEM32\CRYPTBASE.DLL
0x00007ffe8c3e0000 - 0x00007ffe8c446000 	C:\WINDOWS\system32\mswsock.dll
0x00007ffe87970000 - 0x00007ffe87983000 	E:\Program Files\Java\jdk-12.0.1\bin\nio.dll
0x00007ffe71dc0000 - 0x00007ffe71dda000 	E:\Program Files\JetBrains\IntelliJ IDEA Community Edition 2019.1.3\bin\breakgen64.dll
0x00007ffe70ad0000 - 0x00007ffe70bbf000 	C:\Users\Tam\AppData\Local\Temp\javacpp4298974076753\msvcr120.dll
0x00007ffe70640000 - 0x00007ffe706e6000 	C:\Users\Tam\AppData\Local\Temp\javacpp4298974076753\msvcp120.dll
0x00007ffe6fc50000 - 0x00007ffe6fed1000 	C:\Users\Tam\AppData\Local\Temp\javacpp4298974076753\opencv_core300.dll
0x00007ffe6f620000 - 0x00007ffe6f99f000 	C:\Users\Tam\AppData\Local\Temp\javacpp4298974076753\opencv_imgproc300.dll
0x00007ffe6f460000 - 0x00007ffe6f618000 	C:\Users\Tam\AppData\Local\Temp\javacpp4298974076753\jniopencv_core.dll
0x00007ffe70390000 - 0x00007ffe70435000 	C:\Users\Tam\AppData\Local\Temp\javacpp4298974076753\jniopencv_imgproc.dll
0x00007ffe6f1a0000 - 0x00007ffe6f457000 	C:\Users\Tam\AppData\Local\Temp\javacpp4298974076753\opencv_imgcodecs300.dll
0x00007ffe71da0000 - 0x00007ffe71dbb000 	C:\Users\Tam\AppData\Local\Temp\javacpp4298974076753\jniopencv_imgcodecs.dll
0x0000000064940000 - 0x000000006495d000 	C:\Users\Tam\AppData\Local\Temp\javacpp4298974076753\libwinpthread-1.dll
0x0000000061440000 - 0x000000006145c000 	C:\Users\Tam\AppData\Local\Temp\javacpp4298974076753\libgcc_s_seh-1.dll
0x000000006fc40000 - 0x000000006fd41000 	C:\Users\Tam\AppData\Local\Temp\javacpp4298974076753\libstdc++-6.dll
0x0000000071140000 - 0x00000000714e8000 	C:\Users\Tam\AppData\Local\Temp\javacpp4298974076753\liblept-4.dll
0x0000000068340000 - 0x000000006862c000 	C:\Users\Tam\AppData\Local\Temp\javacpp4298974076753\jnilept.dll
0x0000000068a00000 - 0x0000000068f66000 	C:\Users\Tam\AppData\Local\Temp\javacpp4298974076753\libtesseract-3.dll
0x000000006a900000 - 0x000000006a988000 	C:\Users\Tam\AppData\Local\Temp\javacpp4298974076753\jnitesseract.dll

dbghelp: loaded successfully - version: 4.0.5 - missing functions: none
symbol engine: initialized successfully - sym options: 0x614 - pdb path: .;E:\Program Files\Java\jdk-12.0.1\bin;C:\WINDOWS\SYSTEM32;C:\WINDOWS\WinSxS\amd64_microsoft.windows.common-controls_6595b64144ccf1df_6.0.17134.765_none_fb42a1a930655896;E:\Program Files\Java\jdk-12.0.1\bin\server;E:\Program Files\JetBrains\IntelliJ IDEA Community Edition 2019.1.3\bin;C:\Users\Tam\AppData\Local\Temp\javacpp4298974076753

VM Arguments:
jvm_args: -javaagent:E:\Program Files\JetBrains\IntelliJ IDEA Community Edition 2019.1.3\lib\idea_rt.jar=50862:E:\Program Files\JetBrains\IntelliJ IDEA Community Edition 2019.1.3\bin -Dfile.encoding=UTF-8 
java_command: ReceiptParserImplTest
java_class_path (initial): D:\Projects\financelog\jocr\target\test-classes;D:\Projects\financelog\jocr\target\classes;C:\Users\Tam\.m2\repository\org\bytedeco\javacv\1.1\javacv-1.1.jar;C:\Users\Tam\.m2\repository\org\bytedeco\javacpp\1.1\javacpp-1.1.jar;C:\Users\Tam\.m2\repository\org\bytedeco\javacpp-presets\opencv\3.0.0-1.1\opencv-3.0.0-1.1.jar;C:\Users\Tam\.m2\repository\org\bytedeco\javacpp-presets\opencv\3.0.0-1.1\opencv-3.0.0-1.1-windows-x86_64.jar;C:\Users\Tam\.m2\repository\org\bytedeco\javacpp-presets\ffmpeg\2.8.1-1.1\ffmpeg-2.8.1-1.1.jar;C:\Users\Tam\.m2\repository\org\bytedeco\javacpp-presets\ffmpeg\2.8.1-1.1\ffmpeg-2.8.1-1.1-windows-x86_64.jar;C:\Users\Tam\.m2\repository\org\bytedeco\javacpp-presets\flycapture\2.8.3.1-1.1\flycapture-2.8.3.1-1.1.jar;C:\Users\Tam\.m2\repository\org\bytedeco\javacpp-presets\flycapture\2.8.3.1-1.1\flycapture-2.8.3.1-1.1-windows-x86_64.jar;C:\Users\Tam\.m2\repository\org\bytedeco\javacpp-presets\libdc1394\2.2.3-1.1\libdc1394-2.2.3-1.1.jar;C:\Users\Tam\.m2\repository\org\bytedeco\javacpp-presets\libdc1394\2.2.3-1.1\libdc1394-2.2.3-1.1-windows-x86_64.jar;C:\Users\Tam\.m2\repository\org\bytedeco\javacpp-presets\libfreenect\0.5.3-1.1\libfreenect-0.5.3-1.1.jar;C:\Users\Tam\.m2\repository\org\bytedeco\javacpp-presets\libfreenect\0.5.3-1.1\libfreenect-0.5.3-1.1-windows-x86_64.jar;C:\Users\Tam\.m2\repository\org\bytedeco\javacpp-presets\videoinput\0.200-1.1\videoinput-0.200-1.1.jar;C:\Users\Tam\.m2\repository\org\bytedeco\javacpp-presets\videoinput\0.200-1.1\videoinput-0.200-1.1-windows-x86_64.jar;C:\Users\Tam\.m2\repository\org\bytedeco\javacpp-presets\artoolkitplus\2.3.1-1.1\artoolkitplus-2.3.1-1.1.jar;C:\Users\Tam\.m2\repository\org\bytedeco\javacpp-presets\artoolkitplus\2.3.1-1.1\artoolkitplus-2.3.1-1.1-windows-x86_64.jar;C:\Users\Tam\.m2\repository\org\bytedeco\javacpp-presets\flandmark\1.07-1.1\flandmark-1.07-1.1.jar;C:\Users\Tam\.m2\repository\org\bytedeco\javacpp-presets\flandmark\1.07-1.1\flandmark-1.07-1.1-windows-x86_64.
Launcher Type: SUN_STANDARD

[Global flags]
     intx CICompilerCount                          = 4                                         {product} {ergonomic}
     uint ConcGCThreads                            = 3                                         {product} {ergonomic}
     uint G1ConcRefinementThreads                  = 10                                        {product} {ergonomic}
   size_t G1HeapRegionSize                         = 1048576                                   {product} {ergonomic}
    uintx GCDrainStackTargetSize                   = 64                                        {product} {ergonomic}
   size_t InitialHeapSize                          = 266338304                                 {product} {ergonomic}
   size_t MarkStackSize                            = 4194304                                   {product} {ergonomic}
   size_t MaxHeapSize                              = 4259315712                                {product} {ergonomic}
   size_t MaxNewSize                               = 2555379712                                {product} {ergonomic}
   size_t MinHeapDeltaBytes                        = 1048576                                   {product} {ergonomic}
    uintx NonNMethodCodeHeapSize                   = 5836300                                {pd product} {ergonomic}
    uintx NonProfiledCodeHeapSize                  = 122910970                              {pd product} {ergonomic}
    uintx ProfiledCodeHeapSize                     = 122910970                              {pd product} {ergonomic}
    uintx ReservedCodeCacheSize                    = 251658240                              {pd product} {ergonomic}
     bool SegmentedCodeCache                       = true                                      {product} {ergonomic}
     bool UseCompressedClassPointers               = true                                 {lp64_product} {ergonomic}
     bool UseCompressedOops                        = true                                 {lp64_product} {ergonomic}
     bool UseG1GC                                  = true                                      {product} {ergonomic}
     bool UseLargePagesIndividualAllocation        = false                                  {pd product} {ergonomic}

Logging:
Log output configuration:
 #0: stdout all=warning uptime,level,tags
 #1: stderr all=off uptime,level,tags

Environment Variables:
JAVA_HOME=E:\Program Files\Java\jdk1.8.0_201\bin
PATH=D:\Program Files\ffmpeg\bin;path\to\ffmpeg\bin;C:\Program Files (x86)\Common Files\Oracle\Java\javapath;C:\Program Files (x86)\Intel\Intel(R) Management Engine Components\iCLS\;C:\Program Files\Intel\Intel(R) Management Engine Components\iCLS\;C:\Windows\system32;C:\Windows;C:\Windows\System32\Wbem;C:\Windows\System32\WindowsPowerShell\v1.0\;C:\Program Files (x86)\NVIDIA Corporation\PhysX\Common;C:\Program Files (x86)\Intel\Intel(R) Management Engine Components\DAL;C:\Program Files\Intel\Intel(R) Management Engine Components\DAL;C:\Program Files (x86)\Intel\Intel(R) Management Engine Components\IPT;C:\Program Files\Intel\Intel(R) Management Engine Components\IPT;C:\Program Files\Intel\WiFi\bin\;C:\Program Files\Common Files\Intel\WirelessCommon\;C:\WINDOWS\system32;C:\WINDOWS;C:\WINDOWS\System32\Wbem;C:\WINDOWS\System32\WindowsPowerShell\v1.0\;C:\WINDOWS\System32\OpenSSH\;C:\Program Files\NVIDIA Corporation\NVIDIA NvDLISR;E:\Users\Tam\Anaconda;E:\Users\Tam\Anaconda3\Scripts;E:\Program Files\Java\jdk1.8.0_201\bin
USERNAME=Tam
OS=Windows_NT
PROCESSOR_IDENTIFIER=Intel64 Family 6 Model 158 Stepping 10, GenuineIntel



---------------  S Y S T E M  ---------------

OS: Windows 10 , 64 bit Build 17134 (10.0.17134.753)

CPU:total 12 (initial active 12) (6 cores per cpu, 2 threads per core) family 6 model 158 stepping 10, cmov, cx8, fxsr, mmx, sse, sse2, sse3, ssse3, sse4.1, sse4.2, popcnt, avx, avx2, aes, clmul, erms, 3dnowpref, lzcnt, ht, tsc, tscinvbit, bmi1, bmi2, adx, fma

Memory: 4k page, system-wide physical 16243M (8382M free)
TotalPageFile size 22387M (AvailPageFile size 10502M)
current process WorkingSet (physical memory assigned to process): 198M, peak: 198M
current process commit charge ("private bytes"): 477M, peak: 477M

vm_info: Java HotSpot(TM) 64-Bit Server VM (12.0.1+12) for windows-amd64 JRE (12.0.1+12), built on Apr  2 2019 14:02:19 by "mach5one" with MS VC++ 15.5 (VS2017)

END.
