#
# A fatal error has been detected by the Java Runtime Environment:
#
#  EXCEPTION_ACCESS_VIOLATION (0xc0000005) at pc=0x0000000068a58f40, pid=17232, tid=17100
#
# JRE version: Java(TM) SE Runtime Environment (12.0.1+12) (build 12.0.1+12)
# Java VM: Java HotSpot(TM) 64-Bit Server VM (12.0.1+12, mixed mode, sharing, tiered, compressed oops, g1 gc, windows-amd64)
# Problematic frame:
# C  [libtesseract-3.dll+0x58f40]
#
# No core dump will be written. Minidumps are not enabled by default on client versions of Windows
#
# If you would like to submit a bug report, please visit:
#   http://bugreport.java.com/bugreport/crash.jsp
# The crash happened outside the Java Virtual Machine in native code.
# See problematic frame for where to report the bug.
#

---------------  S U M M A R Y ------------

Command Line: -javaagent:E:\Program Files\JetBrains\IntelliJ IDEA Community Edition 2019.1.3\lib\idea_rt.jar=50876:E:\Program Files\JetBrains\IntelliJ IDEA Community Edition 2019.1.3\bin -Dfile.encoding=UTF-8 ReceiptParserImplTest

Host: Intel(R) Core(TM) i7-8750H CPU @ 2.20GHz, 12 cores, 15G,  Windows 10 , 64 bit Build 17134 (10.0.17134.753)
Time: Sat Jun  8 19:01:49 2019 Pacific Daylight Time elapsed time: 1 seconds (0d 0h 0m 1s)

---------------  T H R E A D  ---------------

Current thread (0x00000112ca4b9000):  JavaThread "main" [_thread_in_native, id=17100, stack(0x0000000769200000,0x0000000769300000)]

Stack: [0x0000000769200000,0x0000000769300000],  sp=0x00000007692ff210,  free space=1020k
Native frames: (J=compiled Java code, j=interpreted, Vv=VM code, C=native code)
C  [libtesseract-3.dll+0x58f40]

Java frames: (J=compiled Java code, j=interpreted, Vv=VM code)
j  org.bytedeco.javacpp.tesseract$TessBaseAPI.SetImage(Ljava/nio/ByteBuffer;IIII)V+0
j  jocr.src.main.java.ReceiptParserImpl.readReceipt(Lorg/bytedeco/javacpp/opencv_core$IplImage;)Ljava/lang/String;+138
j  ReceiptParserImplTest.main([Ljava/lang/String;)V+132
v  ~StubRoutines::call_stub

siginfo: EXCEPTION_ACCESS_VIOLATION (0xc0000005), reading address 0x00000112f5e8a360


Register to memory mapping:

RIP=0x0000000068a58f40 libtesseract-3.dll
RAX=0x0 is NULL
RBX=0x00000112f5e8a360 is an unknown value
RCX=0x000000000000008f is an unknown value
RDX=0x00000112f9d308fe points into unknown readable memory: 8f 9e
RSP=0x00000007692ff210 is pointing into the stack for thread: 0x00000112ca4b9000
RBP=0x000000000000039e is an unknown value
RSI=0x00000112f9d30900 points into unknown readable memory: 00 00 00 00 00 00 00 00
RDI=0x00000112f7a008d0 points into unknown readable memory: d0 a7 c4 68 00 00 00 00
R8 =0x00000000000001fe is an unknown value
R9 =0x00000000000003a0 is an unknown value
R10=0x0000000000000e78 is an unknown value
R11=0x0000000000000246 is an unknown value
R12=0x00000000000007f2 is an unknown value
R13=0x0000000000000008 is an unknown value
R14=0x0000000000000001 is an unknown value
R15=0x0000000000000e78 is an unknown value


Registers:
RAX=0x0000000000000000, RBX=0x00000112f5e8a360, RCX=0x000000000000008f, RDX=0x00000112f9d308fe
RSP=0x00000007692ff210, RBP=0x000000000000039e, RSI=0x00000112f9d30900, RDI=0x00000112f7a008d0
R8 =0x00000000000001fe, R9 =0x00000000000003a0, R10=0x0000000000000e78, R11=0x0000000000000246
R12=0x00000000000007f2, R13=0x0000000000000008, R14=0x0000000000000001, R15=0x0000000000000e78
RIP=0x0000000068a58f40, EFLAGS=0x0000000000010202

Top of Stack: (sp=0x00000007692ff210)
0x00000007692ff210:   00000112f7a01370 00000000000007f2
0x00000007692ff220:   0000011200000008 00000112ca4b9000
0x00000007692ff230:   0000000000000000 00000112f7a01370
0x00000007692ff240:   00000112ca4b9330 00000112f5cbd050
0x00000007692ff250:   0000000000000000 00000007692ff3f0
0x00000007692ff260:   000000000000039e 00000000000007f2
0x00000007692ff270:   0000000000000001 000000006a90b2a9
0x00000007692ff280:   00000112ca4b9330 00000007692ff3f0
0x00000007692ff290:   00000112f44c4690 00000007692ff3f8
0x00000007692ff2a0:   0000000700000001 0000000000000e78
0x00000007692ff2b0:   0000000000000000 00000112f44c4690
0x00000007692ff2c0:   00000112f07732e8 00000112f07732e8
0x00000007692ff2d0:   0000000000000000 00000112d4099880
0x00000007692ff2e0:   00000007692ff3b0 0000000000000000
0x00000007692ff2f0:   00000112f07732e0 00000007692ff3f8
0x00000007692ff300:   00000112ca4b9000 00000112d409f0f7 

Instructions: (pc=0x0000000068a58f40)
0x0000000068a58f20:   00 00 00 48 98 45 31 c0 4c 8d 0c 85 00 00 00 00
0x0000000068a58f30:   31 c0 85 ed 7e 20 66 2e 0f 1f 84 00 00 00 00 00
0x0000000068a58f40:   0f b6 0c 03 48 8d 14 06 48 83 c0 01 48 83 f2 03
0x0000000068a58f50:   39 c5 88 0a 7f ea 41 83 c0 01 4c 01 ce 4c 01 d3 


Stack slot to memory mapping:
stack at sp + 0 slots: 0x00000112f7a01370 points into unknown readable memory: 9e 03 00 00 f2 07 00 00
stack at sp + 1 slots: 0x00000000000007f2 is an unknown value
stack at sp + 2 slots: 0x0000011200000008 is an unknown value
stack at sp + 3 slots: 0x00000112ca4b9000 is a thread
stack at sp + 4 slots: 0x0 is NULL
stack at sp + 5 slots: 0x00000112f7a01370 points into unknown readable memory: 9e 03 00 00 f2 07 00 00
stack at sp + 6 slots: 0x00000112ca4b9330 points into unknown readable memory: e0 1d b7 71 fe 7f 00 00
stack at sp + 7 slots: 0x00000112f5cbd050 points into unknown readable memory: e6 e1 e3 db d8 bc ab b0


---------------  P R O C E S S  ---------------

Threads class SMR info:
_java_thread_list=0x00000112f5f72350, length=12, elements={
0x00000112ca4b9000, 0x00000112f0191800, 0x00000112f0193800, 0x00000112f01ab800,
0x00000112f01ac800, 0x00000112f0a32000, 0x00000112f0a35000, 0x00000112f0a3e000,
0x00000112f0a31000, 0x00000112f0c52000, 0x00000112f0d61800, 0x00000112f5f2a800
}

Java Threads: ( => current thread )
=>0x00000112ca4b9000 JavaThread "main" [_thread_in_native, id=17100, stack(0x0000000769200000,0x0000000769300000)]
  0x00000112f0191800 JavaThread "Reference Handler" daemon [_thread_blocked, id=14596, stack(0x0000000769900000,0x0000000769a00000)]
  0x00000112f0193800 JavaThread "Finalizer" daemon [_thread_blocked, id=10340, stack(0x0000000769a00000,0x0000000769b00000)]
  0x00000112f01ab800 JavaThread "Signal Dispatcher" daemon [_thread_blocked, id=3812, stack(0x0000000769b00000,0x0000000769c00000)]
  0x00000112f01ac800 JavaThread "Attach Listener" daemon [_thread_blocked, id=3084, stack(0x0000000769c00000,0x0000000769d00000)]
  0x00000112f0a32000 JavaThread "C2 CompilerThread0" daemon [_thread_blocked, id=5296, stack(0x0000000769d00000,0x0000000769e00000)]
  0x00000112f0a35000 JavaThread "C1 CompilerThread0" daemon [_thread_blocked, id=12748, stack(0x0000000769e00000,0x0000000769f00000)]
  0x00000112f0a3e000 JavaThread "Sweeper thread" daemon [_thread_blocked, id=17728, stack(0x0000000769f00000,0x000000076a000000)]
  0x00000112f0a31000 JavaThread "Common-Cleaner" daemon [_thread_blocked, id=8532, stack(0x000000076a000000,0x000000076a100000)]
  0x00000112f0c52000 JavaThread "Monitor Ctrl-Break" daemon [_thread_in_native, id=5960, stack(0x000000076a200000,0x000000076a300000)]
  0x00000112f0d61800 JavaThread "Service Thread" daemon [_thread_blocked, id=900, stack(0x000000076a300000,0x000000076a400000)]
  0x00000112f5f2a800 JavaThread "C2 CompilerThread1" daemon [_thread_blocked, id=10084, stack(0x000000076b100000,0x000000076b200000)]

Other Threads:
  0x00000112f018f000 VMThread "VM Thread" [stack: 0x0000000769800000,0x0000000769900000] [id=11496]
  0x00000112f0d92000 WatcherThread [stack: 0x000000076a400000,0x000000076a500000] [id=12312]
  0x00000112ca51e000 GCTaskThread "GC Thread#0" [stack: 0x0000000769300000,0x0000000769400000] [id=10936]
  0x00000112f6444000 GCTaskThread "GC Thread#1" [stack: 0x000000076b200000,0x000000076b300000] [id=1040]
  0x00000112f6445000 GCTaskThread "GC Thread#2" [stack: 0x000000076b300000,0x000000076b400000] [id=16720]
  0x00000112f6445800 GCTaskThread "GC Thread#3" [stack: 0x000000076b400000,0x000000076b500000] [id=10644]
  0x00000112f658a000 GCTaskThread "GC Thread#4" [stack: 0x000000076b500000,0x000000076b600000] [id=17672]
  0x00000112f658a800 GCTaskThread "GC Thread#5" [stack: 0x000000076b600000,0x000000076b700000] [id=9600]
  0x00000112ca538000 ConcurrentGCThread "G1 Main Marker" [stack: 0x0000000769400000,0x0000000769500000] [id=8952]
  0x00000112ca53b000 ConcurrentGCThread "G1 Conc#0" [stack: 0x0000000769500000,0x0000000769600000] [id=1272]
  0x00000112f0087800 ConcurrentGCThread "G1 Refine#0" [stack: 0x0000000769600000,0x0000000769700000] [id=17564]
  0x00000112f008a000 ConcurrentGCThread "G1 Young RemSet Sampling" [stack: 0x0000000769700000,0x0000000769800000] [id=17736]

Threads with active compile tasks:

VM state:not at safepoint (normal execution)

VM Mutex/Monitor currently owned by a thread: None

Heap address: 0x00000004d6c00000, size: 4062 MB, Compressed Oops mode: Zero based, Oop shift amount: 3
Narrow klass base: 0x0000000800000000, Narrow klass shift: 3
Compressed class space size: 1073741824 Address: 0x00000008011a0000

Heap:
 garbage-first heap   total 260096K, used 4155K [0x00000004d6c00000, 0x00000005d4a00000)
  region size 1024K, 6 young (6144K), 3 survivors (3072K)
 Metaspace       used 5798K, capacity 8368K, committed 8448K, reserved 1056768K
  class space    used 455K, capacity 720K, committed 768K, reserved 1048576K
Heap Regions: E=young(eden), S=young(survivor), O=old, HS=humongous(starts), HC=humongous(continues), CS=collection set, F=free, A=archive, TAMS=top-at-mark-start (previous, next)
|   0|0x00000004d6c00000, 0x00000004d6c00000, 0x00000004d6d00000|  0%| F|  |TAMS 0x00000004d6c00000, 0x00000004d6c00000| Untracked 
|   1|0x00000004d6d00000, 0x00000004d6d00000, 0x00000004d6e00000|  0%| F|  |TAMS 0x00000004d6d00000, 0x00000004d6d00000| Untracked 
|   2|0x00000004d6e00000, 0x00000004d6e00000, 0x00000004d6f00000|  0%| F|  |TAMS 0x00000004d6e00000, 0x00000004d6e00000| Untracked 
|   3|0x00000004d6f00000, 0x00000004d6f00000, 0x00000004d7000000|  0%| F|  |TAMS 0x00000004d6f00000, 0x00000004d6f00000| Untracked 
|   4|0x00000004d7000000, 0x00000004d7000000, 0x00000004d7100000|  0%| F|  |TAMS 0x00000004d7000000, 0x00000004d7000000| Untracked 
|   5|0x00000004d7100000, 0x00000004d7100000, 0x00000004d7200000|  0%| F|  |TAMS 0x00000004d7100000, 0x00000004d7100000| Untracked 
|   6|0x00000004d7200000, 0x00000004d7200000, 0x00000004d7300000|  0%| F|  |TAMS 0x00000004d7200000, 0x00000004d7200000| Untracked 
|   7|0x00000004d7300000, 0x00000004d7300000, 0x00000004d7400000|  0%| F|  |TAMS 0x00000004d7300000, 0x00000004d7300000| Untracked 
|   8|0x00000004d7400000, 0x00000004d7400000, 0x00000004d7500000|  0%| F|  |TAMS 0x00000004d7400000, 0x00000004d7400000| Untracked 
|   9|0x00000004d7500000, 0x00000004d7500000, 0x00000004d7600000|  0%| F|  |TAMS 0x00000004d7500000, 0x00000004d7500000| Untracked 
|  10|0x00000004d7600000, 0x00000004d7600000, 0x00000004d7700000|  0%| F|  |TAMS 0x00000004d7600000, 0x00000004d7600000| Untracked 
|  11|0x00000004d7700000, 0x00000004d7700000, 0x00000004d7800000|  0%| F|  |TAMS 0x00000004d7700000, 0x00000004d7700000| Untracked 
|  12|0x00000004d7800000, 0x00000004d7800000, 0x00000004d7900000|  0%| F|  |TAMS 0x00000004d7800000, 0x00000004d7800000| Untracked 
|  13|0x00000004d7900000, 0x00000004d7900000, 0x00000004d7a00000|  0%| F|  |TAMS 0x00000004d7900000, 0x00000004d7900000| Untracked 
|  14|0x00000004d7a00000, 0x00000004d7a00000, 0x00000004d7b00000|  0%| F|  |TAMS 0x00000004d7a00000, 0x00000004d7a00000| Untracked 
|  15|0x00000004d7b00000, 0x00000004d7b00000, 0x00000004d7c00000|  0%| F|  |TAMS 0x00000004d7b00000, 0x00000004d7b00000| Untracked 
|  16|0x00000004d7c00000, 0x00000004d7c00000, 0x00000004d7d00000|  0%| F|  |TAMS 0x00000004d7c00000, 0x00000004d7c00000| Untracked 
|  17|0x00000004d7d00000, 0x00000004d7d00000, 0x00000004d7e00000|  0%| F|  |TAMS 0x00000004d7d00000, 0x00000004d7d00000| Untracked 
|  18|0x00000004d7e00000, 0x00000004d7e00000, 0x00000004d7f00000|  0%| F|  |TAMS 0x00000004d7e00000, 0x00000004d7e00000| Untracked 
|  19|0x00000004d7f00000, 0x00000004d7f00000, 0x00000004d8000000|  0%| F|  |TAMS 0x00000004d7f00000, 0x00000004d7f00000| Untracked 
|  20|0x00000004d8000000, 0x00000004d8000000, 0x00000004d8100000|  0%| F|  |TAMS 0x00000004d8000000, 0x00000004d8000000| Untracked 
|  21|0x00000004d8100000, 0x00000004d8100000, 0x00000004d8200000|  0%| F|  |TAMS 0x00000004d8100000, 0x00000004d8100000| Untracked 
|  22|0x00000004d8200000, 0x00000004d8200000, 0x00000004d8300000|  0%| F|  |TAMS 0x00000004d8200000, 0x00000004d8200000| Untracked 
|  23|0x00000004d8300000, 0x00000004d8300000, 0x00000004d8400000|  0%| F|  |TAMS 0x00000004d8300000, 0x00000004d8300000| Untracked 
|  24|0x00000004d8400000, 0x00000004d8400000, 0x00000004d8500000|  0%| F|  |TAMS 0x00000004d8400000, 0x00000004d8400000| Untracked 
|  25|0x00000004d8500000, 0x00000004d8500000, 0x00000004d8600000|  0%| F|  |TAMS 0x00000004d8500000, 0x00000004d8500000| Untracked 
|  26|0x00000004d8600000, 0x00000004d8600000, 0x00000004d8700000|  0%| F|  |TAMS 0x00000004d8600000, 0x00000004d8600000| Untracked 
|  27|0x00000004d8700000, 0x00000004d8700000, 0x00000004d8800000|  0%| F|  |TAMS 0x00000004d8700000, 0x00000004d8700000| Untracked 
|  28|0x00000004d8800000, 0x00000004d8800000, 0x00000004d8900000|  0%| F|  |TAMS 0x00000004d8800000, 0x00000004d8800000| Untracked 
|  29|0x00000004d8900000, 0x00000004d8900000, 0x00000004d8a00000|  0%| F|  |TAMS 0x00000004d8900000, 0x00000004d8900000| Untracked 
|  30|0x00000004d8a00000, 0x00000004d8a00000, 0x00000004d8b00000|  0%| F|  |TAMS 0x00000004d8a00000, 0x00000004d8a00000| Untracked 
|  31|0x00000004d8b00000, 0x00000004d8b00000, 0x00000004d8c00000|  0%| F|  |TAMS 0x00000004d8b00000, 0x00000004d8b00000| Untracked 
|  32|0x00000004d8c00000, 0x00000004d8c00000, 0x00000004d8d00000|  0%| F|  |TAMS 0x00000004d8c00000, 0x00000004d8c00000| Untracked 
|  33|0x00000004d8d00000, 0x00000004d8d00000, 0x00000004d8e00000|  0%| F|  |TAMS 0x00000004d8d00000, 0x00000004d8d00000| Untracked 
|  34|0x00000004d8e00000, 0x00000004d8e00000, 0x00000004d8f00000|  0%| F|  |TAMS 0x00000004d8e00000, 0x00000004d8e00000| Untracked 
|  35|0x00000004d8f00000, 0x00000004d8f00000, 0x00000004d9000000|  0%| F|  |TAMS 0x00000004d8f00000, 0x00000004d8f00000| Untracked 
|  36|0x00000004d9000000, 0x00000004d9000000, 0x00000004d9100000|  0%| F|  |TAMS 0x00000004d9000000, 0x00000004d9000000| Untracked 
|  37|0x00000004d9100000, 0x00000004d9100000, 0x00000004d9200000|  0%| F|  |TAMS 0x00000004d9100000, 0x00000004d9100000| Untracked 
|  38|0x00000004d9200000, 0x00000004d9200000, 0x00000004d9300000|  0%| F|  |TAMS 0x00000004d9200000, 0x00000004d9200000| Untracked 
|  39|0x00000004d9300000, 0x00000004d9300000, 0x00000004d9400000|  0%| F|  |TAMS 0x00000004d9300000, 0x00000004d9300000| Untracked 
|  40|0x00000004d9400000, 0x00000004d9400000, 0x00000004d9500000|  0%| F|  |TAMS 0x00000004d9400000, 0x00000004d9400000| Untracked 
|  41|0x00000004d9500000, 0x00000004d9500000, 0x00000004d9600000|  0%| F|  |TAMS 0x00000004d9500000, 0x00000004d9500000| Untracked 
|  42|0x00000004d9600000, 0x00000004d9600000, 0x00000004d9700000|  0%| F|  |TAMS 0x00000004d9600000, 0x00000004d9600000| Untracked 
|  43|0x00000004d9700000, 0x00000004d9700000, 0x00000004d9800000|  0%| F|  |TAMS 0x00000004d9700000, 0x00000004d9700000| Untracked 
|  44|0x00000004d9800000, 0x00000004d9800000, 0x00000004d9900000|  0%| F|  |TAMS 0x00000004d9800000, 0x00000004d9800000| Untracked 
|  45|0x00000004d9900000, 0x00000004d9900000, 0x00000004d9a00000|  0%| F|  |TAMS 0x00000004d9900000, 0x00000004d9900000| Untracked 
|  46|0x00000004d9a00000, 0x00000004d9a00000, 0x00000004d9b00000|  0%| F|  |TAMS 0x00000004d9a00000, 0x00000004d9a00000| Untracked 
|  47|0x00000004d9b00000, 0x00000004d9b00000, 0x00000004d9c00000|  0%| F|  |TAMS 0x00000004d9b00000, 0x00000004d9b00000| Untracked 
|  48|0x00000004d9c00000, 0x00000004d9c00000, 0x00000004d9d00000|  0%| F|  |TAMS 0x00000004d9c00000, 0x00000004d9c00000| Untracked 
|  49|0x00000004d9d00000, 0x00000004d9d00000, 0x00000004d9e00000|  0%| F|  |TAMS 0x00000004d9d00000, 0x00000004d9d00000| Untracked 
|  50|0x00000004d9e00000, 0x00000004d9e00000, 0x00000004d9f00000|  0%| F|  |TAMS 0x00000004d9e00000, 0x00000004d9e00000| Untracked 
|  51|0x00000004d9f00000, 0x00000004d9f00000, 0x00000004da000000|  0%| F|  |TAMS 0x00000004d9f00000, 0x00000004d9f00000| Untracked 
|  52|0x00000004da000000, 0x00000004da000000, 0x00000004da100000|  0%| F|  |TAMS 0x00000004da000000, 0x00000004da000000| Untracked 
|  53|0x00000004da100000, 0x00000004da100000, 0x00000004da200000|  0%| F|  |TAMS 0x00000004da100000, 0x00000004da100000| Untracked 
|  54|0x00000004da200000, 0x00000004da200000, 0x00000004da300000|  0%| F|  |TAMS 0x00000004da200000, 0x00000004da200000| Untracked 
|  55|0x00000004da300000, 0x00000004da300000, 0x00000004da400000|  0%| F|  |TAMS 0x00000004da300000, 0x00000004da300000| Untracked 
|  56|0x00000004da400000, 0x00000004da400000, 0x00000004da500000|  0%| F|  |TAMS 0x00000004da400000, 0x00000004da400000| Untracked 
|  57|0x00000004da500000, 0x00000004da500000, 0x00000004da600000|  0%| F|  |TAMS 0x00000004da500000, 0x00000004da500000| Untracked 
|  58|0x00000004da600000, 0x00000004da600000, 0x00000004da700000|  0%| F|  |TAMS 0x00000004da600000, 0x00000004da600000| Untracked 
|  59|0x00000004da700000, 0x00000004da700000, 0x00000004da800000|  0%| F|  |TAMS 0x00000004da700000, 0x00000004da700000| Untracked 
|  60|0x00000004da800000, 0x00000004da800000, 0x00000004da900000|  0%| F|  |TAMS 0x00000004da800000, 0x00000004da800000| Untracked 
|  61|0x00000004da900000, 0x00000004da900000, 0x00000004daa00000|  0%| F|  |TAMS 0x00000004da900000, 0x00000004da900000| Untracked 
|  62|0x00000004daa00000, 0x00000004daa00000, 0x00000004dab00000|  0%| F|  |TAMS 0x00000004daa00000, 0x00000004daa00000| Untracked 
|  63|0x00000004dab00000, 0x00000004dab00000, 0x00000004dac00000|  0%| F|  |TAMS 0x00000004dab00000, 0x00000004dab00000| Untracked 
|  64|0x00000004dac00000, 0x00000004dac00000, 0x00000004dad00000|  0%| F|  |TAMS 0x00000004dac00000, 0x00000004dac00000| Untracked 
|  65|0x00000004dad00000, 0x00000004dad00000, 0x00000004dae00000|  0%| F|  |TAMS 0x00000004dad00000, 0x00000004dad00000| Untracked 
|  66|0x00000004dae00000, 0x00000004dae00000, 0x00000004daf00000|  0%| F|  |TAMS 0x00000004dae00000, 0x00000004dae00000| Untracked 
|  67|0x00000004daf00000, 0x00000004daf00000, 0x00000004db000000|  0%| F|  |TAMS 0x00000004daf00000, 0x00000004daf00000| Untracked 
|  68|0x00000004db000000, 0x00000004db000000, 0x00000004db100000|  0%| F|  |TAMS 0x00000004db000000, 0x00000004db000000| Untracked 
|  69|0x00000004db100000, 0x00000004db100000, 0x00000004db200000|  0%| F|  |TAMS 0x00000004db100000, 0x00000004db100000| Untracked 
|  70|0x00000004db200000, 0x00000004db200000, 0x00000004db300000|  0%| F|  |TAMS 0x00000004db200000, 0x00000004db200000| Untracked 
|  71|0x00000004db300000, 0x00000004db300000, 0x00000004db400000|  0%| F|  |TAMS 0x00000004db300000, 0x00000004db300000| Untracked 
|  72|0x00000004db400000, 0x00000004db400000, 0x00000004db500000|  0%| F|  |TAMS 0x00000004db400000, 0x00000004db400000| Untracked 
|  73|0x00000004db500000, 0x00000004db500000, 0x00000004db600000|  0%| F|  |TAMS 0x00000004db500000, 0x00000004db500000| Untracked 
|  74|0x00000004db600000, 0x00000004db600000, 0x00000004db700000|  0%| F|  |TAMS 0x00000004db600000, 0x00000004db600000| Untracked 
|  75|0x00000004db700000, 0x00000004db700000, 0x00000004db800000|  0%| F|  |TAMS 0x00000004db700000, 0x00000004db700000| Untracked 
|  76|0x00000004db800000, 0x00000004db800000, 0x00000004db900000|  0%| F|  |TAMS 0x00000004db800000, 0x00000004db800000| Untracked 
|  77|0x00000004db900000, 0x00000004db900000, 0x00000004dba00000|  0%| F|  |TAMS 0x00000004db900000, 0x00000004db900000| Untracked 
|  78|0x00000004dba00000, 0x00000004dba00000, 0x00000004dbb00000|  0%| F|  |TAMS 0x00000004dba00000, 0x00000004dba00000| Untracked 
|  79|0x00000004dbb00000, 0x00000004dbb00000, 0x00000004dbc00000|  0%| F|  |TAMS 0x00000004dbb00000, 0x00000004dbb00000| Untracked 
|  80|0x00000004dbc00000, 0x00000004dbc00000, 0x00000004dbd00000|  0%| F|  |TAMS 0x00000004dbc00000, 0x00000004dbc00000| Untracked 
|  81|0x00000004dbd00000, 0x00000004dbd00000, 0x00000004dbe00000|  0%| F|  |TAMS 0x00000004dbd00000, 0x00000004dbd00000| Untracked 
|  82|0x00000004dbe00000, 0x00000004dbe00000, 0x00000004dbf00000|  0%| F|  |TAMS 0x00000004dbe00000, 0x00000004dbe00000| Untracked 
|  83|0x00000004dbf00000, 0x00000004dbf00000, 0x00000004dc000000|  0%| F|  |TAMS 0x00000004dbf00000, 0x00000004dbf00000| Untracked 
|  84|0x00000004dc000000, 0x00000004dc000000, 0x00000004dc100000|  0%| F|  |TAMS 0x00000004dc000000, 0x00000004dc000000| Untracked 
|  85|0x00000004dc100000, 0x00000004dc100000, 0x00000004dc200000|  0%| F|  |TAMS 0x00000004dc100000, 0x00000004dc100000| Untracked 
|  86|0x00000004dc200000, 0x00000004dc200000, 0x00000004dc300000|  0%| F|  |TAMS 0x00000004dc200000, 0x00000004dc200000| Untracked 
|  87|0x00000004dc300000, 0x00000004dc300000, 0x00000004dc400000|  0%| F|  |TAMS 0x00000004dc300000, 0x00000004dc300000| Untracked 
|  88|0x00000004dc400000, 0x00000004dc400000, 0x00000004dc500000|  0%| F|  |TAMS 0x00000004dc400000, 0x00000004dc400000| Untracked 
|  89|0x00000004dc500000, 0x00000004dc500000, 0x00000004dc600000|  0%| F|  |TAMS 0x00000004dc500000, 0x00000004dc500000| Untracked 
|  90|0x00000004dc600000, 0x00000004dc600000, 0x00000004dc700000|  0%| F|  |TAMS 0x00000004dc600000, 0x00000004dc600000| Untracked 
|  91|0x00000004dc700000, 0x00000004dc700000, 0x00000004dc800000|  0%| F|  |TAMS 0x00000004dc700000, 0x00000004dc700000| Untracked 
|  92|0x00000004dc800000, 0x00000004dc800000, 0x00000004dc900000|  0%| F|  |TAMS 0x00000004dc800000, 0x00000004dc800000| Untracked 
|  93|0x00000004dc900000, 0x00000004dc900000, 0x00000004dca00000|  0%| F|  |TAMS 0x00000004dc900000, 0x00000004dc900000| Untracked 
|  94|0x00000004dca00000, 0x00000004dca00000, 0x00000004dcb00000|  0%| F|  |TAMS 0x00000004dca00000, 0x00000004dca00000| Untracked 
|  95|0x00000004dcb00000, 0x00000004dcb00000, 0x00000004dcc00000|  0%| F|  |TAMS 0x00000004dcb00000, 0x00000004dcb00000| Untracked 
|  96|0x00000004dcc00000, 0x00000004dcc00000, 0x00000004dcd00000|  0%| F|  |TAMS 0x00000004dcc00000, 0x00000004dcc00000| Untracked 
|  97|0x00000004dcd00000, 0x00000004dcd00000, 0x00000004dce00000|  0%| F|  |TAMS 0x00000004dcd00000, 0x00000004dcd00000| Untracked 
|  98|0x00000004dce00000, 0x00000004dce00000, 0x00000004dcf00000|  0%| F|  |TAMS 0x00000004dce00000, 0x00000004dce00000| Untracked 
|  99|0x00000004dcf00000, 0x00000004dcf00000, 0x00000004dd000000|  0%| F|  |TAMS 0x00000004dcf00000, 0x00000004dcf00000| Untracked 
| 100|0x00000004dd000000, 0x00000004dd000000, 0x00000004dd100000|  0%| F|  |TAMS 0x00000004dd000000, 0x00000004dd000000| Untracked 
| 101|0x00000004dd100000, 0x00000004dd100000, 0x00000004dd200000|  0%| F|  |TAMS 0x00000004dd100000, 0x00000004dd100000| Untracked 
| 102|0x00000004dd200000, 0x00000004dd200000, 0x00000004dd300000|  0%| F|  |TAMS 0x00000004dd200000, 0x00000004dd200000| Untracked 
| 103|0x00000004dd300000, 0x00000004dd300000, 0x00000004dd400000|  0%| F|  |TAMS 0x00000004dd300000, 0x00000004dd300000| Untracked 
| 104|0x00000004dd400000, 0x00000004dd400000, 0x00000004dd500000|  0%| F|  |TAMS 0x00000004dd400000, 0x00000004dd400000| Untracked 
| 105|0x00000004dd500000, 0x00000004dd500000, 0x00000004dd600000|  0%| F|  |TAMS 0x00000004dd500000, 0x00000004dd500000| Untracked 
| 106|0x00000004dd600000, 0x00000004dd600000, 0x00000004dd700000|  0%| F|  |TAMS 0x00000004dd600000, 0x00000004dd600000| Untracked 
| 107|0x00000004dd700000, 0x00000004dd700000, 0x00000004dd800000|  0%| F|  |TAMS 0x00000004dd700000, 0x00000004dd700000| Untracked 
| 108|0x00000004dd800000, 0x00000004dd800000, 0x00000004dd900000|  0%| F|  |TAMS 0x00000004dd800000, 0x00000004dd800000| Untracked 
| 109|0x00000004dd900000, 0x00000004dd900000, 0x00000004dda00000|  0%| F|  |TAMS 0x00000004dd900000, 0x00000004dd900000| Untracked 
| 110|0x00000004dda00000, 0x00000004dda00000, 0x00000004ddb00000|  0%| F|  |TAMS 0x00000004dda00000, 0x00000004dda00000| Untracked 
| 111|0x00000004ddb00000, 0x00000004ddb00000, 0x00000004ddc00000|  0%| F|  |TAMS 0x00000004ddb00000, 0x00000004ddb00000| Untracked 
| 112|0x00000004ddc00000, 0x00000004ddc00000, 0x00000004ddd00000|  0%| F|  |TAMS 0x00000004ddc00000, 0x00000004ddc00000| Untracked 
| 113|0x00000004ddd00000, 0x00000004ddd00000, 0x00000004dde00000|  0%| F|  |TAMS 0x00000004ddd00000, 0x00000004ddd00000| Untracked 
| 114|0x00000004dde00000, 0x00000004dde00000, 0x00000004ddf00000|  0%| F|  |TAMS 0x00000004dde00000, 0x00000004dde00000| Untracked 
| 115|0x00000004ddf00000, 0x00000004ddf00000, 0x00000004de000000|  0%| F|  |TAMS 0x00000004ddf00000, 0x00000004ddf00000| Untracked 
| 116|0x00000004de000000, 0x00000004de000000, 0x00000004de100000|  0%| F|  |TAMS 0x00000004de000000, 0x00000004de000000| Untracked 
| 117|0x00000004de100000, 0x00000004de100000, 0x00000004de200000|  0%| F|  |TAMS 0x00000004de100000, 0x00000004de100000| Untracked 
| 118|0x00000004de200000, 0x00000004de200000, 0x00000004de300000|  0%| F|  |TAMS 0x00000004de200000, 0x00000004de200000| Untracked 
| 119|0x00000004de300000, 0x00000004de300000, 0x00000004de400000|  0%| F|  |TAMS 0x00000004de300000, 0x00000004de300000| Untracked 
| 120|0x00000004de400000, 0x00000004de400000, 0x00000004de500000|  0%| F|  |TAMS 0x00000004de400000, 0x00000004de400000| Untracked 
| 121|0x00000004de500000, 0x00000004de500000, 0x00000004de600000|  0%| F|  |TAMS 0x00000004de500000, 0x00000004de500000| Untracked 
| 122|0x00000004de600000, 0x00000004de600000, 0x00000004de700000|  0%| F|  |TAMS 0x00000004de600000, 0x00000004de600000| Untracked 
| 123|0x00000004de700000, 0x00000004de700000, 0x00000004de800000|  0%| F|  |TAMS 0x00000004de700000, 0x00000004de700000| Untracked 
| 124|0x00000004de800000, 0x00000004de800000, 0x00000004de900000|  0%| F|  |TAMS 0x00000004de800000, 0x00000004de800000| Untracked 
| 125|0x00000004de900000, 0x00000004de900000, 0x00000004dea00000|  0%| F|  |TAMS 0x00000004de900000, 0x00000004de900000| Untracked 
| 126|0x00000004dea00000, 0x00000004dea00000, 0x00000004deb00000|  0%| F|  |TAMS 0x00000004dea00000, 0x00000004dea00000| Untracked 
| 127|0x00000004deb00000, 0x00000004deb00000, 0x00000004dec00000|  0%| F|  |TAMS 0x00000004deb00000, 0x00000004deb00000| Untracked 
| 128|0x00000004dec00000, 0x00000004dec00000, 0x00000004ded00000|  0%| F|  |TAMS 0x00000004dec00000, 0x00000004dec00000| Untracked 
| 129|0x00000004ded00000, 0x00000004ded00000, 0x00000004dee00000|  0%| F|  |TAMS 0x00000004ded00000, 0x00000004ded00000| Untracked 
| 130|0x00000004dee00000, 0x00000004dee00000, 0x00000004def00000|  0%| F|  |TAMS 0x00000004dee00000, 0x00000004dee00000| Untracked 
| 131|0x00000004def00000, 0x00000004def00000, 0x00000004df000000|  0%| F|  |TAMS 0x00000004def00000, 0x00000004def00000| Untracked 
| 132|0x00000004df000000, 0x00000004df000000, 0x00000004df100000|  0%| F|  |TAMS 0x00000004df000000, 0x00000004df000000| Untracked 
| 133|0x00000004df100000, 0x00000004df100000, 0x00000004df200000|  0%| F|  |TAMS 0x00000004df100000, 0x00000004df100000| Untracked 
| 134|0x00000004df200000, 0x00000004df200000, 0x00000004df300000|  0%| F|  |TAMS 0x00000004df200000, 0x00000004df200000| Untracked 
| 135|0x00000004df300000, 0x00000004df300000, 0x00000004df400000|  0%| F|  |TAMS 0x00000004df300000, 0x00000004df300000| Untracked 
| 136|0x00000004df400000, 0x00000004df400000, 0x00000004df500000|  0%| F|  |TAMS 0x00000004df400000, 0x00000004df400000| Untracked 
| 137|0x00000004df500000, 0x00000004df500000, 0x00000004df600000|  0%| F|  |TAMS 0x00000004df500000, 0x00000004df500000| Untracked 
| 138|0x00000004df600000, 0x00000004df600000, 0x00000004df700000|  0%| F|  |TAMS 0x00000004df600000, 0x00000004df600000| Untracked 
| 139|0x00000004df700000, 0x00000004df700000, 0x00000004df800000|  0%| F|  |TAMS 0x00000004df700000, 0x00000004df700000| Untracked 
| 140|0x00000004df800000, 0x00000004df800000, 0x00000004df900000|  0%| F|  |TAMS 0x00000004df800000, 0x00000004df800000| Untracked 
| 141|0x00000004df900000, 0x00000004df900000, 0x00000004dfa00000|  0%| F|  |TAMS 0x00000004df900000, 0x00000004df900000| Untracked 
| 142|0x00000004dfa00000, 0x00000004dfa00000, 0x00000004dfb00000|  0%| F|  |TAMS 0x00000004dfa00000, 0x00000004dfa00000| Untracked 
| 143|0x00000004dfb00000, 0x00000004dfb00000, 0x00000004dfc00000|  0%| F|  |TAMS 0x00000004dfb00000, 0x00000004dfb00000| Untracked 
| 144|0x00000004dfc00000, 0x00000004dfc00000, 0x00000004dfd00000|  0%| F|  |TAMS 0x00000004dfc00000, 0x00000004dfc00000| Untracked 
| 145|0x00000004dfd00000, 0x00000004dfd00000, 0x00000004dfe00000|  0%| F|  |TAMS 0x00000004dfd00000, 0x00000004dfd00000| Untracked 
| 146|0x00000004dfe00000, 0x00000004dfe00000, 0x00000004dff00000|  0%| F|  |TAMS 0x00000004dfe00000, 0x00000004dfe00000| Untracked 
| 147|0x00000004dff00000, 0x00000004dff00000, 0x00000004e0000000|  0%| F|  |TAMS 0x00000004dff00000, 0x00000004dff00000| Untracked 
| 148|0x00000004e0000000, 0x00000004e0000000, 0x00000004e0100000|  0%| F|  |TAMS 0x00000004e0000000, 0x00000004e0000000| Untracked 
| 149|0x00000004e0100000, 0x00000004e0100000, 0x00000004e0200000|  0%| F|  |TAMS 0x00000004e0100000, 0x00000004e0100000| Untracked 
| 150|0x00000004e0200000, 0x00000004e0200000, 0x00000004e0300000|  0%| F|  |TAMS 0x00000004e0200000, 0x00000004e0200000| Untracked 
| 151|0x00000004e0300000, 0x00000004e0300000, 0x00000004e0400000|  0%| F|  |TAMS 0x00000004e0300000, 0x00000004e0300000| Untracked 
| 152|0x00000004e0400000, 0x00000004e0400000, 0x00000004e0500000|  0%| F|  |TAMS 0x00000004e0400000, 0x00000004e0400000| Untracked 
| 153|0x00000004e0500000, 0x00000004e0500000, 0x00000004e0600000|  0%| F|  |TAMS 0x00000004e0500000, 0x00000004e0500000| Untracked 
| 154|0x00000004e0600000, 0x00000004e0600000, 0x00000004e0700000|  0%| F|  |TAMS 0x00000004e0600000, 0x00000004e0600000| Untracked 
| 155|0x00000004e0700000, 0x00000004e0700000, 0x00000004e0800000|  0%| F|  |TAMS 0x00000004e0700000, 0x00000004e0700000| Untracked 
| 156|0x00000004e0800000, 0x00000004e0800000, 0x00000004e0900000|  0%| F|  |TAMS 0x00000004e0800000, 0x00000004e0800000| Untracked 
| 157|0x00000004e0900000, 0x00000004e0900000, 0x00000004e0a00000|  0%| F|  |TAMS 0x00000004e0900000, 0x00000004e0900000| Untracked 
| 158|0x00000004e0a00000, 0x00000004e0a00000, 0x00000004e0b00000|  0%| F|  |TAMS 0x00000004e0a00000, 0x00000004e0a00000| Untracked 
| 159|0x00000004e0b00000, 0x00000004e0b00000, 0x00000004e0c00000|  0%| F|  |TAMS 0x00000004e0b00000, 0x00000004e0b00000| Untracked 
| 160|0x00000004e0c00000, 0x00000004e0c00000, 0x00000004e0d00000|  0%| F|  |TAMS 0x00000004e0c00000, 0x00000004e0c00000| Untracked 
| 161|0x00000004e0d00000, 0x00000004e0d00000, 0x00000004e0e00000|  0%| F|  |TAMS 0x00000004e0d00000, 0x00000004e0d00000| Untracked 
| 162|0x00000004e0e00000, 0x00000004e0e00000, 0x00000004e0f00000|  0%| F|  |TAMS 0x00000004e0e00000, 0x00000004e0e00000| Untracked 
| 163|0x00000004e0f00000, 0x00000004e0f00000, 0x00000004e1000000|  0%| F|  |TAMS 0x00000004e0f00000, 0x00000004e0f00000| Untracked 
| 164|0x00000004e1000000, 0x00000004e1000000, 0x00000004e1100000|  0%| F|  |TAMS 0x00000004e1000000, 0x00000004e1000000| Untracked 
| 165|0x00000004e1100000, 0x00000004e1100000, 0x00000004e1200000|  0%| F|  |TAMS 0x00000004e1100000, 0x00000004e1100000| Untracked 
| 166|0x00000004e1200000, 0x00000004e1200000, 0x00000004e1300000|  0%| F|  |TAMS 0x00000004e1200000, 0x00000004e1200000| Untracked 
| 167|0x00000004e1300000, 0x00000004e1300000, 0x00000004e1400000|  0%| F|  |TAMS 0x00000004e1300000, 0x00000004e1300000| Untracked 
| 168|0x00000004e1400000, 0x00000004e1400000, 0x00000004e1500000|  0%| F|  |TAMS 0x00000004e1400000, 0x00000004e1400000| Untracked 
| 169|0x00000004e1500000, 0x00000004e1500000, 0x00000004e1600000|  0%| F|  |TAMS 0x00000004e1500000, 0x00000004e1500000| Untracked 
| 170|0x00000004e1600000, 0x00000004e1600000, 0x00000004e1700000|  0%| F|  |TAMS 0x00000004e1600000, 0x00000004e1600000| Untracked 
| 171|0x00000004e1700000, 0x00000004e1700000, 0x00000004e1800000|  0%| F|  |TAMS 0x00000004e1700000, 0x00000004e1700000| Untracked 
| 172|0x00000004e1800000, 0x00000004e1800000, 0x00000004e1900000|  0%| F|  |TAMS 0x00000004e1800000, 0x00000004e1800000| Untracked 
| 173|0x00000004e1900000, 0x00000004e1900000, 0x00000004e1a00000|  0%| F|  |TAMS 0x00000004e1900000, 0x00000004e1900000| Untracked 
| 174|0x00000004e1a00000, 0x00000004e1a00000, 0x00000004e1b00000|  0%| F|  |TAMS 0x00000004e1a00000, 0x00000004e1a00000| Untracked 
| 175|0x00000004e1b00000, 0x00000004e1b00000, 0x00000004e1c00000|  0%| F|  |TAMS 0x00000004e1b00000, 0x00000004e1b00000| Untracked 
| 176|0x00000004e1c00000, 0x00000004e1c00000, 0x00000004e1d00000|  0%| F|  |TAMS 0x00000004e1c00000, 0x00000004e1c00000| Untracked 
| 177|0x00000004e1d00000, 0x00000004e1d00000, 0x00000004e1e00000|  0%| F|  |TAMS 0x00000004e1d00000, 0x00000004e1d00000| Untracked 
| 178|0x00000004e1e00000, 0x00000004e1e00000, 0x00000004e1f00000|  0%| F|  |TAMS 0x00000004e1e00000, 0x00000004e1e00000| Untracked 
| 179|0x00000004e1f00000, 0x00000004e1f00000, 0x00000004e2000000|  0%| F|  |TAMS 0x00000004e1f00000, 0x00000004e1f00000| Untracked 
| 180|0x00000004e2000000, 0x00000004e2000000, 0x00000004e2100000|  0%| F|  |TAMS 0x00000004e2000000, 0x00000004e2000000| Untracked 
| 181|0x00000004e2100000, 0x00000004e2100000, 0x00000004e2200000|  0%| F|  |TAMS 0x00000004e2100000, 0x00000004e2100000| Untracked 
| 182|0x00000004e2200000, 0x00000004e2200000, 0x00000004e2300000|  0%| F|  |TAMS 0x00000004e2200000, 0x00000004e2200000| Untracked 
| 183|0x00000004e2300000, 0x00000004e2300000, 0x00000004e2400000|  0%| F|  |TAMS 0x00000004e2300000, 0x00000004e2300000| Untracked 
| 184|0x00000004e2400000, 0x00000004e2400000, 0x00000004e2500000|  0%| F|  |TAMS 0x00000004e2400000, 0x00000004e2400000| Untracked 
| 185|0x00000004e2500000, 0x00000004e2500000, 0x00000004e2600000|  0%| F|  |TAMS 0x00000004e2500000, 0x00000004e2500000| Untracked 
| 186|0x00000004e2600000, 0x00000004e2600000, 0x00000004e2700000|  0%| F|  |TAMS 0x00000004e2600000, 0x00000004e2600000| Untracked 
| 187|0x00000004e2700000, 0x00000004e2700000, 0x00000004e2800000|  0%| F|  |TAMS 0x00000004e2700000, 0x00000004e2700000| Untracked 
| 188|0x00000004e2800000, 0x00000004e2800000, 0x00000004e2900000|  0%| F|  |TAMS 0x00000004e2800000, 0x00000004e2800000| Untracked 
| 189|0x00000004e2900000, 0x00000004e2900000, 0x00000004e2a00000|  0%| F|  |TAMS 0x00000004e2900000, 0x00000004e2900000| Untracked 
| 190|0x00000004e2a00000, 0x00000004e2a00000, 0x00000004e2b00000|  0%| F|  |TAMS 0x00000004e2a00000, 0x00000004e2a00000| Untracked 
| 191|0x00000004e2b00000, 0x00000004e2b00000, 0x00000004e2c00000|  0%| F|  |TAMS 0x00000004e2b00000, 0x00000004e2b00000| Untracked 
| 192|0x00000004e2c00000, 0x00000004e2c00000, 0x00000004e2d00000|  0%| F|  |TAMS 0x00000004e2c00000, 0x00000004e2c00000| Untracked 
| 193|0x00000004e2d00000, 0x00000004e2d00000, 0x00000004e2e00000|  0%| F|  |TAMS 0x00000004e2d00000, 0x00000004e2d00000| Untracked 
| 194|0x00000004e2e00000, 0x00000004e2e00000, 0x00000004e2f00000|  0%| F|  |TAMS 0x00000004e2e00000, 0x00000004e2e00000| Untracked 
| 195|0x00000004e2f00000, 0x00000004e2f00000, 0x00000004e3000000|  0%| F|  |TAMS 0x00000004e2f00000, 0x00000004e2f00000| Untracked 
| 196|0x00000004e3000000, 0x00000004e3000000, 0x00000004e3100000|  0%| F|  |TAMS 0x00000004e3000000, 0x00000004e3000000| Untracked 
| 197|0x00000004e3100000, 0x00000004e3100000, 0x00000004e3200000|  0%| F|  |TAMS 0x00000004e3100000, 0x00000004e3100000| Untracked 
| 198|0x00000004e3200000, 0x00000004e3200000, 0x00000004e3300000|  0%| F|  |TAMS 0x00000004e3200000, 0x00000004e3200000| Untracked 
| 199|0x00000004e3300000, 0x00000004e3300000, 0x00000004e3400000|  0%| F|  |TAMS 0x00000004e3300000, 0x00000004e3300000| Untracked 
| 200|0x00000004e3400000, 0x00000004e3400000, 0x00000004e3500000|  0%| F|  |TAMS 0x00000004e3400000, 0x00000004e3400000| Untracked 
| 201|0x00000004e3500000, 0x00000004e3500000, 0x00000004e3600000|  0%| F|  |TAMS 0x00000004e3500000, 0x00000004e3500000| Untracked 
| 202|0x00000004e3600000, 0x00000004e3600000, 0x00000004e3700000|  0%| F|  |TAMS 0x00000004e3600000, 0x00000004e3600000| Untracked 
| 203|0x00000004e3700000, 0x00000004e3700000, 0x00000004e3800000|  0%| F|  |TAMS 0x00000004e3700000, 0x00000004e3700000| Untracked 
| 204|0x00000004e3800000, 0x00000004e3800000, 0x00000004e3900000|  0%| F|  |TAMS 0x00000004e3800000, 0x00000004e3800000| Untracked 
| 205|0x00000004e3900000, 0x00000004e3900000, 0x00000004e3a00000|  0%| F|  |TAMS 0x00000004e3900000, 0x00000004e3900000| Untracked 
| 206|0x00000004e3a00000, 0x00000004e3a00000, 0x00000004e3b00000|  0%| F|  |TAMS 0x00000004e3a00000, 0x00000004e3a00000| Untracked 
| 207|0x00000004e3b00000, 0x00000004e3b00000, 0x00000004e3c00000|  0%| F|  |TAMS 0x00000004e3b00000, 0x00000004e3b00000| Untracked 
| 208|0x00000004e3c00000, 0x00000004e3c00000, 0x00000004e3d00000|  0%| F|  |TAMS 0x00000004e3c00000, 0x00000004e3c00000| Untracked 
| 209|0x00000004e3d00000, 0x00000004e3d00000, 0x00000004e3e00000|  0%| F|  |TAMS 0x00000004e3d00000, 0x00000004e3d00000| Untracked 
| 210|0x00000004e3e00000, 0x00000004e3e00000, 0x00000004e3f00000|  0%| F|  |TAMS 0x00000004e3e00000, 0x00000004e3e00000| Untracked 
| 211|0x00000004e3f00000, 0x00000004e3f00000, 0x00000004e4000000|  0%| F|  |TAMS 0x00000004e3f00000, 0x00000004e3f00000| Untracked 
| 212|0x00000004e4000000, 0x00000004e4000000, 0x00000004e4100000|  0%| F|  |TAMS 0x00000004e4000000, 0x00000004e4000000| Untracked 
| 213|0x00000004e4100000, 0x00000004e4100000, 0x00000004e4200000|  0%| F|  |TAMS 0x00000004e4100000, 0x00000004e4100000| Untracked 
| 214|0x00000004e4200000, 0x00000004e4200000, 0x00000004e4300000|  0%| F|  |TAMS 0x00000004e4200000, 0x00000004e4200000| Untracked 
| 215|0x00000004e4300000, 0x00000004e4300000, 0x00000004e4400000|  0%| F|  |TAMS 0x00000004e4300000, 0x00000004e4300000| Untracked 
| 216|0x00000004e4400000, 0x00000004e4400000, 0x00000004e4500000|  0%| F|  |TAMS 0x00000004e4400000, 0x00000004e4400000| Untracked 
| 217|0x00000004e4500000, 0x00000004e4500000, 0x00000004e4600000|  0%| F|  |TAMS 0x00000004e4500000, 0x00000004e4500000| Untracked 
| 218|0x00000004e4600000, 0x00000004e4600000, 0x00000004e4700000|  0%| F|  |TAMS 0x00000004e4600000, 0x00000004e4600000| Untracked 
| 219|0x00000004e4700000, 0x00000004e4700000, 0x00000004e4800000|  0%| F|  |TAMS 0x00000004e4700000, 0x00000004e4700000| Untracked 
| 220|0x00000004e4800000, 0x00000004e4800000, 0x00000004e4900000|  0%| F|  |TAMS 0x00000004e4800000, 0x00000004e4800000| Untracked 
| 221|0x00000004e4900000, 0x00000004e4900000, 0x00000004e4a00000|  0%| F|  |TAMS 0x00000004e4900000, 0x00000004e4900000| Untracked 
| 222|0x00000004e4a00000, 0x00000004e4a00000, 0x00000004e4b00000|  0%| F|  |TAMS 0x00000004e4a00000, 0x00000004e4a00000| Untracked 
| 223|0x00000004e4b00000, 0x00000004e4b00000, 0x00000004e4c00000|  0%| F|  |TAMS 0x00000004e4b00000, 0x00000004e4b00000| Untracked 
| 224|0x00000004e4c00000, 0x00000004e4c00000, 0x00000004e4d00000|  0%| F|  |TAMS 0x00000004e4c00000, 0x00000004e4c00000| Untracked 
| 225|0x00000004e4d00000, 0x00000004e4d00000, 0x00000004e4e00000|  0%| F|  |TAMS 0x00000004e4d00000, 0x00000004e4d00000| Untracked 
| 226|0x00000004e4e00000, 0x00000004e4e00000, 0x00000004e4f00000|  0%| F|  |TAMS 0x00000004e4e00000, 0x00000004e4e00000| Untracked 
| 227|0x00000004e4f00000, 0x00000004e4f0ec78, 0x00000004e5000000|  5%| S|CS|TAMS 0x00000004e4f00000, 0x00000004e4f00000| Complete 
| 228|0x00000004e5000000, 0x00000004e5100000, 0x00000004e5100000|100%| S|CS|TAMS 0x00000004e5000000, 0x00000004e5000000| Complete 
| 229|0x00000004e5100000, 0x00000004e5200000, 0x00000004e5200000|100%| S|CS|TAMS 0x00000004e5100000, 0x00000004e5100000| Complete 
| 230|0x00000004e5200000, 0x00000004e5200000, 0x00000004e5300000|  0%| F|  |TAMS 0x00000004e5200000, 0x00000004e5200000| Untracked 
| 231|0x00000004e5300000, 0x00000004e5300000, 0x00000004e5400000|  0%| F|  |TAMS 0x00000004e5300000, 0x00000004e5300000| Untracked 
| 232|0x00000004e5400000, 0x00000004e5400000, 0x00000004e5500000|  0%| F|  |TAMS 0x00000004e5400000, 0x00000004e5400000| Untracked 
| 233|0x00000004e5500000, 0x00000004e5500000, 0x00000004e5600000|  0%| F|  |TAMS 0x00000004e5500000, 0x00000004e5500000| Untracked 
| 234|0x00000004e5600000, 0x00000004e5600000, 0x00000004e5700000|  0%| F|  |TAMS 0x00000004e5600000, 0x00000004e5600000| Untracked 
| 235|0x00000004e5700000, 0x00000004e5700000, 0x00000004e5800000|  0%| F|  |TAMS 0x00000004e5700000, 0x00000004e5700000| Untracked 
| 236|0x00000004e5800000, 0x00000004e5800000, 0x00000004e5900000|  0%| F|  |TAMS 0x00000004e5800000, 0x00000004e5800000| Untracked 
| 237|0x00000004e5900000, 0x00000004e5900000, 0x00000004e5a00000|  0%| F|  |TAMS 0x00000004e5900000, 0x00000004e5900000| Untracked 
| 238|0x00000004e5a00000, 0x00000004e5a00000, 0x00000004e5b00000|  0%| F|  |TAMS 0x00000004e5a00000, 0x00000004e5a00000| Untracked 
| 239|0x00000004e5b00000, 0x00000004e5b00000, 0x00000004e5c00000|  0%| F|  |TAMS 0x00000004e5b00000, 0x00000004e5b00000| Untracked 
| 240|0x00000004e5c00000, 0x00000004e5c00000, 0x00000004e5d00000|  0%| F|  |TAMS 0x00000004e5c00000, 0x00000004e5c00000| Untracked 
| 241|0x00000004e5d00000, 0x00000004e5d00000, 0x00000004e5e00000|  0%| F|  |TAMS 0x00000004e5d00000, 0x00000004e5d00000| Untracked 
| 242|0x00000004e5e00000, 0x00000004e5e00000, 0x00000004e5f00000|  0%| F|  |TAMS 0x00000004e5e00000, 0x00000004e5e00000| Untracked 
| 243|0x00000004e5f00000, 0x00000004e5f00000, 0x00000004e6000000|  0%| F|  |TAMS 0x00000004e5f00000, 0x00000004e5f00000| Untracked 
| 244|0x00000004e6000000, 0x00000004e6000000, 0x00000004e6100000|  0%| F|  |TAMS 0x00000004e6000000, 0x00000004e6000000| Untracked 
| 245|0x00000004e6100000, 0x00000004e6100000, 0x00000004e6200000|  0%| F|  |TAMS 0x00000004e6100000, 0x00000004e6100000| Untracked 
| 246|0x00000004e6200000, 0x00000004e6200000, 0x00000004e6300000|  0%| F|  |TAMS 0x00000004e6200000, 0x00000004e6200000| Untracked 
| 247|0x00000004e6300000, 0x00000004e6300000, 0x00000004e6400000|  0%| F|  |TAMS 0x00000004e6300000, 0x00000004e6300000| Untracked 
| 248|0x00000004e6400000, 0x00000004e6400000, 0x00000004e6500000|  0%| F|  |TAMS 0x00000004e6400000, 0x00000004e6400000| Untracked 
| 249|0x00000004e6500000, 0x00000004e6500000, 0x00000004e6600000|  0%| F|  |TAMS 0x00000004e6500000, 0x00000004e6500000| Untracked 
| 250|0x00000004e6600000, 0x00000004e6600000, 0x00000004e6700000|  0%| F|  |TAMS 0x00000004e6600000, 0x00000004e6600000| Untracked 
| 251|0x00000004e6700000, 0x00000004e6780800, 0x00000004e6800000| 50%| E|  |TAMS 0x00000004e6700000, 0x00000004e6700000| Complete 
| 252|0x00000004e6800000, 0x00000004e6900000, 0x00000004e6900000|100%| E|CS|TAMS 0x00000004e6800000, 0x00000004e6800000| Complete 
| 253|0x00000004e6900000, 0x00000004e6a00000, 0x00000004e6a00000|100%| E|CS|TAMS 0x00000004e6900000, 0x00000004e6900000| Complete 

Card table byte_map: [0x00000112e4520000,0x00000112e4d10000] _byte_map_base: 0x00000112e1e6a000

Marking Bits (Prev, Next): (CMBitMap*) 0x00000112ca51f278, (CMBitMap*) 0x00000112ca51f2b8
 Prev Bits: [0x00000112e5500000, 0x00000112e9478000)
 Next Bits: [0x00000112e9480000, 0x00000112ed3f8000)

Polling page: 0x00000112ca590000

Metaspace:

Usage:
  Non-class:      7.47 MB capacity,     5.22 MB ( 70%) used,     2.24 MB ( 30%) free+waste,     7.94 KB ( <1%) overhead. 
      Class:    720.00 KB capacity,   455.06 KB ( 63%) used,   261.63 KB ( 36%) free+waste,     3.31 KB ( <1%) overhead. 
       Both:      8.17 MB capacity,     5.66 MB ( 69%) used,     2.50 MB ( 31%) free+waste,    11.25 KB ( <1%) overhead. 

Virtual space:
  Non-class space:        8.00 MB reserved,       7.50 MB ( 94%) committed 
      Class space:        1.00 GB reserved,     768.00 KB ( <1%) committed 
             Both:        1.01 GB reserved,       8.25 MB ( <1%) committed 

Chunk freelists:
   Non-Class:  4.00 KB
       Class:  2.00 KB
        Both:  6.00 KB

CodeHeap 'non-profiled nmethods': size=120000Kb used=410Kb max_used=410Kb free=119589Kb
 bounds [0x00000112dbb60000, 0x00000112dbdd0000, 0x00000112e3090000]
CodeHeap 'profiled nmethods': size=120000Kb used=1912Kb max_used=1912Kb free=118087Kb
 bounds [0x00000112d4630000, 0x00000112d48a0000, 0x00000112dbb60000]
CodeHeap 'non-nmethods': size=5760Kb used=1295Kb max_used=1325Kb free=4464Kb
 bounds [0x00000112d4090000, 0x00000112d4300000, 0x00000112d4630000]
 total_blobs=1843 nmethods=886 adapters=614
 compilation: enabled
              stopped_count=0, restarted_count=0
 full_count=0

Compilation events (10 events):
Event: 1.511 Thread 0x00000112f0a32000  883       4       sun.reflect.annotation.AnnotationInvocationHandler::invoke (178 bytes)
Event: 1.511 Thread 0x00000112f0a35000 nmethod 881 0x00000112d480bc10 code [0x00000112d480be00, 0x00000112d480c160]
Event: 1.515 Thread 0x00000112f0a35000  884       3       java.lang.Class::getDeclaringClass (31 bytes)
Event: 1.515 Thread 0x00000112f0a35000 nmethod 884 0x00000112d480c310 code [0x00000112d480c520, 0x00000112d480c990]
Event: 1.520 Thread 0x00000112f0a35000  885   !   3       java.lang.Class::getResource (92 bytes)
Event: 1.520 Thread 0x00000112f0a35000 nmethod 885 0x00000112d480cb10 code [0x00000112d480ce00, 0x00000112d480dc90]
Event: 1.521 Thread 0x00000112f0a32000 nmethod 883 0x00000112dbbc1a10 code [0x00000112dbbc1c40, 0x00000112dbbc2798]
Event: 1.523 Thread 0x00000112f0a32000  886       4       java.lang.StringLatin1::charAt (28 bytes)
Event: 1.524 Thread 0x00000112f0a32000 nmethod 886 0x00000112dbbc3410 code [0x00000112dbbc35a0, 0x00000112dbbc3618]
Event: 1.534 Thread 0x00000112f5f2a800 nmethod 875 0x00000112dbbc3710 code [0x00000112dbbc3a00, 0x00000112dbbc5760]

GC Heap History (2 events):
Event: 1.499 GC heap before
{Heap before GC invocations=0 (full 0):
 garbage-first heap   total 260096K, used 25600K [0x00000004d6c00000, 0x00000005d4a00000)
  region size 1024K, 24 young (24576K), 0 survivors (0K)
 Metaspace       used 5783K, capacity 8298K, committed 8448K, reserved 1056768K
  class space    used 454K, capacity 719K, committed 768K, reserved 1048576K
}
Event: 1.501 GC heap after
{Heap after GC invocations=1 (full 0):
 garbage-first heap   total 260096K, used 2107K [0x00000004d6c00000, 0x00000005d4a00000)
  region size 1024K, 3 young (3072K), 3 survivors (3072K)
 Metaspace       used 5783K, capacity 8298K, committed 8448K, reserved 1056768K
  class space    used 454K, capacity 719K, committed 768K, reserved 1048576K
}

Deoptimization events (8 events):
Event: 0.080 Thread 0x00000112ca4b9000 Uncommon trap: reason=class_check action=maybe_recompile pc=0x00000112dbb6e2d4 method=java.util.HashMap.putVal(ILjava/lang/Object;Ljava/lang/Object;ZZ)Ljava/lang/Object; @ 152 c2
Event: 0.080 Thread 0x00000112ca4b9000 Uncommon trap: reason=class_check action=maybe_recompile pc=0x00000112dbb6e2d4 method=java.util.HashMap.putVal(ILjava/lang/Object;Ljava/lang/Object;ZZ)Ljava/lang/Object; @ 152 c2
Event: 0.080 Thread 0x00000112ca4b9000 Uncommon trap: reason=class_check action=maybe_recompile pc=0x00000112dbb6e2d4 method=java.util.HashMap.putVal(ILjava/lang/Object;Ljava/lang/Object;ZZ)Ljava/lang/Object; @ 152 c2
Event: 0.087 Thread 0x00000112ca4b9000 Uncommon trap: reason=class_check action=maybe_recompile pc=0x00000112dbb6e2d4 method=java.util.HashMap.putVal(ILjava/lang/Object;Ljava/lang/Object;ZZ)Ljava/lang/Object; @ 152 c2
Event: 0.114 Thread 0x00000112ca4b9000 Uncommon trap: reason=unstable_if action=reinterpret pc=0x00000112dbb658a4 method=java.lang.String.isLatin1()Z @ 10 c2
Event: 0.133 Thread 0x00000112ca4b9000 Uncommon trap: reason=unstable_if action=reinterpret pc=0x00000112dbb70390 method=java.io.WinNTFileSystem.isSlash(C)Z @ 9 c2
Event: 0.141 Thread 0x00000112ca4b9000 Uncommon trap: reason=unstable_if action=reinterpret pc=0x00000112dbb74cf4 method=java.util.HashMap.putVal(ILjava/lang/Object;Ljava/lang/Object;ZZ)Ljava/lang/Object; @ 181 c2
Event: 1.236 Thread 0x00000112ca4b9000 Uncommon trap: reason=bimorphic_or_optimized_type_check action=maybe_recompile pc=0x00000112dbb97f6c method=java.util.HashMap.getNode(ILjava/lang/Object;)Ljava/util/HashMap$Node; @ 126 c2

Classes redefined (0 events):
No events

Internal exceptions (4 events):
Event: 0.124 Thread 0x00000112ca4b9000 Exception <a 'java/lang/NoSuchMethodError'{0x00000004e66adc00}: java.lang.invoke.DirectMethodHandle$Holder.invokeStaticInit(Ljava/lang/Object;Ljava/lang/Object;Ljava/lang/Object;Ljava/lang/Object;)I> (0x00000004e66adc00) thrown at [t:/workspace/open/src/h
Event: 0.125 Thread 0x00000112ca4b9000 Exception <a 'java/lang/IncompatibleClassChangeError'{0x00000004e66b7178}: Found class java.lang.Object, but interface was expected> (0x00000004e66b7178) thrown at [t:/workspace/open/src/hotspot/share/interpreter/linkResolver.cpp, line 843]
Event: 0.125 Thread 0x00000112ca4b9000 Exception <a 'java/lang/NoSuchMethodError'{0x00000004e66ba0b0}: java.lang.invoke.DirectMethodHandle$Holder.invokeStaticInit(Ljava/lang/Object;Ljava/lang/Object;)V> (0x00000004e66ba0b0) thrown at [t:/workspace/open/src/hotspot/share/interpreter/linkResolve
Event: 0.126 Thread 0x00000112ca4b9000 Exception <a 'java/lang/NoSuchMethodError'{0x00000004e66bf158}: java.lang.invoke.DirectMethodHandle$Holder.invokeStaticInit(Ljava/lang/Object;Ljava/lang/Object;)I> (0x00000004e66bf158) thrown at [t:/workspace/open/src/hotspot/share/interpreter/linkResolve

Events (10 events):
Event: 1.440 loading class org/bytedeco/javacpp/tesseract$UNICHARSET
Event: 1.440 loading class org/bytedeco/javacpp/tesseract$UNICHARSET done
Event: 1.469 loading class org/bytedeco/javacpp/tesseract$PAGE_RES
Event: 1.469 loading class org/bytedeco/javacpp/tesseract$PAGE_RES done
Event: 1.499 Executing VM operation: G1CollectForAllocation
Event: 1.501 Executing VM operation: G1CollectForAllocation done
Event: 1.502 Executing VM operation: RevokeBias
Event: 1.502 Executing VM operation: RevokeBias done
Event: 1.502 Executing VM operation: RevokeBias
Event: 1.502 Executing VM operation: RevokeBias done


Dynamic libraries:
0x00007ff6205f0000 - 0x00007ff6205ff000 	E:\Program Files\Java\jdk-12.0.1\bin\java.exe
0x00007ffe90850000 - 0x00007ffe90a31000 	C:\WINDOWS\SYSTEM32\ntdll.dll
0x00007ffe8fb70000 - 0x00007ffe8fc21000 	C:\WINDOWS\System32\KERNEL32.DLL
0x00007ffe8cda0000 - 0x00007ffe8d013000 	C:\WINDOWS\System32\KERNELBASE.dll
0x00007ffe8cca0000 - 0x00007ffe8cd98000 	C:\WINDOWS\System32\ucrtbase.dll
0x00007ffe8a2e0000 - 0x00007ffe8a2f8000 	E:\Program Files\Java\jdk-12.0.1\bin\jli.dll
0x00007ffe89dc0000 - 0x00007ffe89dd6000 	E:\Program Files\Java\jdk-12.0.1\bin\VCRUNTIME140.dll
0x00007ffe90750000 - 0x00007ffe907f1000 	C:\WINDOWS\System32\ADVAPI32.dll
0x00007ffe8e480000 - 0x00007ffe8e51e000 	C:\WINDOWS\System32\msvcrt.dll
0x00007ffe8e670000 - 0x00007ffe8e6cb000 	C:\WINDOWS\System32\sechost.dll
0x00007ffe8ff60000 - 0x00007ffe90084000 	C:\WINDOWS\System32\RPCRT4.dll
0x00007ffe8e2c0000 - 0x00007ffe8e450000 	C:\WINDOWS\System32\USER32.dll
0x00007ffe8d370000 - 0x00007ffe8d390000 	C:\WINDOWS\System32\win32u.dll
0x00007ffe76350000 - 0x00007ffe765b9000 	C:\WINDOWS\WinSxS\amd64_microsoft.windows.common-controls_6595b64144ccf1df_6.0.17134.765_none_fb42a1a930655896\COMCTL32.dll
0x00007ffe90510000 - 0x00007ffe90538000 	C:\WINDOWS\System32\GDI32.dll
0x00007ffe8fc30000 - 0x00007ffe8ff52000 	C:\WINDOWS\System32\combase.dll
0x00007ffe8daa0000 - 0x00007ffe8dc32000 	C:\WINDOWS\System32\gdi32full.dll
0x00007ffe8dc40000 - 0x00007ffe8dcdf000 	C:\WINDOWS\System32\msvcp_win.dll
0x00007ffe8cc20000 - 0x00007ffe8cc9a000 	C:\WINDOWS\System32\bcryptPrimitives.dll
0x00007ffe87fa0000 - 0x00007ffe87faa000 	C:\WINDOWS\SYSTEM32\VERSION.dll
0x00007ffe8e450000 - 0x00007ffe8e47d000 	C:\WINDOWS\System32\IMM32.DLL
0x00007ffe71ce0000 - 0x00007ffe71d8a000 	E:\Program Files\Java\jdk-12.0.1\bin\msvcp140.dll
0x00007ffe71160000 - 0x00007ffe71cd4000 	E:\Program Files\Java\jdk-12.0.1\bin\server\jvm.dll
0x00007ffe8e5f0000 - 0x00007ffe8e5f8000 	C:\WINDOWS\System32\PSAPI.DLL
0x00007ffe8a100000 - 0x00007ffe8a123000 	C:\WINDOWS\SYSTEM32\WINMM.dll
0x00007ffe7a6f0000 - 0x00007ffe7a6f9000 	C:\WINDOWS\SYSTEM32\WSOCK32.dll
0x00007ffe8e600000 - 0x00007ffe8e66c000 	C:\WINDOWS\System32\WS2_32.dll
0x00007ffe8a050000 - 0x00007ffe8a07a000 	C:\WINDOWS\SYSTEM32\WINMMBASE.dll
0x00007ffe8d210000 - 0x00007ffe8d259000 	C:\WINDOWS\System32\cfgmgr32.dll
0x00007ffe8cc00000 - 0x00007ffe8cc11000 	C:\WINDOWS\System32\kernel.appcore.dll
0x00007ffe89da0000 - 0x00007ffe89db1000 	E:\Program Files\Java\jdk-12.0.1\bin\verify.dll
0x00007ffe8b600000 - 0x00007ffe8b7c9000 	C:\WINDOWS\SYSTEM32\DBGHELP.DLL
0x00007ffe795c0000 - 0x00007ffe795e9000 	C:\WINDOWS\SYSTEM32\dbgcore.DLL
0x00007ffe88230000 - 0x00007ffe88256000 	E:\Program Files\Java\jdk-12.0.1\bin\java.dll
0x00007ffe88260000 - 0x00007ffe8826e000 	E:\Program Files\Java\jdk-12.0.1\bin\instrument.dll
0x00007ffe897f0000 - 0x00007ffe89807000 	E:\Program Files\Java\jdk-12.0.1\bin\zip.dll
0x00007ffe8a2d0000 - 0x00007ffe8a2da000 	E:\Program Files\Java\jdk-12.0.1\bin\jimage.dll
0x00007ffe8e6d0000 - 0x00007ffe8fb10000 	C:\WINDOWS\System32\SHELL32.dll
0x00007ffe8dce0000 - 0x00007ffe8dd89000 	C:\WINDOWS\System32\shcore.dll
0x00007ffe8d390000 - 0x00007ffe8da9d000 	C:\WINDOWS\System32\windows.storage.dll
0x00007ffe8fb10000 - 0x00007ffe8fb61000 	C:\WINDOWS\System32\shlwapi.dll
0x00007ffe8cb60000 - 0x00007ffe8cb7f000 	C:\WINDOWS\System32\profapi.dll
0x00007ffe8cbb0000 - 0x00007ffe8cbfc000 	C:\WINDOWS\System32\powrprof.dll
0x00007ffe8cba0000 - 0x00007ffe8cbaa000 	C:\WINDOWS\System32\FLTLIB.DLL
0x00007ffe881e0000 - 0x00007ffe881f9000 	E:\Program Files\Java\jdk-12.0.1\bin\net.dll
0x00007ffe83410000 - 0x00007ffe834ed000 	C:\WINDOWS\SYSTEM32\WINHTTP.dll
0x00007ffe7e370000 - 0x00007ffe7e538000 	C:\WINDOWS\SYSTEM32\urlmon.dll
0x00007ffe7c7f0000 - 0x00007ffe7ca97000 	C:\WINDOWS\SYSTEM32\iertutil.dll
0x00007ffe8c5b0000 - 0x00007ffe8c5bb000 	C:\WINDOWS\SYSTEM32\CRYPTBASE.DLL
0x00007ffe8c3e0000 - 0x00007ffe8c446000 	C:\WINDOWS\system32\mswsock.dll
0x00007ffe87970000 - 0x00007ffe87983000 	E:\Program Files\Java\jdk-12.0.1\bin\nio.dll
0x00007ffe71dc0000 - 0x00007ffe71dda000 	E:\Program Files\JetBrains\IntelliJ IDEA Community Edition 2019.1.3\bin\breakgen64.dll
0x00007ffe70ad0000 - 0x00007ffe70bbf000 	C:\Users\Tam\AppData\Local\Temp\javacpp4312940934492\msvcr120.dll
0x00007ffe70640000 - 0x00007ffe706e6000 	C:\Users\Tam\AppData\Local\Temp\javacpp4312940934492\msvcp120.dll
0x00007ffe6fc50000 - 0x00007ffe6fed1000 	C:\Users\Tam\AppData\Local\Temp\javacpp4312940934492\opencv_core300.dll
0x00007ffe6f620000 - 0x00007ffe6f99f000 	C:\Users\Tam\AppData\Local\Temp\javacpp4312940934492\opencv_imgproc300.dll
0x00007ffe6f460000 - 0x00007ffe6f618000 	C:\Users\Tam\AppData\Local\Temp\javacpp4312940934492\jniopencv_core.dll
0x00007ffe70390000 - 0x00007ffe70435000 	C:\Users\Tam\AppData\Local\Temp\javacpp4312940934492\jniopencv_imgproc.dll
0x00007ffe6f1a0000 - 0x00007ffe6f457000 	C:\Users\Tam\AppData\Local\Temp\javacpp4312940934492\opencv_imgcodecs300.dll
0x00007ffe71da0000 - 0x00007ffe71dbb000 	C:\Users\Tam\AppData\Local\Temp\javacpp4312940934492\jniopencv_imgcodecs.dll
0x0000000064940000 - 0x000000006495d000 	C:\Users\Tam\AppData\Local\Temp\javacpp4312940934492\libwinpthread-1.dll
0x0000000061440000 - 0x000000006145c000 	C:\Users\Tam\AppData\Local\Temp\javacpp4312940934492\libgcc_s_seh-1.dll
0x000000006fc40000 - 0x000000006fd41000 	C:\Users\Tam\AppData\Local\Temp\javacpp4312940934492\libstdc++-6.dll
0x0000000071140000 - 0x00000000714e8000 	C:\Users\Tam\AppData\Local\Temp\javacpp4312940934492\liblept-4.dll
0x0000000068340000 - 0x000000006862c000 	C:\Users\Tam\AppData\Local\Temp\javacpp4312940934492\jnilept.dll
0x0000000068a00000 - 0x0000000068f66000 	C:\Users\Tam\AppData\Local\Temp\javacpp4312940934492\libtesseract-3.dll
0x000000006a900000 - 0x000000006a988000 	C:\Users\Tam\AppData\Local\Temp\javacpp4312940934492\jnitesseract.dll

dbghelp: loaded successfully - version: 4.0.5 - missing functions: none
symbol engine: initialized successfully - sym options: 0x614 - pdb path: .;E:\Program Files\Java\jdk-12.0.1\bin;C:\WINDOWS\SYSTEM32;C:\WINDOWS\WinSxS\amd64_microsoft.windows.common-controls_6595b64144ccf1df_6.0.17134.765_none_fb42a1a930655896;E:\Program Files\Java\jdk-12.0.1\bin\server;E:\Program Files\JetBrains\IntelliJ IDEA Community Edition 2019.1.3\bin;C:\Users\Tam\AppData\Local\Temp\javacpp4312940934492

VM Arguments:
jvm_args: -javaagent:E:\Program Files\JetBrains\IntelliJ IDEA Community Edition 2019.1.3\lib\idea_rt.jar=50876:E:\Program Files\JetBrains\IntelliJ IDEA Community Edition 2019.1.3\bin -Dfile.encoding=UTF-8 
java_command: ReceiptParserImplTest
java_class_path (initial): D:\Projects\financelog\jocr\target\test-classes;D:\Projects\financelog\jocr\target\classes;C:\Users\Tam\.m2\repository\org\bytedeco\javacv\1.1\javacv-1.1.jar;C:\Users\Tam\.m2\repository\org\bytedeco\javacpp\1.1\javacpp-1.1.jar;C:\Users\Tam\.m2\repository\org\bytedeco\javacpp-presets\opencv\3.0.0-1.1\opencv-3.0.0-1.1.jar;C:\Users\Tam\.m2\repository\org\bytedeco\javacpp-presets\opencv\3.0.0-1.1\opencv-3.0.0-1.1-windows-x86_64.jar;C:\Users\Tam\.m2\repository\org\bytedeco\javacpp-presets\ffmpeg\2.8.1-1.1\ffmpeg-2.8.1-1.1.jar;C:\Users\Tam\.m2\repository\org\bytedeco\javacpp-presets\ffmpeg\2.8.1-1.1\ffmpeg-2.8.1-1.1-windows-x86_64.jar;C:\Users\Tam\.m2\repository\org\bytedeco\javacpp-presets\flycapture\2.8.3.1-1.1\flycapture-2.8.3.1-1.1.jar;C:\Users\Tam\.m2\repository\org\bytedeco\javacpp-presets\flycapture\2.8.3.1-1.1\flycapture-2.8.3.1-1.1-windows-x86_64.jar;C:\Users\Tam\.m2\repository\org\bytedeco\javacpp-presets\libdc1394\2.2.3-1.1\libdc1394-2.2.3-1.1.jar;C:\Users\Tam\.m2\repository\org\bytedeco\javacpp-presets\libdc1394\2.2.3-1.1\libdc1394-2.2.3-1.1-windows-x86_64.jar;C:\Users\Tam\.m2\repository\org\bytedeco\javacpp-presets\libfreenect\0.5.3-1.1\libfreenect-0.5.3-1.1.jar;C:\Users\Tam\.m2\repository\org\bytedeco\javacpp-presets\libfreenect\0.5.3-1.1\libfreenect-0.5.3-1.1-windows-x86_64.jar;C:\Users\Tam\.m2\repository\org\bytedeco\javacpp-presets\videoinput\0.200-1.1\videoinput-0.200-1.1.jar;C:\Users\Tam\.m2\repository\org\bytedeco\javacpp-presets\videoinput\0.200-1.1\videoinput-0.200-1.1-windows-x86_64.jar;C:\Users\Tam\.m2\repository\org\bytedeco\javacpp-presets\artoolkitplus\2.3.1-1.1\artoolkitplus-2.3.1-1.1.jar;C:\Users\Tam\.m2\repository\org\bytedeco\javacpp-presets\artoolkitplus\2.3.1-1.1\artoolkitplus-2.3.1-1.1-windows-x86_64.jar;C:\Users\Tam\.m2\repository\org\bytedeco\javacpp-presets\flandmark\1.07-1.1\flandmark-1.07-1.1.jar;C:\Users\Tam\.m2\repository\org\bytedeco\javacpp-presets\flandmark\1.07-1.1\flandmark-1.07-1.1-windows-x86_64.
Launcher Type: SUN_STANDARD

[Global flags]
     intx CICompilerCount                          = 4                                         {product} {ergonomic}
     uint ConcGCThreads                            = 3                                         {product} {ergonomic}
     uint G1ConcRefinementThreads                  = 10                                        {product} {ergonomic}
   size_t G1HeapRegionSize                         = 1048576                                   {product} {ergonomic}
    uintx GCDrainStackTargetSize                   = 64                                        {product} {ergonomic}
   size_t InitialHeapSize                          = 266338304                                 {product} {ergonomic}
   size_t MarkStackSize                            = 4194304                                   {product} {ergonomic}
   size_t MaxHeapSize                              = 4259315712                                {product} {ergonomic}
   size_t MaxNewSize                               = 2555379712                                {product} {ergonomic}
   size_t MinHeapDeltaBytes                        = 1048576                                   {product} {ergonomic}
    uintx NonNMethodCodeHeapSize                   = 5836300                                {pd product} {ergonomic}
    uintx NonProfiledCodeHeapSize                  = 122910970                              {pd product} {ergonomic}
    uintx ProfiledCodeHeapSize                     = 122910970                              {pd product} {ergonomic}
    uintx ReservedCodeCacheSize                    = 251658240                              {pd product} {ergonomic}
     bool SegmentedCodeCache                       = true                                      {product} {ergonomic}
     bool UseCompressedClassPointers               = true                                 {lp64_product} {ergonomic}
     bool UseCompressedOops                        = true                                 {lp64_product} {ergonomic}
     bool UseG1GC                                  = true                                      {product} {ergonomic}
     bool UseLargePagesIndividualAllocation        = false                                  {pd product} {ergonomic}

Logging:
Log output configuration:
 #0: stdout all=warning uptime,level,tags
 #1: stderr all=off uptime,level,tags

Environment Variables:
JAVA_HOME=E:\Program Files\Java\jdk1.8.0_201\bin
PATH=D:\Program Files\ffmpeg\bin;path\to\ffmpeg\bin;C:\Program Files (x86)\Common Files\Oracle\Java\javapath;C:\Program Files (x86)\Intel\Intel(R) Management Engine Components\iCLS\;C:\Program Files\Intel\Intel(R) Management Engine Components\iCLS\;C:\Windows\system32;C:\Windows;C:\Windows\System32\Wbem;C:\Windows\System32\WindowsPowerShell\v1.0\;C:\Program Files (x86)\NVIDIA Corporation\PhysX\Common;C:\Program Files (x86)\Intel\Intel(R) Management Engine Components\DAL;C:\Program Files\Intel\Intel(R) Management Engine Components\DAL;C:\Program Files (x86)\Intel\Intel(R) Management Engine Components\IPT;C:\Program Files\Intel\Intel(R) Management Engine Components\IPT;C:\Program Files\Intel\WiFi\bin\;C:\Program Files\Common Files\Intel\WirelessCommon\;C:\WINDOWS\system32;C:\WINDOWS;C:\WINDOWS\System32\Wbem;C:\WINDOWS\System32\WindowsPowerShell\v1.0\;C:\WINDOWS\System32\OpenSSH\;C:\Program Files\NVIDIA Corporation\NVIDIA NvDLISR;E:\Users\Tam\Anaconda;E:\Users\Tam\Anaconda3\Scripts;E:\Program Files\Java\jdk1.8.0_201\bin
USERNAME=Tam
OS=Windows_NT
PROCESSOR_IDENTIFIER=Intel64 Family 6 Model 158 Stepping 10, GenuineIntel



---------------  S Y S T E M  ---------------

OS: Windows 10 , 64 bit Build 17134 (10.0.17134.753)

CPU:total 12 (initial active 12) (6 cores per cpu, 2 threads per core) family 6 model 158 stepping 10, cmov, cx8, fxsr, mmx, sse, sse2, sse3, ssse3, sse4.1, sse4.2, popcnt, avx, avx2, aes, clmul, erms, 3dnowpref, lzcnt, ht, tsc, tscinvbit, bmi1, bmi2, adx, fma

Memory: 4k page, system-wide physical 16243M (8371M free)
TotalPageFile size 22387M (AvailPageFile size 10497M)
current process WorkingSet (physical memory assigned to process): 194M, peak: 194M
current process commit charge ("private bytes"): 472M, peak: 472M

vm_info: Java HotSpot(TM) 64-Bit Server VM (12.0.1+12) for windows-amd64 JRE (12.0.1+12), built on Apr  2 2019 14:02:19 by "mach5one" with MS VC++ 15.5 (VS2017)

END.
