#
# A fatal error has been detected by the Java Runtime Environment:
#
#  EXCEPTION_UNCAUGHT_CXX_EXCEPTION (0xe06d7363) at pc=0x00007ffdc08fa388, pid=19160, tid=12368
#
# JRE version: Java(TM) SE Runtime Environment (12.0.1+12) (build 12.0.1+12)
# Java VM: Java HotSpot(TM) 64-Bit Server VM (12.0.1+12, mixed mode, sharing, tiered, compressed oops, g1 gc, windows-amd64)
# Problematic frame:
# C  [KERNELBASE.dll+0x3a388]
#
# No core dump will be written. Minidumps are not enabled by default on client versions of Windows
#
# If you would like to submit a bug report, please visit:
#   http://bugreport.java.com/bugreport/crash.jsp
# The crash happened outside the Java Virtual Machine in native code.
# See problematic frame for where to report the bug.
#

---------------  S U M M A R Y ------------

Command Line: -javaagent:E:\Program Files\JetBrains\IntelliJ IDEA Community Edition 2019.1.3\lib\idea_rt.jar=58882:E:\Program Files\JetBrains\IntelliJ IDEA Community Edition 2019.1.3\bin -Dfile.encoding=UTF-8 TestReceiptReader

Host: Intel(R) Core(TM) i7-8750H CPU @ 2.20GHz, 12 cores, 15G,  Windows 10 , 64 bit Build 17134 (10.0.17134.753)
Time: Tue Jun  4 15:56:58 2019 Pacific Daylight Time elapsed time: 0 seconds (0d 0h 0m 0s)

---------------  T H R E A D  ---------------

Current thread (0x00000239596ee000):  JavaThread "main" [_thread_in_native, id=12368, stack(0x000000acbb000000,0x000000acbb100000)]

Stack: [0x000000acbb000000,0x000000acbb100000],  sp=0x000000acbb0eeeb0,  free space=955k
Native frames: (J=compiled Java code, j=interpreted, Vv=VM code, C=native code)
C  [KERNELBASE.dll+0x3a388]
C  [msvcr120.dll+0x5ef63]

Java frames: (J=compiled Java code, j=interpreted, Vv=VM code)
j  org.bytedeco.javacpp.opencv_core.cvSetImageROI(Lorg/bytedeco/javacpp/opencv_core$IplImage;Lorg/bytedeco/javacpp/opencv_core$CvRect;)V+0
j  jocr.src.main.java.ReceiptReader.cropImage(Lorg/bytedeco/javacpp/opencv_core$IplImage;IIII)Lorg/bytedeco/javacpp/opencv_core$IplImage;+10
j  jocr.src.main.java.ReceiptReader.applyPerspectiveTransform(Lorg/bytedeco/javacpp/opencv_core$IplImage;Lorg/bytedeco/javacpp/opencv_core$CvSeq;I)Lorg/bytedeco/javacpp/opencv_core$IplImage;+378
j  TestReceiptReader.main([Ljava/lang/String;)V+40
v  ~StubRoutines::call_stub

siginfo: EXCEPTION_UNCAUGHT_CXX_EXCEPTION (0xe06d7363), ExceptionInformation=0x0000000019930520 0x000000acbb0ef040 0x00007ffd5b5f9fc0 0x00007ffd5b3b0000 


Register to memory mapping:

RIP=0x00007ffdc08fa388 KERNELBASE.dll
RAX=0x00000239596ee5f0 points into unknown readable memory: 65 52 4f 49 00 65 63 74
RBX=0x00007ffd5b5f9fc0 opencv_core300.dll
RCX=0x000000acbb0eeab0 is pointing into the stack for thread: 0x00000239596ee000
RDX=0x000000ac7d60b830 is an unknown value
RSP=0x000000acbb0eeeb0 is pointing into the stack for thread: 0x00000239596ee000
RBP=0x000000acbb0eeff0 is pointing into the stack for thread: 0x00000239596ee000
RSI=0x00007ffd5b5752c8 opencv_core300.dll
RDI=0x000000acbb0ef040 is pointing into the stack for thread: 0x00000239596ee000
R8 =0x00000239596ee000 is a thread
R9 =0x000002397d51ee40 is pointing into metadata
R10=0x0 is NULL
R11=0x000000007d51ef80 is an unknown value
R12=0x00000000ffffff29 is an unknown value
R13=0x0 is NULL
R14=0x00007ffd5b574308 opencv_core300.dll
R15=0x000000acbb0ff1e8 is pointing into the stack for thread: 0x00000239596ee000


Registers:
RAX=0x00000239596ee5f0, RBX=0x00007ffd5b5f9fc0, RCX=0x000000acbb0eeab0, RDX=0x000000ac7d60b830
RSP=0x000000acbb0eeeb0, RBP=0x000000acbb0eeff0, RSI=0x00007ffd5b5752c8, RDI=0x000000acbb0ef040
R8 =0x00000239596ee000, R9 =0x000002397d51ee40, R10=0x0000000000000000, R11=0x000000007d51ef80
R12=0x00000000ffffff29, R13=0x0000000000000000, R14=0x00007ffd5b574308, R15=0x000000acbb0ff1e8
RIP=0x00007ffdc08fa388, EFLAGS=0x0000000000000202

Top of Stack: (sp=0x000000acbb0eeeb0)
0x000000acbb0eeeb0:   000000acbb0ef080 00007ffd5b5f9fc0
0x000000acbb0eeec0:   00007ffd5b5752c8 000000acbb0ef040
0x000000acbb0eeed0:   00000001e06d7363 0000000000000000
0x000000acbb0eeee0:   00007ffdc08fa388 0000023900000004
0x000000acbb0eeef0:   0000000019930520 000000acbb0ef040
0x000000acbb0eef00:   00007ffd5b5f9fc0 00007ffd5b3b0000
0x000000acbb0eef10:   00007ffd5b574308 00000000ffffff29
0x000000acbb0eef20:   000000acbb0ef040 00007ffd5b5752c8
0x000000acbb0eef30:   000000acbb0eeff0 00007ffdc3ab0f6f
0x000000acbb0eef40:   000000acbb0ef000 00007ffd00000000
0x000000acbb0eef50:   000000acbb0ef040 00007ffd7b99d306
0x000000acbb0eef60:   00007ffd5b619000 00007ffd5b3b0000
0x000000acbb0eef70:   0000fe874f6c7ff8 00007ffd7ba1c4d0
0x000000acbb0eef80:   00007ffd5b5f9fc0 00007ffd7b99ef63
0x000000acbb0eef90:   000000acbb0ef040 00007ffd7b96eb8d
0x000000acbb0eefa0:   00007ffd7ba1c4d0 00007ffd5b5752c8 

Instructions: (pc=0x00007ffdc08fa388)
0x00007ffdc08fa368:   49 8b d1 44 0f 47 c0 44 89 44 24 38 49 c1 e0 03
0x00007ffdc08fa378:   e8 aa 46 04 00 48 8d 4c 24 20 ff 15 f0 82 14 00
0x00007ffdc08fa388:   48 8b 8c 24 c0 00 00 00 48 33 cc e8 f8 05 04 00
0x00007ffdc08fa398:   48 81 c4 d8 00 00 00 c3 83 64 24 38 00 eb d6 cc 


Stack slot to memory mapping:
stack at sp + 0 slots: 0x000000acbb0ef080 is pointing into the stack for thread: 0x00000239596ee000
stack at sp + 1 slots: 0x00007ffd5b5f9fc0 opencv_core300.dll
stack at sp + 2 slots: 0x00007ffd5b5752c8 opencv_core300.dll
stack at sp + 3 slots: 0x000000acbb0ef040 is pointing into the stack for thread: 0x00000239596ee000
stack at sp + 4 slots: 0x00000001e06d7363 is an unknown value
stack at sp + 5 slots: 0x0 is NULL
stack at sp + 6 slots: 0x00007ffdc08fa388 KERNELBASE.dll
stack at sp + 7 slots: 0x0000023900000004 is an unknown value


---------------  P R O C E S S  ---------------

Threads class SMR info:
_java_thread_list=0x000002397e6f2a10, length=11, elements={
0x00000239596ee000, 0x000002397d49d800, 0x000002397d4a0000, 0x000002397d4ba000,
0x000002397d4bb000, 0x000002397d4be000, 0x000002397dd44800, 0x000002397dd45800,
0x000002397dd41000, 0x000002397df0c800, 0x000002397df0d000
}

Java Threads: ( => current thread )
=>0x00000239596ee000 JavaThread "main" [_thread_in_native, id=12368, stack(0x000000acbb000000,0x000000acbb100000)]
  0x000002397d49d800 JavaThread "Reference Handler" daemon [_thread_blocked, id=14852, stack(0x000000acbb700000,0x000000acbb800000)]
  0x000002397d4a0000 JavaThread "Finalizer" daemon [_thread_blocked, id=7796, stack(0x000000acbb800000,0x000000acbb900000)]
  0x000002397d4ba000 JavaThread "Signal Dispatcher" daemon [_thread_blocked, id=18852, stack(0x000000acbb900000,0x000000acbba00000)]
  0x000002397d4bb000 JavaThread "Attach Listener" daemon [_thread_blocked, id=19900, stack(0x000000acbba00000,0x000000acbbb00000)]
  0x000002397d4be000 JavaThread "C2 CompilerThread0" daemon [_thread_blocked, id=10472, stack(0x000000acbbb00000,0x000000acbbc00000)]
  0x000002397dd44800 JavaThread "C1 CompilerThread0" daemon [_thread_blocked, id=19932, stack(0x000000acbbc00000,0x000000acbbd00000)]
  0x000002397dd45800 JavaThread "Sweeper thread" daemon [_thread_blocked, id=18516, stack(0x000000acbbd00000,0x000000acbbe00000)]
  0x000002397dd41000 JavaThread "Common-Cleaner" daemon [_thread_blocked, id=5820, stack(0x000000acbbe00000,0x000000acbbf00000)]
  0x000002397df0c800 JavaThread "Monitor Ctrl-Break" daemon [_thread_in_native, id=17716, stack(0x000000acbc000000,0x000000acbc100000)]
  0x000002397df0d000 JavaThread "Service Thread" daemon [_thread_blocked, id=10456, stack(0x000000acbc100000,0x000000acbc200000)]

Other Threads:
  0x000002397d49c800 VMThread "VM Thread" [stack: 0x000000acbb600000,0x000000acbb700000] [id=10960]
  0x000002397df10800 WatcherThread [stack: 0x000000acbc200000,0x000000acbc300000] [id=18496]
  0x000002395747c800 GCTaskThread "GC Thread#0" [stack: 0x000000acbb100000,0x000000acbb200000] [id=11460]
  0x000002395747e000 ConcurrentGCThread "G1 Main Marker" [stack: 0x000000acbb200000,0x000000acbb300000] [id=5420]
  0x000002395976c800 ConcurrentGCThread "G1 Conc#0" [stack: 0x000000acbb300000,0x000000acbb400000] [id=9728]
  0x000002397d393000 ConcurrentGCThread "G1 Refine#0" [stack: 0x000000acbb400000,0x000000acbb500000] [id=18412]
  0x000002397d394000 ConcurrentGCThread "G1 Young RemSet Sampling" [stack: 0x000000acbb500000,0x000000acbb600000] [id=20300]

Threads with active compile tasks:

VM state:not at safepoint (normal execution)

VM Mutex/Monitor currently owned by a thread: None

Heap address: 0x0000000702200000, size: 4062 MB, Compressed Oops mode: Zero based, Oop shift amount: 3
Narrow klass base: 0x0000000800000000, Narrow klass shift: 3
Compressed class space size: 1073741824 Address: 0x00000008011a0000

Heap:
 garbage-first heap   total 260096K, used 11264K [0x0000000702200000, 0x0000000800000000)
  region size 1024K, 12 young (12288K), 0 survivors (0K)
 Metaspace       used 3828K, capacity 6565K, committed 6912K, reserved 1056768K
  class space    used 368K, capacity 654K, committed 768K, reserved 1048576K
Heap Regions: E=young(eden), S=young(survivor), O=old, HS=humongous(starts), HC=humongous(continues), CS=collection set, F=free, A=archive, TAMS=top-at-mark-start (previous, next)
|   0|0x0000000702200000, 0x0000000702200000, 0x0000000702300000|  0%| F|  |TAMS 0x0000000702200000, 0x0000000702200000| Untracked 
|   1|0x0000000702300000, 0x0000000702300000, 0x0000000702400000|  0%| F|  |TAMS 0x0000000702300000, 0x0000000702300000| Untracked 
|   2|0x0000000702400000, 0x0000000702400000, 0x0000000702500000|  0%| F|  |TAMS 0x0000000702400000, 0x0000000702400000| Untracked 
|   3|0x0000000702500000, 0x0000000702500000, 0x0000000702600000|  0%| F|  |TAMS 0x0000000702500000, 0x0000000702500000| Untracked 
|   4|0x0000000702600000, 0x0000000702600000, 0x0000000702700000|  0%| F|  |TAMS 0x0000000702600000, 0x0000000702600000| Untracked 
|   5|0x0000000702700000, 0x0000000702700000, 0x0000000702800000|  0%| F|  |TAMS 0x0000000702700000, 0x0000000702700000| Untracked 
|   6|0x0000000702800000, 0x0000000702800000, 0x0000000702900000|  0%| F|  |TAMS 0x0000000702800000, 0x0000000702800000| Untracked 
|   7|0x0000000702900000, 0x0000000702900000, 0x0000000702a00000|  0%| F|  |TAMS 0x0000000702900000, 0x0000000702900000| Untracked 
|   8|0x0000000702a00000, 0x0000000702a00000, 0x0000000702b00000|  0%| F|  |TAMS 0x0000000702a00000, 0x0000000702a00000| Untracked 
|   9|0x0000000702b00000, 0x0000000702b00000, 0x0000000702c00000|  0%| F|  |TAMS 0x0000000702b00000, 0x0000000702b00000| Untracked 
|  10|0x0000000702c00000, 0x0000000702c00000, 0x0000000702d00000|  0%| F|  |TAMS 0x0000000702c00000, 0x0000000702c00000| Untracked 
|  11|0x0000000702d00000, 0x0000000702d00000, 0x0000000702e00000|  0%| F|  |TAMS 0x0000000702d00000, 0x0000000702d00000| Untracked 
|  12|0x0000000702e00000, 0x0000000702e00000, 0x0000000702f00000|  0%| F|  |TAMS 0x0000000702e00000, 0x0000000702e00000| Untracked 
|  13|0x0000000702f00000, 0x0000000702f00000, 0x0000000703000000|  0%| F|  |TAMS 0x0000000702f00000, 0x0000000702f00000| Untracked 
|  14|0x0000000703000000, 0x0000000703000000, 0x0000000703100000|  0%| F|  |TAMS 0x0000000703000000, 0x0000000703000000| Untracked 
|  15|0x0000000703100000, 0x0000000703100000, 0x0000000703200000|  0%| F|  |TAMS 0x0000000703100000, 0x0000000703100000| Untracked 
|  16|0x0000000703200000, 0x0000000703200000, 0x0000000703300000|  0%| F|  |TAMS 0x0000000703200000, 0x0000000703200000| Untracked 
|  17|0x0000000703300000, 0x0000000703300000, 0x0000000703400000|  0%| F|  |TAMS 0x0000000703300000, 0x0000000703300000| Untracked 
|  18|0x0000000703400000, 0x0000000703400000, 0x0000000703500000|  0%| F|  |TAMS 0x0000000703400000, 0x0000000703400000| Untracked 
|  19|0x0000000703500000, 0x0000000703500000, 0x0000000703600000|  0%| F|  |TAMS 0x0000000703500000, 0x0000000703500000| Untracked 
|  20|0x0000000703600000, 0x0000000703600000, 0x0000000703700000|  0%| F|  |TAMS 0x0000000703600000, 0x0000000703600000| Untracked 
|  21|0x0000000703700000, 0x0000000703700000, 0x0000000703800000|  0%| F|  |TAMS 0x0000000703700000, 0x0000000703700000| Untracked 
|  22|0x0000000703800000, 0x0000000703800000, 0x0000000703900000|  0%| F|  |TAMS 0x0000000703800000, 0x0000000703800000| Untracked 
|  23|0x0000000703900000, 0x0000000703900000, 0x0000000703a00000|  0%| F|  |TAMS 0x0000000703900000, 0x0000000703900000| Untracked 
|  24|0x0000000703a00000, 0x0000000703a00000, 0x0000000703b00000|  0%| F|  |TAMS 0x0000000703a00000, 0x0000000703a00000| Untracked 
|  25|0x0000000703b00000, 0x0000000703b00000, 0x0000000703c00000|  0%| F|  |TAMS 0x0000000703b00000, 0x0000000703b00000| Untracked 
|  26|0x0000000703c00000, 0x0000000703c00000, 0x0000000703d00000|  0%| F|  |TAMS 0x0000000703c00000, 0x0000000703c00000| Untracked 
|  27|0x0000000703d00000, 0x0000000703d00000, 0x0000000703e00000|  0%| F|  |TAMS 0x0000000703d00000, 0x0000000703d00000| Untracked 
|  28|0x0000000703e00000, 0x0000000703e00000, 0x0000000703f00000|  0%| F|  |TAMS 0x0000000703e00000, 0x0000000703e00000| Untracked 
|  29|0x0000000703f00000, 0x0000000703f00000, 0x0000000704000000|  0%| F|  |TAMS 0x0000000703f00000, 0x0000000703f00000| Untracked 
|  30|0x0000000704000000, 0x0000000704000000, 0x0000000704100000|  0%| F|  |TAMS 0x0000000704000000, 0x0000000704000000| Untracked 
|  31|0x0000000704100000, 0x0000000704100000, 0x0000000704200000|  0%| F|  |TAMS 0x0000000704100000, 0x0000000704100000| Untracked 
|  32|0x0000000704200000, 0x0000000704200000, 0x0000000704300000|  0%| F|  |TAMS 0x0000000704200000, 0x0000000704200000| Untracked 
|  33|0x0000000704300000, 0x0000000704300000, 0x0000000704400000|  0%| F|  |TAMS 0x0000000704300000, 0x0000000704300000| Untracked 
|  34|0x0000000704400000, 0x0000000704400000, 0x0000000704500000|  0%| F|  |TAMS 0x0000000704400000, 0x0000000704400000| Untracked 
|  35|0x0000000704500000, 0x0000000704500000, 0x0000000704600000|  0%| F|  |TAMS 0x0000000704500000, 0x0000000704500000| Untracked 
|  36|0x0000000704600000, 0x0000000704600000, 0x0000000704700000|  0%| F|  |TAMS 0x0000000704600000, 0x0000000704600000| Untracked 
|  37|0x0000000704700000, 0x0000000704700000, 0x0000000704800000|  0%| F|  |TAMS 0x0000000704700000, 0x0000000704700000| Untracked 
|  38|0x0000000704800000, 0x0000000704800000, 0x0000000704900000|  0%| F|  |TAMS 0x0000000704800000, 0x0000000704800000| Untracked 
|  39|0x0000000704900000, 0x0000000704900000, 0x0000000704a00000|  0%| F|  |TAMS 0x0000000704900000, 0x0000000704900000| Untracked 
|  40|0x0000000704a00000, 0x0000000704a00000, 0x0000000704b00000|  0%| F|  |TAMS 0x0000000704a00000, 0x0000000704a00000| Untracked 
|  41|0x0000000704b00000, 0x0000000704b00000, 0x0000000704c00000|  0%| F|  |TAMS 0x0000000704b00000, 0x0000000704b00000| Untracked 
|  42|0x0000000704c00000, 0x0000000704c00000, 0x0000000704d00000|  0%| F|  |TAMS 0x0000000704c00000, 0x0000000704c00000| Untracked 
|  43|0x0000000704d00000, 0x0000000704d00000, 0x0000000704e00000|  0%| F|  |TAMS 0x0000000704d00000, 0x0000000704d00000| Untracked 
|  44|0x0000000704e00000, 0x0000000704e00000, 0x0000000704f00000|  0%| F|  |TAMS 0x0000000704e00000, 0x0000000704e00000| Untracked 
|  45|0x0000000704f00000, 0x0000000704f00000, 0x0000000705000000|  0%| F|  |TAMS 0x0000000704f00000, 0x0000000704f00000| Untracked 
|  46|0x0000000705000000, 0x0000000705000000, 0x0000000705100000|  0%| F|  |TAMS 0x0000000705000000, 0x0000000705000000| Untracked 
|  47|0x0000000705100000, 0x0000000705100000, 0x0000000705200000|  0%| F|  |TAMS 0x0000000705100000, 0x0000000705100000| Untracked 
|  48|0x0000000705200000, 0x0000000705200000, 0x0000000705300000|  0%| F|  |TAMS 0x0000000705200000, 0x0000000705200000| Untracked 
|  49|0x0000000705300000, 0x0000000705300000, 0x0000000705400000|  0%| F|  |TAMS 0x0000000705300000, 0x0000000705300000| Untracked 
|  50|0x0000000705400000, 0x0000000705400000, 0x0000000705500000|  0%| F|  |TAMS 0x0000000705400000, 0x0000000705400000| Untracked 
|  51|0x0000000705500000, 0x0000000705500000, 0x0000000705600000|  0%| F|  |TAMS 0x0000000705500000, 0x0000000705500000| Untracked 
|  52|0x0000000705600000, 0x0000000705600000, 0x0000000705700000|  0%| F|  |TAMS 0x0000000705600000, 0x0000000705600000| Untracked 
|  53|0x0000000705700000, 0x0000000705700000, 0x0000000705800000|  0%| F|  |TAMS 0x0000000705700000, 0x0000000705700000| Untracked 
|  54|0x0000000705800000, 0x0000000705800000, 0x0000000705900000|  0%| F|  |TAMS 0x0000000705800000, 0x0000000705800000| Untracked 
|  55|0x0000000705900000, 0x0000000705900000, 0x0000000705a00000|  0%| F|  |TAMS 0x0000000705900000, 0x0000000705900000| Untracked 
|  56|0x0000000705a00000, 0x0000000705a00000, 0x0000000705b00000|  0%| F|  |TAMS 0x0000000705a00000, 0x0000000705a00000| Untracked 
|  57|0x0000000705b00000, 0x0000000705b00000, 0x0000000705c00000|  0%| F|  |TAMS 0x0000000705b00000, 0x0000000705b00000| Untracked 
|  58|0x0000000705c00000, 0x0000000705c00000, 0x0000000705d00000|  0%| F|  |TAMS 0x0000000705c00000, 0x0000000705c00000| Untracked 
|  59|0x0000000705d00000, 0x0000000705d00000, 0x0000000705e00000|  0%| F|  |TAMS 0x0000000705d00000, 0x0000000705d00000| Untracked 
|  60|0x0000000705e00000, 0x0000000705e00000, 0x0000000705f00000|  0%| F|  |TAMS 0x0000000705e00000, 0x0000000705e00000| Untracked 
|  61|0x0000000705f00000, 0x0000000705f00000, 0x0000000706000000|  0%| F|  |TAMS 0x0000000705f00000, 0x0000000705f00000| Untracked 
|  62|0x0000000706000000, 0x0000000706000000, 0x0000000706100000|  0%| F|  |TAMS 0x0000000706000000, 0x0000000706000000| Untracked 
|  63|0x0000000706100000, 0x0000000706100000, 0x0000000706200000|  0%| F|  |TAMS 0x0000000706100000, 0x0000000706100000| Untracked 
|  64|0x0000000706200000, 0x0000000706200000, 0x0000000706300000|  0%| F|  |TAMS 0x0000000706200000, 0x0000000706200000| Untracked 
|  65|0x0000000706300000, 0x0000000706300000, 0x0000000706400000|  0%| F|  |TAMS 0x0000000706300000, 0x0000000706300000| Untracked 
|  66|0x0000000706400000, 0x0000000706400000, 0x0000000706500000|  0%| F|  |TAMS 0x0000000706400000, 0x0000000706400000| Untracked 
|  67|0x0000000706500000, 0x0000000706500000, 0x0000000706600000|  0%| F|  |TAMS 0x0000000706500000, 0x0000000706500000| Untracked 
|  68|0x0000000706600000, 0x0000000706600000, 0x0000000706700000|  0%| F|  |TAMS 0x0000000706600000, 0x0000000706600000| Untracked 
|  69|0x0000000706700000, 0x0000000706700000, 0x0000000706800000|  0%| F|  |TAMS 0x0000000706700000, 0x0000000706700000| Untracked 
|  70|0x0000000706800000, 0x0000000706800000, 0x0000000706900000|  0%| F|  |TAMS 0x0000000706800000, 0x0000000706800000| Untracked 
|  71|0x0000000706900000, 0x0000000706900000, 0x0000000706a00000|  0%| F|  |TAMS 0x0000000706900000, 0x0000000706900000| Untracked 
|  72|0x0000000706a00000, 0x0000000706a00000, 0x0000000706b00000|  0%| F|  |TAMS 0x0000000706a00000, 0x0000000706a00000| Untracked 
|  73|0x0000000706b00000, 0x0000000706b00000, 0x0000000706c00000|  0%| F|  |TAMS 0x0000000706b00000, 0x0000000706b00000| Untracked 
|  74|0x0000000706c00000, 0x0000000706c00000, 0x0000000706d00000|  0%| F|  |TAMS 0x0000000706c00000, 0x0000000706c00000| Untracked 
|  75|0x0000000706d00000, 0x0000000706d00000, 0x0000000706e00000|  0%| F|  |TAMS 0x0000000706d00000, 0x0000000706d00000| Untracked 
|  76|0x0000000706e00000, 0x0000000706e00000, 0x0000000706f00000|  0%| F|  |TAMS 0x0000000706e00000, 0x0000000706e00000| Untracked 
|  77|0x0000000706f00000, 0x0000000706f00000, 0x0000000707000000|  0%| F|  |TAMS 0x0000000706f00000, 0x0000000706f00000| Untracked 
|  78|0x0000000707000000, 0x0000000707000000, 0x0000000707100000|  0%| F|  |TAMS 0x0000000707000000, 0x0000000707000000| Untracked 
|  79|0x0000000707100000, 0x0000000707100000, 0x0000000707200000|  0%| F|  |TAMS 0x0000000707100000, 0x0000000707100000| Untracked 
|  80|0x0000000707200000, 0x0000000707200000, 0x0000000707300000|  0%| F|  |TAMS 0x0000000707200000, 0x0000000707200000| Untracked 
|  81|0x0000000707300000, 0x0000000707300000, 0x0000000707400000|  0%| F|  |TAMS 0x0000000707300000, 0x0000000707300000| Untracked 
|  82|0x0000000707400000, 0x0000000707400000, 0x0000000707500000|  0%| F|  |TAMS 0x0000000707400000, 0x0000000707400000| Untracked 
|  83|0x0000000707500000, 0x0000000707500000, 0x0000000707600000|  0%| F|  |TAMS 0x0000000707500000, 0x0000000707500000| Untracked 
|  84|0x0000000707600000, 0x0000000707600000, 0x0000000707700000|  0%| F|  |TAMS 0x0000000707600000, 0x0000000707600000| Untracked 
|  85|0x0000000707700000, 0x0000000707700000, 0x0000000707800000|  0%| F|  |TAMS 0x0000000707700000, 0x0000000707700000| Untracked 
|  86|0x0000000707800000, 0x0000000707800000, 0x0000000707900000|  0%| F|  |TAMS 0x0000000707800000, 0x0000000707800000| Untracked 
|  87|0x0000000707900000, 0x0000000707900000, 0x0000000707a00000|  0%| F|  |TAMS 0x0000000707900000, 0x0000000707900000| Untracked 
|  88|0x0000000707a00000, 0x0000000707a00000, 0x0000000707b00000|  0%| F|  |TAMS 0x0000000707a00000, 0x0000000707a00000| Untracked 
|  89|0x0000000707b00000, 0x0000000707b00000, 0x0000000707c00000|  0%| F|  |TAMS 0x0000000707b00000, 0x0000000707b00000| Untracked 
|  90|0x0000000707c00000, 0x0000000707c00000, 0x0000000707d00000|  0%| F|  |TAMS 0x0000000707c00000, 0x0000000707c00000| Untracked 
|  91|0x0000000707d00000, 0x0000000707d00000, 0x0000000707e00000|  0%| F|  |TAMS 0x0000000707d00000, 0x0000000707d00000| Untracked 
|  92|0x0000000707e00000, 0x0000000707e00000, 0x0000000707f00000|  0%| F|  |TAMS 0x0000000707e00000, 0x0000000707e00000| Untracked 
|  93|0x0000000707f00000, 0x0000000707f00000, 0x0000000708000000|  0%| F|  |TAMS 0x0000000707f00000, 0x0000000707f00000| Untracked 
|  94|0x0000000708000000, 0x0000000708000000, 0x0000000708100000|  0%| F|  |TAMS 0x0000000708000000, 0x0000000708000000| Untracked 
|  95|0x0000000708100000, 0x0000000708100000, 0x0000000708200000|  0%| F|  |TAMS 0x0000000708100000, 0x0000000708100000| Untracked 
|  96|0x0000000708200000, 0x0000000708200000, 0x0000000708300000|  0%| F|  |TAMS 0x0000000708200000, 0x0000000708200000| Untracked 
|  97|0x0000000708300000, 0x0000000708300000, 0x0000000708400000|  0%| F|  |TAMS 0x0000000708300000, 0x0000000708300000| Untracked 
|  98|0x0000000708400000, 0x0000000708400000, 0x0000000708500000|  0%| F|  |TAMS 0x0000000708400000, 0x0000000708400000| Untracked 
|  99|0x0000000708500000, 0x0000000708500000, 0x0000000708600000|  0%| F|  |TAMS 0x0000000708500000, 0x0000000708500000| Untracked 
| 100|0x0000000708600000, 0x0000000708600000, 0x0000000708700000|  0%| F|  |TAMS 0x0000000708600000, 0x0000000708600000| Untracked 
| 101|0x0000000708700000, 0x0000000708700000, 0x0000000708800000|  0%| F|  |TAMS 0x0000000708700000, 0x0000000708700000| Untracked 
| 102|0x0000000708800000, 0x0000000708800000, 0x0000000708900000|  0%| F|  |TAMS 0x0000000708800000, 0x0000000708800000| Untracked 
| 103|0x0000000708900000, 0x0000000708900000, 0x0000000708a00000|  0%| F|  |TAMS 0x0000000708900000, 0x0000000708900000| Untracked 
| 104|0x0000000708a00000, 0x0000000708a00000, 0x0000000708b00000|  0%| F|  |TAMS 0x0000000708a00000, 0x0000000708a00000| Untracked 
| 105|0x0000000708b00000, 0x0000000708b00000, 0x0000000708c00000|  0%| F|  |TAMS 0x0000000708b00000, 0x0000000708b00000| Untracked 
| 106|0x0000000708c00000, 0x0000000708c00000, 0x0000000708d00000|  0%| F|  |TAMS 0x0000000708c00000, 0x0000000708c00000| Untracked 
| 107|0x0000000708d00000, 0x0000000708d00000, 0x0000000708e00000|  0%| F|  |TAMS 0x0000000708d00000, 0x0000000708d00000| Untracked 
| 108|0x0000000708e00000, 0x0000000708e00000, 0x0000000708f00000|  0%| F|  |TAMS 0x0000000708e00000, 0x0000000708e00000| Untracked 
| 109|0x0000000708f00000, 0x0000000708f00000, 0x0000000709000000|  0%| F|  |TAMS 0x0000000708f00000, 0x0000000708f00000| Untracked 
| 110|0x0000000709000000, 0x0000000709000000, 0x0000000709100000|  0%| F|  |TAMS 0x0000000709000000, 0x0000000709000000| Untracked 
| 111|0x0000000709100000, 0x0000000709100000, 0x0000000709200000|  0%| F|  |TAMS 0x0000000709100000, 0x0000000709100000| Untracked 
| 112|0x0000000709200000, 0x0000000709200000, 0x0000000709300000|  0%| F|  |TAMS 0x0000000709200000, 0x0000000709200000| Untracked 
| 113|0x0000000709300000, 0x0000000709300000, 0x0000000709400000|  0%| F|  |TAMS 0x0000000709300000, 0x0000000709300000| Untracked 
| 114|0x0000000709400000, 0x0000000709400000, 0x0000000709500000|  0%| F|  |TAMS 0x0000000709400000, 0x0000000709400000| Untracked 
| 115|0x0000000709500000, 0x0000000709500000, 0x0000000709600000|  0%| F|  |TAMS 0x0000000709500000, 0x0000000709500000| Untracked 
| 116|0x0000000709600000, 0x0000000709600000, 0x0000000709700000|  0%| F|  |TAMS 0x0000000709600000, 0x0000000709600000| Untracked 
| 117|0x0000000709700000, 0x0000000709700000, 0x0000000709800000|  0%| F|  |TAMS 0x0000000709700000, 0x0000000709700000| Untracked 
| 118|0x0000000709800000, 0x0000000709800000, 0x0000000709900000|  0%| F|  |TAMS 0x0000000709800000, 0x0000000709800000| Untracked 
| 119|0x0000000709900000, 0x0000000709900000, 0x0000000709a00000|  0%| F|  |TAMS 0x0000000709900000, 0x0000000709900000| Untracked 
| 120|0x0000000709a00000, 0x0000000709a00000, 0x0000000709b00000|  0%| F|  |TAMS 0x0000000709a00000, 0x0000000709a00000| Untracked 
| 121|0x0000000709b00000, 0x0000000709b00000, 0x0000000709c00000|  0%| F|  |TAMS 0x0000000709b00000, 0x0000000709b00000| Untracked 
| 122|0x0000000709c00000, 0x0000000709c00000, 0x0000000709d00000|  0%| F|  |TAMS 0x0000000709c00000, 0x0000000709c00000| Untracked 
| 123|0x0000000709d00000, 0x0000000709d00000, 0x0000000709e00000|  0%| F|  |TAMS 0x0000000709d00000, 0x0000000709d00000| Untracked 
| 124|0x0000000709e00000, 0x0000000709e00000, 0x0000000709f00000|  0%| F|  |TAMS 0x0000000709e00000, 0x0000000709e00000| Untracked 
| 125|0x0000000709f00000, 0x0000000709f00000, 0x000000070a000000|  0%| F|  |TAMS 0x0000000709f00000, 0x0000000709f00000| Untracked 
| 126|0x000000070a000000, 0x000000070a000000, 0x000000070a100000|  0%| F|  |TAMS 0x000000070a000000, 0x000000070a000000| Untracked 
| 127|0x000000070a100000, 0x000000070a100000, 0x000000070a200000|  0%| F|  |TAMS 0x000000070a100000, 0x000000070a100000| Untracked 
| 128|0x000000070a200000, 0x000000070a200000, 0x000000070a300000|  0%| F|  |TAMS 0x000000070a200000, 0x000000070a200000| Untracked 
| 129|0x000000070a300000, 0x000000070a300000, 0x000000070a400000|  0%| F|  |TAMS 0x000000070a300000, 0x000000070a300000| Untracked 
| 130|0x000000070a400000, 0x000000070a400000, 0x000000070a500000|  0%| F|  |TAMS 0x000000070a400000, 0x000000070a400000| Untracked 
| 131|0x000000070a500000, 0x000000070a500000, 0x000000070a600000|  0%| F|  |TAMS 0x000000070a500000, 0x000000070a500000| Untracked 
| 132|0x000000070a600000, 0x000000070a600000, 0x000000070a700000|  0%| F|  |TAMS 0x000000070a600000, 0x000000070a600000| Untracked 
| 133|0x000000070a700000, 0x000000070a700000, 0x000000070a800000|  0%| F|  |TAMS 0x000000070a700000, 0x000000070a700000| Untracked 
| 134|0x000000070a800000, 0x000000070a800000, 0x000000070a900000|  0%| F|  |TAMS 0x000000070a800000, 0x000000070a800000| Untracked 
| 135|0x000000070a900000, 0x000000070a900000, 0x000000070aa00000|  0%| F|  |TAMS 0x000000070a900000, 0x000000070a900000| Untracked 
| 136|0x000000070aa00000, 0x000000070aa00000, 0x000000070ab00000|  0%| F|  |TAMS 0x000000070aa00000, 0x000000070aa00000| Untracked 
| 137|0x000000070ab00000, 0x000000070ab00000, 0x000000070ac00000|  0%| F|  |TAMS 0x000000070ab00000, 0x000000070ab00000| Untracked 
| 138|0x000000070ac00000, 0x000000070ac00000, 0x000000070ad00000|  0%| F|  |TAMS 0x000000070ac00000, 0x000000070ac00000| Untracked 
| 139|0x000000070ad00000, 0x000000070ad00000, 0x000000070ae00000|  0%| F|  |TAMS 0x000000070ad00000, 0x000000070ad00000| Untracked 
| 140|0x000000070ae00000, 0x000000070ae00000, 0x000000070af00000|  0%| F|  |TAMS 0x000000070ae00000, 0x000000070ae00000| Untracked 
| 141|0x000000070af00000, 0x000000070af00000, 0x000000070b000000|  0%| F|  |TAMS 0x000000070af00000, 0x000000070af00000| Untracked 
| 142|0x000000070b000000, 0x000000070b000000, 0x000000070b100000|  0%| F|  |TAMS 0x000000070b000000, 0x000000070b000000| Untracked 
| 143|0x000000070b100000, 0x000000070b100000, 0x000000070b200000|  0%| F|  |TAMS 0x000000070b100000, 0x000000070b100000| Untracked 
| 144|0x000000070b200000, 0x000000070b200000, 0x000000070b300000|  0%| F|  |TAMS 0x000000070b200000, 0x000000070b200000| Untracked 
| 145|0x000000070b300000, 0x000000070b300000, 0x000000070b400000|  0%| F|  |TAMS 0x000000070b300000, 0x000000070b300000| Untracked 
| 146|0x000000070b400000, 0x000000070b400000, 0x000000070b500000|  0%| F|  |TAMS 0x000000070b400000, 0x000000070b400000| Untracked 
| 147|0x000000070b500000, 0x000000070b500000, 0x000000070b600000|  0%| F|  |TAMS 0x000000070b500000, 0x000000070b500000| Untracked 
| 148|0x000000070b600000, 0x000000070b600000, 0x000000070b700000|  0%| F|  |TAMS 0x000000070b600000, 0x000000070b600000| Untracked 
| 149|0x000000070b700000, 0x000000070b700000, 0x000000070b800000|  0%| F|  |TAMS 0x000000070b700000, 0x000000070b700000| Untracked 
| 150|0x000000070b800000, 0x000000070b800000, 0x000000070b900000|  0%| F|  |TAMS 0x000000070b800000, 0x000000070b800000| Untracked 
| 151|0x000000070b900000, 0x000000070b900000, 0x000000070ba00000|  0%| F|  |TAMS 0x000000070b900000, 0x000000070b900000| Untracked 
| 152|0x000000070ba00000, 0x000000070ba00000, 0x000000070bb00000|  0%| F|  |TAMS 0x000000070ba00000, 0x000000070ba00000| Untracked 
| 153|0x000000070bb00000, 0x000000070bb00000, 0x000000070bc00000|  0%| F|  |TAMS 0x000000070bb00000, 0x000000070bb00000| Untracked 
| 154|0x000000070bc00000, 0x000000070bc00000, 0x000000070bd00000|  0%| F|  |TAMS 0x000000070bc00000, 0x000000070bc00000| Untracked 
| 155|0x000000070bd00000, 0x000000070bd00000, 0x000000070be00000|  0%| F|  |TAMS 0x000000070bd00000, 0x000000070bd00000| Untracked 
| 156|0x000000070be00000, 0x000000070be00000, 0x000000070bf00000|  0%| F|  |TAMS 0x000000070be00000, 0x000000070be00000| Untracked 
| 157|0x000000070bf00000, 0x000000070bf00000, 0x000000070c000000|  0%| F|  |TAMS 0x000000070bf00000, 0x000000070bf00000| Untracked 
| 158|0x000000070c000000, 0x000000070c000000, 0x000000070c100000|  0%| F|  |TAMS 0x000000070c000000, 0x000000070c000000| Untracked 
| 159|0x000000070c100000, 0x000000070c100000, 0x000000070c200000|  0%| F|  |TAMS 0x000000070c100000, 0x000000070c100000| Untracked 
| 160|0x000000070c200000, 0x000000070c200000, 0x000000070c300000|  0%| F|  |TAMS 0x000000070c200000, 0x000000070c200000| Untracked 
| 161|0x000000070c300000, 0x000000070c300000, 0x000000070c400000|  0%| F|  |TAMS 0x000000070c300000, 0x000000070c300000| Untracked 
| 162|0x000000070c400000, 0x000000070c400000, 0x000000070c500000|  0%| F|  |TAMS 0x000000070c400000, 0x000000070c400000| Untracked 
| 163|0x000000070c500000, 0x000000070c500000, 0x000000070c600000|  0%| F|  |TAMS 0x000000070c500000, 0x000000070c500000| Untracked 
| 164|0x000000070c600000, 0x000000070c600000, 0x000000070c700000|  0%| F|  |TAMS 0x000000070c600000, 0x000000070c600000| Untracked 
| 165|0x000000070c700000, 0x000000070c700000, 0x000000070c800000|  0%| F|  |TAMS 0x000000070c700000, 0x000000070c700000| Untracked 
| 166|0x000000070c800000, 0x000000070c800000, 0x000000070c900000|  0%| F|  |TAMS 0x000000070c800000, 0x000000070c800000| Untracked 
| 167|0x000000070c900000, 0x000000070c900000, 0x000000070ca00000|  0%| F|  |TAMS 0x000000070c900000, 0x000000070c900000| Untracked 
| 168|0x000000070ca00000, 0x000000070ca00000, 0x000000070cb00000|  0%| F|  |TAMS 0x000000070ca00000, 0x000000070ca00000| Untracked 
| 169|0x000000070cb00000, 0x000000070cb00000, 0x000000070cc00000|  0%| F|  |TAMS 0x000000070cb00000, 0x000000070cb00000| Untracked 
| 170|0x000000070cc00000, 0x000000070cc00000, 0x000000070cd00000|  0%| F|  |TAMS 0x000000070cc00000, 0x000000070cc00000| Untracked 
| 171|0x000000070cd00000, 0x000000070cd00000, 0x000000070ce00000|  0%| F|  |TAMS 0x000000070cd00000, 0x000000070cd00000| Untracked 
| 172|0x000000070ce00000, 0x000000070ce00000, 0x000000070cf00000|  0%| F|  |TAMS 0x000000070ce00000, 0x000000070ce00000| Untracked 
| 173|0x000000070cf00000, 0x000000070cf00000, 0x000000070d000000|  0%| F|  |TAMS 0x000000070cf00000, 0x000000070cf00000| Untracked 
| 174|0x000000070d000000, 0x000000070d000000, 0x000000070d100000|  0%| F|  |TAMS 0x000000070d000000, 0x000000070d000000| Untracked 
| 175|0x000000070d100000, 0x000000070d100000, 0x000000070d200000|  0%| F|  |TAMS 0x000000070d100000, 0x000000070d100000| Untracked 
| 176|0x000000070d200000, 0x000000070d200000, 0x000000070d300000|  0%| F|  |TAMS 0x000000070d200000, 0x000000070d200000| Untracked 
| 177|0x000000070d300000, 0x000000070d300000, 0x000000070d400000|  0%| F|  |TAMS 0x000000070d300000, 0x000000070d300000| Untracked 
| 178|0x000000070d400000, 0x000000070d400000, 0x000000070d500000|  0%| F|  |TAMS 0x000000070d400000, 0x000000070d400000| Untracked 
| 179|0x000000070d500000, 0x000000070d500000, 0x000000070d600000|  0%| F|  |TAMS 0x000000070d500000, 0x000000070d500000| Untracked 
| 180|0x000000070d600000, 0x000000070d600000, 0x000000070d700000|  0%| F|  |TAMS 0x000000070d600000, 0x000000070d600000| Untracked 
| 181|0x000000070d700000, 0x000000070d700000, 0x000000070d800000|  0%| F|  |TAMS 0x000000070d700000, 0x000000070d700000| Untracked 
| 182|0x000000070d800000, 0x000000070d800000, 0x000000070d900000|  0%| F|  |TAMS 0x000000070d800000, 0x000000070d800000| Untracked 
| 183|0x000000070d900000, 0x000000070d900000, 0x000000070da00000|  0%| F|  |TAMS 0x000000070d900000, 0x000000070d900000| Untracked 
| 184|0x000000070da00000, 0x000000070da00000, 0x000000070db00000|  0%| F|  |TAMS 0x000000070da00000, 0x000000070da00000| Untracked 
| 185|0x000000070db00000, 0x000000070db00000, 0x000000070dc00000|  0%| F|  |TAMS 0x000000070db00000, 0x000000070db00000| Untracked 
| 186|0x000000070dc00000, 0x000000070dc00000, 0x000000070dd00000|  0%| F|  |TAMS 0x000000070dc00000, 0x000000070dc00000| Untracked 
| 187|0x000000070dd00000, 0x000000070dd00000, 0x000000070de00000|  0%| F|  |TAMS 0x000000070dd00000, 0x000000070dd00000| Untracked 
| 188|0x000000070de00000, 0x000000070de00000, 0x000000070df00000|  0%| F|  |TAMS 0x000000070de00000, 0x000000070de00000| Untracked 
| 189|0x000000070df00000, 0x000000070df00000, 0x000000070e000000|  0%| F|  |TAMS 0x000000070df00000, 0x000000070df00000| Untracked 
| 190|0x000000070e000000, 0x000000070e000000, 0x000000070e100000|  0%| F|  |TAMS 0x000000070e000000, 0x000000070e000000| Untracked 
| 191|0x000000070e100000, 0x000000070e100000, 0x000000070e200000|  0%| F|  |TAMS 0x000000070e100000, 0x000000070e100000| Untracked 
| 192|0x000000070e200000, 0x000000070e200000, 0x000000070e300000|  0%| F|  |TAMS 0x000000070e200000, 0x000000070e200000| Untracked 
| 193|0x000000070e300000, 0x000000070e300000, 0x000000070e400000|  0%| F|  |TAMS 0x000000070e300000, 0x000000070e300000| Untracked 
| 194|0x000000070e400000, 0x000000070e400000, 0x000000070e500000|  0%| F|  |TAMS 0x000000070e400000, 0x000000070e400000| Untracked 
| 195|0x000000070e500000, 0x000000070e500000, 0x000000070e600000|  0%| F|  |TAMS 0x000000070e500000, 0x000000070e500000| Untracked 
| 196|0x000000070e600000, 0x000000070e600000, 0x000000070e700000|  0%| F|  |TAMS 0x000000070e600000, 0x000000070e600000| Untracked 
| 197|0x000000070e700000, 0x000000070e700000, 0x000000070e800000|  0%| F|  |TAMS 0x000000070e700000, 0x000000070e700000| Untracked 
| 198|0x000000070e800000, 0x000000070e800000, 0x000000070e900000|  0%| F|  |TAMS 0x000000070e800000, 0x000000070e800000| Untracked 
| 199|0x000000070e900000, 0x000000070e900000, 0x000000070ea00000|  0%| F|  |TAMS 0x000000070e900000, 0x000000070e900000| Untracked 
| 200|0x000000070ea00000, 0x000000070ea00000, 0x000000070eb00000|  0%| F|  |TAMS 0x000000070ea00000, 0x000000070ea00000| Untracked 
| 201|0x000000070eb00000, 0x000000070eb00000, 0x000000070ec00000|  0%| F|  |TAMS 0x000000070eb00000, 0x000000070eb00000| Untracked 
| 202|0x000000070ec00000, 0x000000070ec00000, 0x000000070ed00000|  0%| F|  |TAMS 0x000000070ec00000, 0x000000070ec00000| Untracked 
| 203|0x000000070ed00000, 0x000000070ed00000, 0x000000070ee00000|  0%| F|  |TAMS 0x000000070ed00000, 0x000000070ed00000| Untracked 
| 204|0x000000070ee00000, 0x000000070ee00000, 0x000000070ef00000|  0%| F|  |TAMS 0x000000070ee00000, 0x000000070ee00000| Untracked 
| 205|0x000000070ef00000, 0x000000070ef00000, 0x000000070f000000|  0%| F|  |TAMS 0x000000070ef00000, 0x000000070ef00000| Untracked 
| 206|0x000000070f000000, 0x000000070f000000, 0x000000070f100000|  0%| F|  |TAMS 0x000000070f000000, 0x000000070f000000| Untracked 
| 207|0x000000070f100000, 0x000000070f100000, 0x000000070f200000|  0%| F|  |TAMS 0x000000070f100000, 0x000000070f100000| Untracked 
| 208|0x000000070f200000, 0x000000070f200000, 0x000000070f300000|  0%| F|  |TAMS 0x000000070f200000, 0x000000070f200000| Untracked 
| 209|0x000000070f300000, 0x000000070f300000, 0x000000070f400000|  0%| F|  |TAMS 0x000000070f300000, 0x000000070f300000| Untracked 
| 210|0x000000070f400000, 0x000000070f400000, 0x000000070f500000|  0%| F|  |TAMS 0x000000070f400000, 0x000000070f400000| Untracked 
| 211|0x000000070f500000, 0x000000070f500000, 0x000000070f600000|  0%| F|  |TAMS 0x000000070f500000, 0x000000070f500000| Untracked 
| 212|0x000000070f600000, 0x000000070f600000, 0x000000070f700000|  0%| F|  |TAMS 0x000000070f600000, 0x000000070f600000| Untracked 
| 213|0x000000070f700000, 0x000000070f700000, 0x000000070f800000|  0%| F|  |TAMS 0x000000070f700000, 0x000000070f700000| Untracked 
| 214|0x000000070f800000, 0x000000070f800000, 0x000000070f900000|  0%| F|  |TAMS 0x000000070f800000, 0x000000070f800000| Untracked 
| 215|0x000000070f900000, 0x000000070f900000, 0x000000070fa00000|  0%| F|  |TAMS 0x000000070f900000, 0x000000070f900000| Untracked 
| 216|0x000000070fa00000, 0x000000070fa00000, 0x000000070fb00000|  0%| F|  |TAMS 0x000000070fa00000, 0x000000070fa00000| Untracked 
| 217|0x000000070fb00000, 0x000000070fb00000, 0x000000070fc00000|  0%| F|  |TAMS 0x000000070fb00000, 0x000000070fb00000| Untracked 
| 218|0x000000070fc00000, 0x000000070fc00000, 0x000000070fd00000|  0%| F|  |TAMS 0x000000070fc00000, 0x000000070fc00000| Untracked 
| 219|0x000000070fd00000, 0x000000070fd00000, 0x000000070fe00000|  0%| F|  |TAMS 0x000000070fd00000, 0x000000070fd00000| Untracked 
| 220|0x000000070fe00000, 0x000000070fe00000, 0x000000070ff00000|  0%| F|  |TAMS 0x000000070fe00000, 0x000000070fe00000| Untracked 
| 221|0x000000070ff00000, 0x000000070ff00000, 0x0000000710000000|  0%| F|  |TAMS 0x000000070ff00000, 0x000000070ff00000| Untracked 
| 222|0x0000000710000000, 0x0000000710000000, 0x0000000710100000|  0%| F|  |TAMS 0x0000000710000000, 0x0000000710000000| Untracked 
| 223|0x0000000710100000, 0x0000000710100000, 0x0000000710200000|  0%| F|  |TAMS 0x0000000710100000, 0x0000000710100000| Untracked 
| 224|0x0000000710200000, 0x0000000710200000, 0x0000000710300000|  0%| F|  |TAMS 0x0000000710200000, 0x0000000710200000| Untracked 
| 225|0x0000000710300000, 0x0000000710300000, 0x0000000710400000|  0%| F|  |TAMS 0x0000000710300000, 0x0000000710300000| Untracked 
| 226|0x0000000710400000, 0x0000000710400000, 0x0000000710500000|  0%| F|  |TAMS 0x0000000710400000, 0x0000000710400000| Untracked 
| 227|0x0000000710500000, 0x0000000710500000, 0x0000000710600000|  0%| F|  |TAMS 0x0000000710500000, 0x0000000710500000| Untracked 
| 228|0x0000000710600000, 0x0000000710600000, 0x0000000710700000|  0%| F|  |TAMS 0x0000000710600000, 0x0000000710600000| Untracked 
| 229|0x0000000710700000, 0x0000000710700000, 0x0000000710800000|  0%| F|  |TAMS 0x0000000710700000, 0x0000000710700000| Untracked 
| 230|0x0000000710800000, 0x0000000710800000, 0x0000000710900000|  0%| F|  |TAMS 0x0000000710800000, 0x0000000710800000| Untracked 
| 231|0x0000000710900000, 0x0000000710900000, 0x0000000710a00000|  0%| F|  |TAMS 0x0000000710900000, 0x0000000710900000| Untracked 
| 232|0x0000000710a00000, 0x0000000710a00000, 0x0000000710b00000|  0%| F|  |TAMS 0x0000000710a00000, 0x0000000710a00000| Untracked 
| 233|0x0000000710b00000, 0x0000000710b00000, 0x0000000710c00000|  0%| F|  |TAMS 0x0000000710b00000, 0x0000000710b00000| Untracked 
| 234|0x0000000710c00000, 0x0000000710c00000, 0x0000000710d00000|  0%| F|  |TAMS 0x0000000710c00000, 0x0000000710c00000| Untracked 
| 235|0x0000000710d00000, 0x0000000710d00000, 0x0000000710e00000|  0%| F|  |TAMS 0x0000000710d00000, 0x0000000710d00000| Untracked 
| 236|0x0000000710e00000, 0x0000000710e00000, 0x0000000710f00000|  0%| F|  |TAMS 0x0000000710e00000, 0x0000000710e00000| Untracked 
| 237|0x0000000710f00000, 0x0000000710f00000, 0x0000000711000000|  0%| F|  |TAMS 0x0000000710f00000, 0x0000000710f00000| Untracked 
| 238|0x0000000711000000, 0x0000000711000000, 0x0000000711100000|  0%| F|  |TAMS 0x0000000711000000, 0x0000000711000000| Untracked 
| 239|0x0000000711100000, 0x0000000711100000, 0x0000000711200000|  0%| F|  |TAMS 0x0000000711100000, 0x0000000711100000| Untracked 
| 240|0x0000000711200000, 0x0000000711200000, 0x0000000711300000|  0%| F|  |TAMS 0x0000000711200000, 0x0000000711200000| Untracked 
| 241|0x0000000711300000, 0x0000000711300000, 0x0000000711400000|  0%| F|  |TAMS 0x0000000711300000, 0x0000000711300000| Untracked 
| 242|0x0000000711400000, 0x00000007114f64b0, 0x0000000711500000| 96%| E|  |TAMS 0x0000000711400000, 0x0000000711400000| Complete 
| 243|0x0000000711500000, 0x0000000711600000, 0x0000000711600000|100%| E|CS|TAMS 0x0000000711500000, 0x0000000711500000| Complete 
| 244|0x0000000711600000, 0x0000000711700000, 0x0000000711700000|100%| E|CS|TAMS 0x0000000711600000, 0x0000000711600000| Complete 
| 245|0x0000000711700000, 0x0000000711800000, 0x0000000711800000|100%| E|CS|TAMS 0x0000000711700000, 0x0000000711700000| Complete 
| 246|0x0000000711800000, 0x0000000711900000, 0x0000000711900000|100%| E|CS|TAMS 0x0000000711800000, 0x0000000711800000| Complete 
| 247|0x0000000711900000, 0x0000000711a00000, 0x0000000711a00000|100%| E|CS|TAMS 0x0000000711900000, 0x0000000711900000| Complete 
| 248|0x0000000711a00000, 0x0000000711b00000, 0x0000000711b00000|100%| E|CS|TAMS 0x0000000711a00000, 0x0000000711a00000| Complete 
| 249|0x0000000711b00000, 0x0000000711c00000, 0x0000000711c00000|100%| E|CS|TAMS 0x0000000711b00000, 0x0000000711b00000| Complete 
| 250|0x0000000711c00000, 0x0000000711d00000, 0x0000000711d00000|100%| E|CS|TAMS 0x0000000711c00000, 0x0000000711c00000| Complete 
| 251|0x0000000711d00000, 0x0000000711e00000, 0x0000000711e00000|100%| E|CS|TAMS 0x0000000711d00000, 0x0000000711d00000| Complete 
| 252|0x0000000711e00000, 0x0000000711f00000, 0x0000000711f00000|100%| E|CS|TAMS 0x0000000711e00000, 0x0000000711e00000| Complete 
| 253|0x0000000711f00000, 0x0000000712000000, 0x0000000712000000|100%| E|CS|TAMS 0x0000000711f00000, 0x0000000711f00000| Complete 

Card table byte_map: [0x0000023971830000,0x0000023972020000] _byte_map_base: 0x000002396e01f000

Marking Bits (Prev, Next): (CMBitMap*) 0x000002395747d798, (CMBitMap*) 0x000002395747d7d8
 Prev Bits: [0x0000023972810000, 0x0000023976788000)
 Next Bits: [0x0000023976790000, 0x000002397a708000)

Polling page: 0x0000023957650000

Metaspace:

Usage:
  Non-class:      5.77 MB capacity,     3.38 MB ( 59%) used,     2.39 MB ( 41%) free+waste,     6.06 KB ( <1%) overhead. 
      Class:    654.00 KB capacity,   368.43 KB ( 56%) used,   282.51 KB ( 43%) free+waste,     3.06 KB ( <1%) overhead. 
       Both:      6.41 MB capacity,     3.74 MB ( 58%) used,     2.66 MB ( 42%) free+waste,     9.13 KB ( <1%) overhead. 

Virtual space:
  Non-class space:        8.00 MB reserved,       6.00 MB ( 75%) committed 
      Class space:        1.00 GB reserved,     768.00 KB ( <1%) committed 
             Both:        1.01 GB reserved,       6.75 MB ( <1%) committed 

Chunk freelists:
   Non-Class:  5.13 KB
       Class:  2.25 KB
        Both:  7.38 KB

CodeHeap 'non-profiled nmethods': size=120000Kb used=251Kb max_used=251Kb free=119748Kb
 bounds [0x00000239695c0000, 0x0000023969830000, 0x0000023970af0000]
CodeHeap 'profiled nmethods': size=120000Kb used=1490Kb max_used=1490Kb free=118509Kb
 bounds [0x0000023962090000, 0x0000023962300000, 0x00000239695c0000]
CodeHeap 'non-nmethods': size=5760Kb used=1148Kb max_used=1160Kb free=4611Kb
 bounds [0x0000023961af0000, 0x0000023961d60000, 0x0000023962090000]
 total_blobs=1411 nmethods=751 adapters=385
 compilation: enabled
              stopped_count=0, restarted_count=0
 full_count=0

Compilation events (10 events):
Event: 0.831 Thread 0x000002397dd44800  706       3       org.bytedeco.javacpp.Pointer::deallocateReferences (34 bytes)
Event: 0.831 Thread 0x000002397dd44800 nmethod 706 0x00000239621ec590 code [0x00000239621ec7a0, 0x00000239621ecef0]
Event: 0.831 Thread 0x000002397dd44800  707   !   3       org.bytedeco.javacpp.Pointer$DeallocatorReference::add (48 bytes)
Event: 0.831 Thread 0x000002397dd44800 nmethod 707 0x00000239621ed110 code [0x00000239621ed300, 0x00000239621ed898]
Event: 0.831 Thread 0x000002397dd44800  708       3       org.bytedeco.javacpp.Pointer::init (52 bytes)
Event: 0.832 Thread 0x000002397dd44800 nmethod 708 0x00000239621eda10 code [0x00000239621edc20, 0x00000239621ee320]
Event: 0.832 Thread 0x000002397dd44800  709       3       org.bytedeco.javacpp.Pointer$NativeDeallocator::<init> (23 bytes)
Event: 0.832 Thread 0x000002397dd44800 nmethod 709 0x00000239621ee590 code [0x00000239621ee780, 0x00000239621eed58]
Event: 0.863 Thread 0x000002397dd44800  714       3       java.lang.reflect.AnnotatedElement::isAnnotationPresent (16 bytes)
Event: 0.863 Thread 0x000002397dd44800 nmethod 714 0x00000239621eef10 code [0x00000239621ef0e0, 0x00000239621ef390]

GC Heap History (0 events):
No events

Deoptimization events (7 events):
Event: 0.081 Thread 0x00000239596ee000 Uncommon trap: reason=class_check action=maybe_recompile pc=0x00000239695ce2f4 method=java.util.HashMap.putVal(ILjava/lang/Object;Ljava/lang/Object;ZZ)Ljava/lang/Object; @ 152 c2
Event: 0.081 Thread 0x00000239596ee000 Uncommon trap: reason=class_check action=maybe_recompile pc=0x00000239695ce2f4 method=java.util.HashMap.putVal(ILjava/lang/Object;Ljava/lang/Object;ZZ)Ljava/lang/Object; @ 152 c2
Event: 0.081 Thread 0x00000239596ee000 Uncommon trap: reason=class_check action=maybe_recompile pc=0x00000239695ce2f4 method=java.util.HashMap.putVal(ILjava/lang/Object;Ljava/lang/Object;ZZ)Ljava/lang/Object; @ 152 c2
Event: 0.087 Thread 0x00000239596ee000 Uncommon trap: reason=class_check action=maybe_recompile pc=0x00000239695ce2f4 method=java.util.HashMap.putVal(ILjava/lang/Object;Ljava/lang/Object;ZZ)Ljava/lang/Object; @ 152 c2
Event: 0.115 Thread 0x00000239596ee000 Uncommon trap: reason=unstable_if action=reinterpret pc=0x00000239695c58a4 method=java.lang.String.isLatin1()Z @ 10 c2
Event: 0.137 Thread 0x00000239596ee000 Uncommon trap: reason=unstable_if action=reinterpret pc=0x00000239695cfe90 method=java.io.WinNTFileSystem.isSlash(C)Z @ 9 c2
Event: 0.145 Thread 0x00000239596ee000 Uncommon trap: reason=unstable_if action=reinterpret pc=0x00000239695d47f4 method=java.util.HashMap.putVal(ILjava/lang/Object;Ljava/lang/Object;ZZ)Ljava/lang/Object; @ 181 c2

Classes redefined (0 events):
No events

Internal exceptions (4 events):
Event: 0.127 Thread 0x00000239596ee000 Exception <a 'java/lang/NoSuchMethodError'{0x0000000711cbb4e0}: java.lang.invoke.DirectMethodHandle$Holder.invokeStaticInit(Ljava/lang/Object;Ljava/lang/Object;Ljava/lang/Object;Ljava/lang/Object;)I> (0x0000000711cbb4e0) thrown at [t:/workspace/open/src/h
Event: 0.128 Thread 0x00000239596ee000 Exception <a 'java/lang/IncompatibleClassChangeError'{0x0000000711cc4a58}: Found class java.lang.Object, but interface was expected> (0x0000000711cc4a58) thrown at [t:/workspace/open/src/hotspot/share/interpreter/linkResolver.cpp, line 843]
Event: 0.128 Thread 0x00000239596ee000 Exception <a 'java/lang/NoSuchMethodError'{0x0000000711cc7990}: java.lang.invoke.DirectMethodHandle$Holder.invokeStaticInit(Ljava/lang/Object;Ljava/lang/Object;)V> (0x0000000711cc7990) thrown at [t:/workspace/open/src/hotspot/share/interpreter/linkResolve
Event: 0.129 Thread 0x00000239596ee000 Exception <a 'java/lang/NoSuchMethodError'{0x0000000711ccc9f8}: java.lang.invoke.DirectMethodHandle$Holder.invokeStaticInit(Ljava/lang/Object;Ljava/lang/Object;)I> (0x0000000711ccc9f8) thrown at [t:/workspace/open/src/hotspot/share/interpreter/linkResolve

Events (10 events):
Event: 0.804 loading class org/bytedeco/javacpp/Pointer$2
Event: 0.804 loading class org/bytedeco/javacpp/Pointer$2 done
Event: 0.805 loading class org/bytedeco/javacpp/annotation/Name
Event: 0.805 loading class org/bytedeco/javacpp/annotation/Name done
Event: 0.823 loading class org/bytedeco/javacpp/helper/opencv_core$AbstractCvMemStorage$ReleaseDeallocator
Event: 0.823 loading class org/bytedeco/javacpp/helper/opencv_core$AbstractCvMemStorage$ReleaseDeallocator done
Event: 0.862 loading class org/bytedeco/javacpp/helper/opencv_core$AbstractCvMat$1
Event: 0.862 loading class org/bytedeco/javacpp/helper/opencv_core$AbstractCvMat$1 done
Event: 0.863 loading class org/bytedeco/javacpp/helper/opencv_core$AbstractCvMat$2
Event: 0.863 loading class org/bytedeco/javacpp/helper/opencv_core$AbstractCvMat$2 done


Dynamic libraries:
0x00007ff7a4ec0000 - 0x00007ff7a4ecf000 	E:\Program Files\Java\jdk-12.0.1\bin\java.exe
0x00007ffdc3aa0000 - 0x00007ffdc3c81000 	C:\WINDOWS\SYSTEM32\ntdll.dll
0x00007ffdc18f0000 - 0x00007ffdc19a1000 	C:\WINDOWS\System32\KERNEL32.DLL
0x00007ffdc08c0000 - 0x00007ffdc0b33000 	C:\WINDOWS\System32\KERNELBASE.dll
0x00007ffdc0ba0000 - 0x00007ffdc0c98000 	C:\WINDOWS\System32\ucrtbase.dll
0x00007ffdb5010000 - 0x00007ffdb5026000 	E:\Program Files\Java\jdk-12.0.1\bin\VCRUNTIME140.dll
0x00007ffdb4ff0000 - 0x00007ffdb5008000 	E:\Program Files\Java\jdk-12.0.1\bin\jli.dll
0x00007ffdc1100000 - 0x00007ffdc11a1000 	C:\WINDOWS\System32\ADVAPI32.dll
0x00007ffdc3830000 - 0x00007ffdc38ce000 	C:\WINDOWS\System32\msvcrt.dll
0x00007ffdc2000000 - 0x00007ffdc205b000 	C:\WINDOWS\System32\sechost.dll
0x00007ffdc1210000 - 0x00007ffdc1334000 	C:\WINDOWS\System32\RPCRT4.dll
0x00007ffdc19b0000 - 0x00007ffdc1b40000 	C:\WINDOWS\System32\USER32.dll
0x00007ffdb06f0000 - 0x00007ffdb0959000 	C:\WINDOWS\WinSxS\amd64_microsoft.windows.common-controls_6595b64144ccf1df_6.0.17134.765_none_fb42a1a930655896\COMCTL32.dll
0x00007ffdc0ca0000 - 0x00007ffdc0cc0000 	C:\WINDOWS\System32\win32u.dll
0x00007ffdc1b40000 - 0x00007ffdc1e62000 	C:\WINDOWS\System32\combase.dll
0x00007ffdc13a0000 - 0x00007ffdc13c8000 	C:\WINDOWS\System32\GDI32.dll
0x00007ffdc0cc0000 - 0x00007ffdc0d3a000 	C:\WINDOWS\System32\bcryptPrimitives.dll
0x00007ffdc0d90000 - 0x00007ffdc0f22000 	C:\WINDOWS\System32\gdi32full.dll
0x00007ffdc0770000 - 0x00007ffdc080f000 	C:\WINDOWS\System32\msvcp_win.dll
0x00007ffdba1d0000 - 0x00007ffdba1da000 	C:\WINDOWS\SYSTEM32\VERSION.dll
0x00007ffdc1020000 - 0x00007ffdc104d000 	C:\WINDOWS\System32\IMM32.DLL
0x00007ffd8e7b0000 - 0x00007ffd8e85a000 	E:\Program Files\Java\jdk-12.0.1\bin\msvcp140.dll
0x00007ffd497f0000 - 0x00007ffd4a364000 	E:\Program Files\Java\jdk-12.0.1\bin\server\jvm.dll
0x00007ffdc3650000 - 0x00007ffdc3658000 	C:\WINDOWS\System32\PSAPI.DLL
0x00007ffdb2890000 - 0x00007ffdb2899000 	C:\WINDOWS\SYSTEM32\WSOCK32.dll
0x00007ffdb57a0000 - 0x00007ffdb57c3000 	C:\WINDOWS\SYSTEM32\WINMM.dll
0x00007ffdc37c0000 - 0x00007ffdc382c000 	C:\WINDOWS\System32\WS2_32.dll
0x00007ffdb5770000 - 0x00007ffdb579a000 	C:\WINDOWS\SYSTEM32\winmmbase.dll
0x00007ffdc0d40000 - 0x00007ffdc0d89000 	C:\WINDOWS\System32\cfgmgr32.dll
0x00007ffdbfe30000 - 0x00007ffdbfe41000 	C:\WINDOWS\System32\kernel.appcore.dll
0x00007ffdb4fd0000 - 0x00007ffdb4fe1000 	E:\Program Files\Java\jdk-12.0.1\bin\verify.dll
0x00007ffdbe820000 - 0x00007ffdbe9e9000 	C:\WINDOWS\SYSTEM32\DBGHELP.DLL
0x00007ffdb1760000 - 0x00007ffdb1789000 	C:\WINDOWS\SYSTEM32\dbgcore.DLL
0x00007ffdb4fa0000 - 0x00007ffdb4fc6000 	E:\Program Files\Java\jdk-12.0.1\bin\java.dll
0x00007ffdbce30000 - 0x00007ffdbce3e000 	E:\Program Files\Java\jdk-12.0.1\bin\instrument.dll
0x00007ffdb4e00000 - 0x00007ffdb4e17000 	E:\Program Files\Java\jdk-12.0.1\bin\zip.dll
0x00007ffdbb7f0000 - 0x00007ffdbb7fa000 	E:\Program Files\Java\jdk-12.0.1\bin\jimage.dll
0x00007ffdc2120000 - 0x00007ffdc3560000 	C:\WINDOWS\System32\SHELL32.dll
0x00007ffdc1050000 - 0x00007ffdc10f9000 	C:\WINDOWS\System32\shcore.dll
0x00007ffdbfe70000 - 0x00007ffdc057d000 	C:\WINDOWS\System32\windows.storage.dll
0x00007ffdc1340000 - 0x00007ffdc1391000 	C:\WINDOWS\System32\shlwapi.dll
0x00007ffdbfe10000 - 0x00007ffdbfe2f000 	C:\WINDOWS\System32\profapi.dll
0x00007ffdbfdc0000 - 0x00007ffdbfe0c000 	C:\WINDOWS\System32\powrprof.dll
0x00007ffdbfdb0000 - 0x00007ffdbfdba000 	C:\WINDOWS\System32\FLTLIB.DLL
0x00007ffdb4de0000 - 0x00007ffdb4df9000 	E:\Program Files\Java\jdk-12.0.1\bin\net.dll
0x00007ffdb8180000 - 0x00007ffdb825d000 	C:\WINDOWS\SYSTEM32\WINHTTP.dll
0x00007ffdb7630000 - 0x00007ffdb77f8000 	C:\WINDOWS\SYSTEM32\urlmon.dll
0x00007ffdb2b30000 - 0x00007ffdb2dd7000 	C:\WINDOWS\SYSTEM32\iertutil.dll
0x00007ffdbf7e0000 - 0x00007ffdbf7eb000 	C:\WINDOWS\SYSTEM32\CRYPTBASE.DLL
0x00007ffdbf630000 - 0x00007ffdbf696000 	C:\WINDOWS\system32\mswsock.dll
0x00007ffdaf660000 - 0x00007ffdaf673000 	E:\Program Files\Java\jdk-12.0.1\bin\nio.dll
0x00007ffdab7e0000 - 0x00007ffdab7fa000 	E:\Program Files\JetBrains\IntelliJ IDEA Community Edition 2019.1.3\bin\breakgen64.dll
0x00007ffd7b940000 - 0x00007ffd7ba2f000 	C:\Users\Tam\AppData\Local\Temp\javacpp274360283342376\msvcr120.dll
0x00007ffd7bda0000 - 0x00007ffd7be46000 	C:\Users\Tam\AppData\Local\Temp\javacpp274360283342376\msvcp120.dll
0x00007ffd5b3b0000 - 0x00007ffd5b631000 	C:\Users\Tam\AppData\Local\Temp\javacpp274360283342376\opencv_core300.dll
0x00007ffd5a190000 - 0x00007ffd5a50f000 	C:\Users\Tam\AppData\Local\Temp\javacpp274360283342376\opencv_imgproc300.dll
0x00007ffd60d50000 - 0x00007ffd60f08000 	C:\Users\Tam\AppData\Local\Temp\javacpp274360283342376\jniopencv_core.dll
0x00007ffd7bc80000 - 0x00007ffd7bd25000 	C:\Users\Tam\AppData\Local\Temp\javacpp274360283342376\jniopencv_imgproc.dll
0x00007ffd599d0000 - 0x00007ffd59c87000 	C:\Users\Tam\AppData\Local\Temp\javacpp274360283342376\opencv_imgcodecs300.dll
0x00007ffdab670000 - 0x00007ffdab68b000 	C:\Users\Tam\AppData\Local\Temp\javacpp274360283342376\jniopencv_imgcodecs.dll

dbghelp: loaded successfully - version: 4.0.5 - missing functions: none
symbol engine: initialized successfully - sym options: 0x614 - pdb path: .;E:\Program Files\Java\jdk-12.0.1\bin;C:\WINDOWS\SYSTEM32;C:\WINDOWS\WinSxS\amd64_microsoft.windows.common-controls_6595b64144ccf1df_6.0.17134.765_none_fb42a1a930655896;E:\Program Files\Java\jdk-12.0.1\bin\server;E:\Program Files\JetBrains\IntelliJ IDEA Community Edition 2019.1.3\bin;C:\Users\Tam\AppData\Local\Temp\javacpp274360283342376

VM Arguments:
jvm_args: -javaagent:E:\Program Files\JetBrains\IntelliJ IDEA Community Edition 2019.1.3\lib\idea_rt.jar=58882:E:\Program Files\JetBrains\IntelliJ IDEA Community Edition 2019.1.3\bin -Dfile.encoding=UTF-8 
java_command: TestReceiptReader
java_class_path (initial): D:\Projects\financelog\jocr\target\test-classes;D:\Projects\financelog\jocr\target\classes;C:\Users\Tam\.m2\repository\org\bytedeco\javacv\1.1\javacv-1.1.jar;C:\Users\Tam\.m2\repository\org\bytedeco\javacpp\1.1\javacpp-1.1.jar;C:\Users\Tam\.m2\repository\org\bytedeco\javacpp-presets\opencv\3.0.0-1.1\opencv-3.0.0-1.1.jar;C:\Users\Tam\.m2\repository\org\bytedeco\javacpp-presets\opencv\3.0.0-1.1\opencv-3.0.0-1.1-windows-x86_64.jar;C:\Users\Tam\.m2\repository\org\bytedeco\javacpp-presets\ffmpeg\2.8.1-1.1\ffmpeg-2.8.1-1.1.jar;C:\Users\Tam\.m2\repository\org\bytedeco\javacpp-presets\ffmpeg\2.8.1-1.1\ffmpeg-2.8.1-1.1-windows-x86_64.jar;C:\Users\Tam\.m2\repository\org\bytedeco\javacpp-presets\flycapture\2.8.3.1-1.1\flycapture-2.8.3.1-1.1.jar;C:\Users\Tam\.m2\repository\org\bytedeco\javacpp-presets\flycapture\2.8.3.1-1.1\flycapture-2.8.3.1-1.1-windows-x86_64.jar;C:\Users\Tam\.m2\repository\org\bytedeco\javacpp-presets\libdc1394\2.2.3-1.1\libdc1394-2.2.3-1.1.jar;C:\Users\Tam\.m2\repository\org\bytedeco\javacpp-presets\libdc1394\2.2.3-1.1\libdc1394-2.2.3-1.1-windows-x86_64.jar;C:\Users\Tam\.m2\repository\org\bytedeco\javacpp-presets\libfreenect\0.5.3-1.1\libfreenect-0.5.3-1.1.jar;C:\Users\Tam\.m2\repository\org\bytedeco\javacpp-presets\libfreenect\0.5.3-1.1\libfreenect-0.5.3-1.1-windows-x86_64.jar;C:\Users\Tam\.m2\repository\org\bytedeco\javacpp-presets\videoinput\0.200-1.1\videoinput-0.200-1.1.jar;C:\Users\Tam\.m2\repository\org\bytedeco\javacpp-presets\videoinput\0.200-1.1\videoinput-0.200-1.1-windows-x86_64.jar;C:\Users\Tam\.m2\repository\org\bytedeco\javacpp-presets\artoolkitplus\2.3.1-1.1\artoolkitplus-2.3.1-1.1.jar;C:\Users\Tam\.m2\repository\org\bytedeco\javacpp-presets\artoolkitplus\2.3.1-1.1\artoolkitplus-2.3.1-1.1-windows-x86_64.jar;C:\Users\Tam\.m2\repository\org\bytedeco\javacpp-presets\flandmark\1.07-1.1\flandmark-1.07-1.1.jar;C:\Users\Tam\.m2\repository\org\bytedeco\javacpp-presets\flandmark\1.07-1.1\flandmark-1.07-1.1-windows-x86_64.
Launcher Type: SUN_STANDARD

[Global flags]
     intx CICompilerCount                          = 4                                         {product} {ergonomic}
     uint ConcGCThreads                            = 3                                         {product} {ergonomic}
     uint G1ConcRefinementThreads                  = 10                                        {product} {ergonomic}
   size_t G1HeapRegionSize                         = 1048576                                   {product} {ergonomic}
    uintx GCDrainStackTargetSize                   = 64                                        {product} {ergonomic}
   size_t InitialHeapSize                          = 266338304                                 {product} {ergonomic}
   size_t MarkStackSize                            = 4194304                                   {product} {ergonomic}
   size_t MaxHeapSize                              = 4259315712                                {product} {ergonomic}
   size_t MaxNewSize                               = 2555379712                                {product} {ergonomic}
   size_t MinHeapDeltaBytes                        = 1048576                                   {product} {ergonomic}
    uintx NonNMethodCodeHeapSize                   = 5836300                                {pd product} {ergonomic}
    uintx NonProfiledCodeHeapSize                  = 122910970                              {pd product} {ergonomic}
    uintx ProfiledCodeHeapSize                     = 122910970                              {pd product} {ergonomic}
    uintx ReservedCodeCacheSize                    = 251658240                              {pd product} {ergonomic}
     bool SegmentedCodeCache                       = true                                      {product} {ergonomic}
     bool UseCompressedClassPointers               = true                                 {lp64_product} {ergonomic}
     bool UseCompressedOops                        = true                                 {lp64_product} {ergonomic}
     bool UseG1GC                                  = true                                      {product} {ergonomic}
     bool UseLargePagesIndividualAllocation        = false                                  {pd product} {ergonomic}

Logging:
Log output configuration:
 #0: stdout all=warning uptime,level,tags
 #1: stderr all=off uptime,level,tags

Environment Variables:
JAVA_HOME=E:\Program Files\Java\jdk1.8.0_201\bin
PATH=D:\Program Files\ffmpeg\bin;path\to\ffmpeg\bin;C:\Program Files (x86)\Common Files\Oracle\Java\javapath;C:\Program Files (x86)\Intel\Intel(R) Management Engine Components\iCLS\;C:\Program Files\Intel\Intel(R) Management Engine Components\iCLS\;C:\Windows\system32;C:\Windows;C:\Windows\System32\Wbem;C:\Windows\System32\WindowsPowerShell\v1.0\;C:\Program Files (x86)\NVIDIA Corporation\PhysX\Common;C:\Program Files (x86)\Intel\Intel(R) Management Engine Components\DAL;C:\Program Files\Intel\Intel(R) Management Engine Components\DAL;C:\Program Files (x86)\Intel\Intel(R) Management Engine Components\IPT;C:\Program Files\Intel\Intel(R) Management Engine Components\IPT;C:\Program Files\Intel\WiFi\bin\;C:\Program Files\Common Files\Intel\WirelessCommon\;C:\WINDOWS\system32;C:\WINDOWS;C:\WINDOWS\System32\Wbem;C:\WINDOWS\System32\WindowsPowerShell\v1.0\;C:\WINDOWS\System32\OpenSSH\;C:\Program Files\NVIDIA Corporation\NVIDIA NvDLISR;E:\Users\Tam\Anaconda;E:\Users\Tam\Anaconda3\Scripts;E:\Program Files\Java\jdk1.8.0_201\bin
USERNAME=Tam
OS=Windows_NT
PROCESSOR_IDENTIFIER=Intel64 Family 6 Model 158 Stepping 10, GenuineIntel



---------------  S Y S T E M  ---------------

OS: Windows 10 , 64 bit Build 17134 (10.0.17134.753)

CPU:total 12 (initial active 12) (6 cores per cpu, 2 threads per core) family 6 model 158 stepping 10, cmov, cx8, fxsr, mmx, sse, sse2, sse3, ssse3, sse4.1, sse4.2, popcnt, avx, avx2, aes, clmul, erms, 3dnowpref, lzcnt, ht, tsc, tscinvbit, bmi1, bmi2, adx, fma

Memory: 4k page, system-wide physical 16243M (7096M free)
TotalPageFile size 22387M (AvailPageFile size 5555M)
current process WorkingSet (physical memory assigned to process): 141M, peak: 141M
current process commit charge ("private bytes"): 435M, peak: 435M

vm_info: Java HotSpot(TM) 64-Bit Server VM (12.0.1+12) for windows-amd64 JRE (12.0.1+12), built on Apr  2 2019 14:02:19 by "mach5one" with MS VC++ 15.5 (VS2017)

END.
